[2.600s] Invoking command in '/home/yuto/happymini_voice_offline/src/happymini_ros2/happymini_voice/speech_service': PYTHONPATH=/home/yuto/happymini_voice_offline/build/speech_service/prefix_override:/home/yuto/happymini_voice_offline/install/speech_service/lib/python3.10/site-packages:${PYTHONPATH} /usr/bin/python3 setup.py egg_info --egg-base ../../../../build/speech_service build --build-base /home/yuto/happymini_voice_offline/build/speech_service/build install --record /home/yuto/happymini_voice_offline/build/speech_service/install.log --install-scripts $base/lib/speech_service --single-version-externally-managed
[2.896s] /home/yuto/.local/lib/python3.10/site-packages/setuptools/dist.py:788: UserWarning: Usage of dash-separated 'script-dir' will not be supported in future versions. Please use the underscore name 'script_dir' instead
[2.896s]   warnings.warn(
[3.015s] running egg_info
[3.016s] creating ../../../../build/speech_service/speech_service.egg-info
[3.032s] writing ../../../../build/speech_service/speech_service.egg-info/PKG-INFO
[3.033s] writing dependency_links to ../../../../build/speech_service/speech_service.egg-info/dependency_links.txt
[3.033s] writing entry points to ../../../../build/speech_service/speech_service.egg-info/entry_points.txt
[3.033s] writing requirements to ../../../../build/speech_service/speech_service.egg-info/requires.txt
[3.033s] writing top-level names to ../../../../build/speech_service/speech_service.egg-info/top_level.txt
[3.033s] writing manifest file '../../../../build/speech_service/speech_service.egg-info/SOURCES.txt'
[3.070s] reading manifest file '../../../../build/speech_service/speech_service.egg-info/SOURCES.txt'
[3.070s] adding license file 'LICENSE'
[3.072s] writing manifest file '../../../../build/speech_service/speech_service.egg-info/SOURCES.txt'
[3.072s] running build
[3.072s] running build_py
[3.072s] creating /home/yuto/happymini_voice_offline/build/speech_service/build
[3.072s] creating /home/yuto/happymini_voice_offline/build/speech_service/build/lib
[3.072s] creating /home/yuto/happymini_voice_offline/build/speech_service/build/lib/speech_service
[3.072s] copying speech_service/client.py -> /home/yuto/happymini_voice_offline/build/speech_service/build/lib/speech_service
[3.078s] copying speech_service/speech_service.py -> /home/yuto/happymini_voice_offline/build/speech_service/build/lib/speech_service
[3.080s] running install
[3.081s] /home/yuto/.local/lib/python3.10/site-packages/setuptools/command/install.py:34: SetuptoolsDeprecationWarning: setup.py install is deprecated. Use build and pip and other standards-based tools.
[3.082s]   warnings.warn(
[3.087s] running install_lib
[3.102s] creating /home/yuto/happymini_voice_offline/install/speech_service/lib/python3.10/site-packages/speech_service
[3.102s] copying /home/yuto/happymini_voice_offline/build/speech_service/build/lib/speech_service/client.py -> /home/yuto/happymini_voice_offline/install/speech_service/lib/python3.10/site-packages/speech_service
[3.102s] copying /home/yuto/happymini_voice_offline/build/speech_service/build/lib/speech_service/speech_service.py -> /home/yuto/happymini_voice_offline/install/speech_service/lib/python3.10/site-packages/speech_service
[3.102s] byte-compiling /home/yuto/happymini_voice_offline/install/speech_service/lib/python3.10/site-packages/speech_service/client.py to client.cpython-310.pyc
[3.103s] byte-compiling /home/yuto/happymini_voice_offline/install/speech_service/lib/python3.10/site-packages/speech_service/speech_service.py to speech_service.cpython-310.pyc
[3.104s] running install_data
[3.121s] creating /home/yuto/happymini_voice_offline/install/speech_service/share/ament_index
[3.121s] creating /home/yuto/happymini_voice_offline/install/speech_service/share/ament_index/resource_index
[3.121s] creating /home/yuto/happymini_voice_offline/install/speech_service/share/ament_index/resource_index/packages
[3.121s] copying resource/speech_service -> /home/yuto/happymini_voice_offline/install/speech_service/share/ament_index/resource_index/packages
[3.121s] copying package.xml -> /home/yuto/happymini_voice_offline/install/speech_service/share/speech_service
[3.121s] running install_egg_info
[3.140s] Copying ../../../../build/speech_service/speech_service.egg-info to /home/yuto/happymini_voice_offline/install/speech_service/lib/python3.10/site-packages/speech_service-0.0.0-py3.10.egg-info
[3.141s] running install_scripts
[3.387s] Installing client script to /home/yuto/happymini_voice_offline/install/speech_service/lib/speech_service
[3.387s] Installing speech_service script to /home/yuto/happymini_voice_offline/install/speech_service/lib/speech_service
[3.388s] writing list of installed files to '/home/yuto/happymini_voice_offline/build/speech_service/install.log'
[3.431s] Invoked command in '/home/yuto/happymini_voice_offline/src/happymini_ros2/happymini_voice/speech_service' returned '0': PYTHONPATH=/home/yuto/happymini_voice_offline/build/speech_service/prefix_override:/home/yuto/happymini_voice_offline/install/speech_service/lib/python3.10/site-packages:${PYTHONPATH} /usr/bin/python3 setup.py egg_info --egg-base ../../../../build/speech_service build --build-base /home/yuto/happymini_voice_offline/build/speech_service/build install --record /home/yuto/happymini_voice_offline/build/speech_service/install.log --install-scripts $base/lib/speech_service --single-version-externally-managed
