running egg_info
creating ../../../build/happymini_teleop/happymini_teleop.egg-info
writing ../../../build/happymini_teleop/happymini_teleop.egg-info/PKG-INFO
writing dependency_links to ../../../build/happymini_teleop/happymini_teleop.egg-info/dependency_links.txt
writing entry points to ../../../build/happymini_teleop/happymini_teleop.egg-info/entry_points.txt
writing requirements to ../../../build/happymini_teleop/happymini_teleop.egg-info/requires.txt
writing top-level names to ../../../build/happymini_teleop/happymini_teleop.egg-info/top_level.txt
writing manifest file '../../../build/happymini_teleop/happymini_teleop.egg-info/SOURCES.txt'
reading manifest file '../../../build/happymini_teleop/happymini_teleop.egg-info/SOURCES.txt'
writing manifest file '../../../build/happymini_teleop/happymini_teleop.egg-info/SOURCES.txt'
running build
running build_py
creating /home/yuto/happymini_voice_offline/build/happymini_teleop/build
creating /home/yuto/happymini_voice_offline/build/happymini_teleop/build/lib
creating /home/yuto/happymini_voice_offline/build/happymini_teleop/build/lib/happymini_teleop
copying happymini_teleop/__init__.py -> /home/yuto/happymini_voice_offline/build/happymini_teleop/build/lib/happymini_teleop
copying happymini_teleop/base_control.py -> /home/yuto/happymini_voice_offline/build/happymini_teleop/build/lib/happymini_teleop
copying happymini_teleop/output_odom.py -> /home/yuto/happymini_voice_offline/build/happymini_teleop/build/lib/happymini_teleop
running install
running install_lib
creating /home/yuto/happymini_voice_offline/install/happymini_teleop/lib/python3.10/site-packages/happymini_teleop
copying /home/yuto/happymini_voice_offline/build/happymini_teleop/build/lib/happymini_teleop/__init__.py -> /home/yuto/happymini_voice_offline/install/happymini_teleop/lib/python3.10/site-packages/happymini_teleop
copying /home/yuto/happymini_voice_offline/build/happymini_teleop/build/lib/happymini_teleop/base_control.py -> /home/yuto/happymini_voice_offline/install/happymini_teleop/lib/python3.10/site-packages/happymini_teleop
copying /home/yuto/happymini_voice_offline/build/happymini_teleop/build/lib/happymini_teleop/output_odom.py -> /home/yuto/happymini_voice_offline/install/happymini_teleop/lib/python3.10/site-packages/happymini_teleop
byte-compiling /home/yuto/happymini_voice_offline/install/happymini_teleop/lib/python3.10/site-packages/happymini_teleop/__init__.py to __init__.cpython-310.pyc
byte-compiling /home/yuto/happymini_voice_offline/install/happymini_teleop/lib/python3.10/site-packages/happymini_teleop/base_control.py to base_control.cpython-310.pyc
byte-compiling /home/yuto/happymini_voice_offline/install/happymini_teleop/lib/python3.10/site-packages/happymini_teleop/output_odom.py to output_odom.cpython-310.pyc
running install_data
creating /home/yuto/happymini_voice_offline/install/happymini_teleop/share/ament_index
creating /home/yuto/happymini_voice_offline/install/happymini_teleop/share/ament_index/resource_index
creating /home/yuto/happymini_voice_offline/install/happymini_teleop/share/ament_index/resource_index/packages
copying resource/happymini_teleop -> /home/yuto/happymini_voice_offline/install/happymini_teleop/share/ament_index/resource_index/packages
copying package.xml -> /home/yuto/happymini_voice_offline/install/happymini_teleop/share/happymini_teleop
running install_egg_info
Copying ../../../build/happymini_teleop/happymini_teleop.egg-info to /home/yuto/happymini_voice_offline/install/happymini_teleop/lib/python3.10/site-packages/happymini_teleop-0.0.0-py3.10.egg-info
running install_scripts
Installing base_control script to /home/yuto/happymini_voice_offline/install/happymini_teleop/lib/happymini_teleop
Installing output_odom script to /home/yuto/happymini_voice_offline/install/happymini_teleop/lib/happymini_teleop
writing list of installed files to '/home/yuto/happymini_voice_offline/build/happymini_teleop/install.log'
