running egg_info
writing ../../../build/grasp_bag/grasp_bag.egg-info/PKG-INFO
writing dependency_links to ../../../build/grasp_bag/grasp_bag.egg-info/dependency_links.txt
writing entry points to ../../../build/grasp_bag/grasp_bag.egg-info/entry_points.txt
writing requirements to ../../../build/grasp_bag/grasp_bag.egg-info/requires.txt
writing top-level names to ../../../build/grasp_bag/grasp_bag.egg-info/top_level.txt
reading manifest file '../../../build/grasp_bag/grasp_bag.egg-info/SOURCES.txt'
writing manifest file '../../../build/grasp_bag/grasp_bag.egg-info/SOURCES.txt'
running build
running build_py
running install
running install_lib
running install_data
running install_egg_info
removing '/home/yuto/happymini_voice_offline/install/grasp_bag/lib/python3.10/site-packages/grasp_bag-0.0.0-py3.10.egg-info' (and everything under it)
Copying ../../../build/grasp_bag/grasp_bag.egg-info to /home/yuto/happymini_voice_offline/install/grasp_bag/lib/python3.10/site-packages/grasp_bag-0.0.0-py3.10.egg-info
running install_scripts
Installing bag_localization_node script to /home/yuto/happymini_voice_offline/install/grasp_bag/lib/grasp_bag
Installing grasp_bag_server script to /home/yuto/happymini_voice_offline/install/grasp_bag/lib/grasp_bag
Installing scan_data_sensing_node script to /home/yuto/happymini_voice_offline/install/grasp_bag/lib/grasp_bag
Installing test_node script to /home/yuto/happymini_voice_offline/install/grasp_bag/lib/grasp_bag
writing list of installed files to '/home/yuto/happymini_voice_offline/build/grasp_bag/install.log'
