[11.364s] Invoking command in '/home/yuto/happymini_voice_offline/src/happymini_ros2/grasp_bag': PYTHONPATH=/home/yuto/happymini_voice_offline/build/grasp_bag/prefix_override:/home/yuto/happymini_voice_offline/install/grasp_bag/lib/python3.10/site-packages:${PYTHONPATH} /usr/bin/python3 setup.py egg_info --egg-base ../../../build/grasp_bag build --build-base /home/yuto/happymini_voice_offline/build/grasp_bag/build install --record /home/yuto/happymini_voice_offline/build/grasp_bag/install.log --single-version-externally-managed
[12.445s] running egg_info
[12.511s] writing ../../../build/grasp_bag/grasp_bag.egg-info/PKG-INFO
[12.517s] writing dependency_links to ../../../build/grasp_bag/grasp_bag.egg-info/dependency_links.txt
[12.528s] writing entry points to ../../../build/grasp_bag/grasp_bag.egg-info/entry_points.txt
[12.535s] writing requirements to ../../../build/grasp_bag/grasp_bag.egg-info/requires.txt
[12.542s] writing top-level names to ../../../build/grasp_bag/grasp_bag.egg-info/top_level.txt
[12.794s] reading manifest file '../../../build/grasp_bag/grasp_bag.egg-info/SOURCES.txt'
[12.809s] writing manifest file '../../../build/grasp_bag/grasp_bag.egg-info/SOURCES.txt'
[12.809s] running build
[12.810s] running build_py
[12.838s] running install
[12.840s] /home/yuto/.local/lib/python3.10/site-packages/setuptools/command/install.py:34: SetuptoolsDeprecationWarning: setup.py install is deprecated. Use build and pip and other standards-based tools.
[12.840s]   warnings.warn(
[12.864s] running install_lib
[12.934s] running install_data
[13.060s] running install_egg_info
[13.150s] removing '/home/yuto/happymini_voice_offline/install/grasp_bag/lib/python3.10/site-packages/grasp_bag-0.0.0-py3.10.egg-info' (and everything under it)
[13.151s] Copying ../../../build/grasp_bag/grasp_bag.egg-info to /home/yuto/happymini_voice_offline/install/grasp_bag/lib/python3.10/site-packages/grasp_bag-0.0.0-py3.10.egg-info
[13.162s] running install_scripts
[13.953s] Installing bag_localization_node script to /home/yuto/happymini_voice_offline/install/grasp_bag/lib/grasp_bag
[13.966s] Installing grasp_bag_server script to /home/yuto/happymini_voice_offline/install/grasp_bag/lib/grasp_bag
[13.976s] Installing scan_data_sensing_node script to /home/yuto/happymini_voice_offline/install/grasp_bag/lib/grasp_bag
[13.983s] Installing test_node script to /home/yuto/happymini_voice_offline/install/grasp_bag/lib/grasp_bag
[13.993s] writing list of installed files to '/home/yuto/happymini_voice_offline/build/grasp_bag/install.log'
[14.118s] Invoked command in '/home/yuto/happymini_voice_offline/src/happymini_ros2/grasp_bag' returned '0': PYTHONPATH=/home/yuto/happymini_voice_offline/build/grasp_bag/prefix_override:/home/yuto/happymini_voice_offline/install/grasp_bag/lib/python3.10/site-packages:${PYTHONPATH} /usr/bin/python3 setup.py egg_info --egg-base ../../../build/grasp_bag build --build-base /home/yuto/happymini_voice_offline/build/grasp_bag/build install --record /home/yuto/happymini_voice_offline/build/grasp_bag/install.log --single-version-externally-managed
