[  2%] Built target happymini_msgs__cpp
[ 12%] Built target happymini_msgs__rosidl_generator_c
[ 12%] Built target ament_cmake_python_copy_happymini_msgs
[ 34%] Built target happymini_msgs__rosidl_typesupport_fastrtps_cpp
[ 34%] Built target happymini_msgs__rosidl_typesupport_cpp
[ 44%] Built target happymini_msgs__rosidl_typesupport_introspection_cpp
[ 55%] Built target happymini_msgs__rosidl_typesupport_c
[ 57%] [32mBuilding C object CMakeFiles/happymini_msgs__rosidl_typesupport_introspection_c.dir/rosidl_typesupport_introspection_c/happymini_msgs/srv/detail/bag_localization__type_support.c.o[0m
[ 59%] [32mBuilding C object CMakeFiles/happymini_msgs__rosidl_typesupport_introspection_c.dir/rosidl_typesupport_introspection_c/happymini_msgs/action/detail/grasp_bag__type_support.c.o[0m
[ 70%] Built target happymini_msgs__rosidl_typesupport_fastrtps_c
[ 72%] [32m[1mLinking C shared library libhappymini_msgs__rosidl_typesupport_introspection_c.so[0m
[ 76%] Built target happymini_msgs__rosidl_typesupport_introspection_c
running egg_info
[ 76%] Built target happymini_msgs
writing happymini_msgs.egg-info/PKG-INFO
[ 78%] Built target happymini_msgs__py
writing dependency_links to happymini_msgs.egg-info/dependency_links.txt
writing top-level names to happymini_msgs.egg-info/top_level.txt
[ 87%] Built target happymini_msgs__rosidl_generator_py
[ 89%] [32m[1mLinking C shared library rosidl_generator_py/happymini_msgs/happymini_msgs_s__rosidl_typesupport_introspection_c.cpython-310-x86_64-linux-gnu.so[0m
[ 93%] Built target happymini_msgs__rosidl_typesupport_c__pyext
[ 97%] Built target happymini_msgs__rosidl_typesupport_fastrtps_c__pyext
reading manifest file 'happymini_msgs.egg-info/SOURCES.txt'
writing manifest file 'happymini_msgs.egg-info/SOURCES.txt'
[ 97%] Built target ament_cmake_python_build_happymini_msgs_egg
[100%] Built target happymini_msgs__rosidl_typesupport_introspection_c__pyext
-- Install configuration: ""
-- Up-to-date: /home/yuto/happymini_voice_offline/install/happymini_msgs/share/ament_index/resource_index/rosidl_interfaces/happymini_msgs
-- Up-to-date: /home/yuto/happymini_voice_offline/install/happymini_msgs/include/happymini_msgs/happymini_msgs
-- Up-to-date: /home/yuto/happymini_voice_offline/install/happymini_msgs/include/happymini_msgs/happymini_msgs/action
-- Up-to-date: /home/yuto/happymini_voice_offline/install/happymini_msgs/include/happymini_msgs/happymini_msgs/action/detail
-- Up-to-date: /home/yuto/happymini_voice_offline/install/happymini_msgs/include/happymini_msgs/happymini_msgs/action/detail/grasp_bag__functions.h
-- Up-to-date: /home/yuto/happymini_voice_offline/install/happymini_msgs/include/happymini_msgs/happymini_msgs/action/detail/grasp_bag__struct.h
-- Up-to-date: /home/yuto/happymini_voice_offline/install/happymini_msgs/include/happymini_msgs/happymini_msgs/action/detail/grasp_bag__type_support.h
-- Up-to-date: /home/yuto/happymini_voice_offline/install/happymini_msgs/include/happymini_msgs/happymini_msgs/action/detail/grasp_bag__functions.c
-- Up-to-date: /home/yuto/happymini_voice_offline/install/happymini_msgs/include/happymini_msgs/happymini_msgs/action/grasp_bag.h
-- Up-to-date: /home/yuto/happymini_voice_offline/install/happymini_msgs/include/happymini_msgs/happymini_msgs/msg
-- Up-to-date: /home/yuto/happymini_voice_offline/install/happymini_msgs/include/happymini_msgs/happymini_msgs/msg/rosidl_generator_c__visibility_control.h
-- Up-to-date: /home/yuto/happymini_voice_offline/install/happymini_msgs/include/happymini_msgs/happymini_msgs/srv
-- Up-to-date: /home/yuto/happymini_voice_offline/install/happymini_msgs/include/happymini_msgs/happymini_msgs/srv/detail
-- Up-to-date: /home/yuto/happymini_voice_offline/install/happymini_msgs/include/happymini_msgs/happymini_msgs/srv/detail/grasp_bag__functions.h
-- Up-to-date: /home/yuto/happymini_voice_offline/install/happymini_msgs/include/happymini_msgs/happymini_msgs/srv/detail/grasp_bag__struct.h
-- Up-to-date: /home/yuto/happymini_voice_offline/install/happymini_msgs/include/happymini_msgs/happymini_msgs/srv/detail/bag_localization__functions.h
-- Up-to-date: /home/yuto/happymini_voice_offline/install/happymini_msgs/include/happymini_msgs/happymini_msgs/srv/detail/bag_localization__functions.c
-- Up-to-date: /home/yuto/happymini_voice_offline/install/happymini_msgs/include/happymini_msgs/happymini_msgs/srv/detail/bag_localization__struct.h
-- Up-to-date: /home/yuto/happymini_voice_offline/install/happymini_msgs/include/happymini_msgs/happymini_msgs/srv/detail/bag_localization__type_support.h
-- Up-to-date: /home/yuto/happymini_voice_offline/install/happymini_msgs/include/happymini_msgs/happymini_msgs/srv/detail/grasp_bag__type_support.h
-- Up-to-date: /home/yuto/happymini_voice_offline/install/happymini_msgs/include/happymini_msgs/happymini_msgs/srv/detail/grasp_bag__functions.c
-- Up-to-date: /home/yuto/happymini_voice_offline/install/happymini_msgs/include/happymini_msgs/happymini_msgs/srv/bag_localization.h
-- Up-to-date: /home/yuto/happymini_voice_offline/install/happymini_msgs/include/happymini_msgs/happymini_msgs/srv/grasp_bag.h
-- Up-to-date: /home/yuto/happymini_voice_offline/install/happymini_msgs/share/happymini_msgs/environment/library_path.sh
-- Up-to-date: /home/yuto/happymini_voice_offline/install/happymini_msgs/share/happymini_msgs/environment/library_path.dsv
-- Up-to-date: /home/yuto/happymini_voice_offline/install/happymini_msgs/lib/libhappymini_msgs__rosidl_generator_c.so
-- Up-to-date: /home/yuto/happymini_voice_offline/install/happymini_msgs/include/happymini_msgs/happymini_msgs
-- Up-to-date: /home/yuto/happymini_voice_offline/install/happymini_msgs/include/happymini_msgs/happymini_msgs/action
-- Up-to-date: /home/yuto/happymini_voice_offline/install/happymini_msgs/include/happymini_msgs/happymini_msgs/action/detail
-- Up-to-date: /home/yuto/happymini_voice_offline/install/happymini_msgs/include/happymini_msgs/happymini_msgs/action/detail/grasp_bag__rosidl_typesupport_fastrtps_c.h
-- Up-to-date: /home/yuto/happymini_voice_offline/install/happymini_msgs/include/happymini_msgs/happymini_msgs/msg
-- Up-to-date: /home/yuto/happymini_voice_offline/install/happymini_msgs/include/happymini_msgs/happymini_msgs/msg/rosidl_typesupport_fastrtps_c__visibility_control.h
-- Up-to-date: /home/yuto/happymini_voice_offline/install/happymini_msgs/include/happymini_msgs/happymini_msgs/srv
-- Up-to-date: /home/yuto/happymini_voice_offline/install/happymini_msgs/include/happymini_msgs/happymini_msgs/srv/detail
-- Up-to-date: /home/yuto/happymini_voice_offline/install/happymini_msgs/include/happymini_msgs/happymini_msgs/srv/detail/bag_localization__rosidl_typesupport_fastrtps_c.h
-- Up-to-date: /home/yuto/happymini_voice_offline/install/happymini_msgs/include/happymini_msgs/happymini_msgs/srv/detail/grasp_bag__rosidl_typesupport_fastrtps_c.h
-- Up-to-date: /home/yuto/happymini_voice_offline/install/happymini_msgs/lib/libhappymini_msgs__rosidl_typesupport_fastrtps_c.so
-- Up-to-date: /home/yuto/happymini_voice_offline/install/happymini_msgs/include/happymini_msgs/happymini_msgs
-- Up-to-date: /home/yuto/happymini_voice_offline/install/happymini_msgs/include/happymini_msgs/happymini_msgs/action
-- Up-to-date: /home/yuto/happymini_voice_offline/install/happymini_msgs/include/happymini_msgs/happymini_msgs/action/detail
-- Up-to-date: /home/yuto/happymini_voice_offline/install/happymini_msgs/include/happymini_msgs/happymini_msgs/action/detail/grasp_bag__type_support.c
-- Installing: /home/yuto/happymini_voice_offline/install/happymini_msgs/include/happymini_msgs/happymini_msgs/action/detail/grasp_bag__rosidl_typesupport_introspection_c.h
-- Up-to-date: /home/yuto/happymini_voice_offline/install/happymini_msgs/include/happymini_msgs/happymini_msgs/msg
-- Up-to-date: /home/yuto/happymini_voice_offline/install/happymini_msgs/include/happymini_msgs/happymini_msgs/msg/rosidl_typesupport_introspection_c__visibility_control.h
-- Up-to-date: /home/yuto/happymini_voice_offline/install/happymini_msgs/include/happymini_msgs/happymini_msgs/srv
-- Up-to-date: /home/yuto/happymini_voice_offline/install/happymini_msgs/include/happymini_msgs/happymini_msgs/srv/detail
-- Installing: /home/yuto/happymini_voice_offline/install/happymini_msgs/include/happymini_msgs/happymini_msgs/srv/detail/bag_localization__rosidl_typesupport_introspection_c.h
-- Up-to-date: /home/yuto/happymini_voice_offline/install/happymini_msgs/include/happymini_msgs/happymini_msgs/srv/detail/grasp_bag__type_support.c
-- Up-to-date: /home/yuto/happymini_voice_offline/install/happymini_msgs/include/happymini_msgs/happymini_msgs/srv/detail/grasp_bag__rosidl_typesupport_introspection_c.h
-- Up-to-date: /home/yuto/happymini_voice_offline/install/happymini_msgs/include/happymini_msgs/happymini_msgs/srv/detail/bag_localization__type_support.c
-- Installing: /home/yuto/happymini_voice_offline/install/happymini_msgs/lib/libhappymini_msgs__rosidl_typesupport_introspection_c.so
-- Set runtime path of "/home/yuto/happymini_voice_offline/install/happymini_msgs/lib/libhappymini_msgs__rosidl_typesupport_introspection_c.so" to ""
-- Up-to-date: /home/yuto/happymini_voice_offline/install/happymini_msgs/lib/libhappymini_msgs__rosidl_typesupport_c.so
-- Up-to-date: /home/yuto/happymini_voice_offline/install/happymini_msgs/include/happymini_msgs/happymini_msgs
-- Up-to-date: /home/yuto/happymini_voice_offline/install/happymini_msgs/include/happymini_msgs/happymini_msgs/action
-- Up-to-date: /home/yuto/happymini_voice_offline/install/happymini_msgs/include/happymini_msgs/happymini_msgs/action/detail
-- Up-to-date: /home/yuto/happymini_voice_offline/install/happymini_msgs/include/happymini_msgs/happymini_msgs/action/detail/grasp_bag__builder.hpp
-- Up-to-date: /home/yuto/happymini_voice_offline/install/happymini_msgs/include/happymini_msgs/happymini_msgs/action/detail/grasp_bag__struct.hpp
-- Up-to-date: /home/yuto/happymini_voice_offline/install/happymini_msgs/include/happymini_msgs/happymini_msgs/action/detail/grasp_bag__traits.hpp
-- Up-to-date: /home/yuto/happymini_voice_offline/install/happymini_msgs/include/happymini_msgs/happymini_msgs/action/grasp_bag.hpp
-- Up-to-date: /home/yuto/happymini_voice_offline/install/happymini_msgs/include/happymini_msgs/happymini_msgs/srv
-- Up-to-date: /home/yuto/happymini_voice_offline/install/happymini_msgs/include/happymini_msgs/happymini_msgs/srv/detail
-- Up-to-date: /home/yuto/happymini_voice_offline/install/happymini_msgs/include/happymini_msgs/happymini_msgs/srv/detail/bag_localization__builder.hpp
-- Up-to-date: /home/yuto/happymini_voice_offline/install/happymini_msgs/include/happymini_msgs/happymini_msgs/srv/detail/grasp_bag__builder.hpp
-- Up-to-date: /home/yuto/happymini_voice_offline/install/happymini_msgs/include/happymini_msgs/happymini_msgs/srv/detail/grasp_bag__struct.hpp
-- Up-to-date: /home/yuto/happymini_voice_offline/install/happymini_msgs/include/happymini_msgs/happymini_msgs/srv/detail/bag_localization__traits.hpp
-- Up-to-date: /home/yuto/happymini_voice_offline/install/happymini_msgs/include/happymini_msgs/happymini_msgs/srv/detail/bag_localization__struct.hpp
-- Up-to-date: /home/yuto/happymini_voice_offline/install/happymini_msgs/include/happymini_msgs/happymini_msgs/srv/detail/grasp_bag__traits.hpp
-- Up-to-date: /home/yuto/happymini_voice_offline/install/happymini_msgs/include/happymini_msgs/happymini_msgs/srv/grasp_bag.hpp
-- Up-to-date: /home/yuto/happymini_voice_offline/install/happymini_msgs/include/happymini_msgs/happymini_msgs/srv/bag_localization.hpp
-- Up-to-date: /home/yuto/happymini_voice_offline/install/happymini_msgs/include/happymini_msgs/happymini_msgs
-- Up-to-date: /home/yuto/happymini_voice_offline/install/happymini_msgs/include/happymini_msgs/happymini_msgs/action
-- Up-to-date: /home/yuto/happymini_voice_offline/install/happymini_msgs/include/happymini_msgs/happymini_msgs/action/detail
-- Up-to-date: /home/yuto/happymini_voice_offline/install/happymini_msgs/include/happymini_msgs/happymini_msgs/action/detail/dds_fastrtps
-- Up-to-date: /home/yuto/happymini_voice_offline/install/happymini_msgs/include/happymini_msgs/happymini_msgs/action/detail/grasp_bag__rosidl_typesupport_fastrtps_cpp.hpp
-- Up-to-date: /home/yuto/happymini_voice_offline/install/happymini_msgs/include/happymini_msgs/happymini_msgs/msg
-- Up-to-date: /home/yuto/happymini_voice_offline/install/happymini_msgs/include/happymini_msgs/happymini_msgs/msg/rosidl_typesupport_fastrtps_cpp__visibility_control.h
-- Up-to-date: /home/yuto/happymini_voice_offline/install/happymini_msgs/include/happymini_msgs/happymini_msgs/srv
-- Up-to-date: /home/yuto/happymini_voice_offline/install/happymini_msgs/include/happymini_msgs/happymini_msgs/srv/detail
-- Up-to-date: /home/yuto/happymini_voice_offline/install/happymini_msgs/include/happymini_msgs/happymini_msgs/srv/detail/dds_fastrtps
-- Up-to-date: /home/yuto/happymini_voice_offline/install/happymini_msgs/include/happymini_msgs/happymini_msgs/srv/detail/grasp_bag__rosidl_typesupport_fastrtps_cpp.hpp
-- Up-to-date: /home/yuto/happymini_voice_offline/install/happymini_msgs/include/happymini_msgs/happymini_msgs/srv/detail/bag_localization__rosidl_typesupport_fastrtps_cpp.hpp
-- Up-to-date: /home/yuto/happymini_voice_offline/install/happymini_msgs/lib/libhappymini_msgs__rosidl_typesupport_fastrtps_cpp.so
-- Up-to-date: /home/yuto/happymini_voice_offline/install/happymini_msgs/include/happymini_msgs/happymini_msgs
-- Up-to-date: /home/yuto/happymini_voice_offline/install/happymini_msgs/include/happymini_msgs/happymini_msgs/action
-- Up-to-date: /home/yuto/happymini_voice_offline/install/happymini_msgs/include/happymini_msgs/happymini_msgs/action/detail
-- Up-to-date: /home/yuto/happymini_voice_offline/install/happymini_msgs/include/happymini_msgs/happymini_msgs/action/detail/grasp_bag__rosidl_typesupport_introspection_cpp.hpp
-- Up-to-date: /home/yuto/happymini_voice_offline/install/happymini_msgs/include/happymini_msgs/happymini_msgs/action/detail/grasp_bag__type_support.cpp
-- Up-to-date: /home/yuto/happymini_voice_offline/install/happymini_msgs/include/happymini_msgs/happymini_msgs/srv
-- Up-to-date: /home/yuto/happymini_voice_offline/install/happymini_msgs/include/happymini_msgs/happymini_msgs/srv/detail
-- Up-to-date: /home/yuto/happymini_voice_offline/install/happymini_msgs/include/happymini_msgs/happymini_msgs/srv/detail/bag_localization__rosidl_typesupport_introspection_cpp.hpp
-- Up-to-date: /home/yuto/happymini_voice_offline/install/happymini_msgs/include/happymini_msgs/happymini_msgs/srv/detail/grasp_bag__rosidl_typesupport_introspection_cpp.hpp
-- Up-to-date: /home/yuto/happymini_voice_offline/install/happymini_msgs/include/happymini_msgs/happymini_msgs/srv/detail/grasp_bag__type_support.cpp
-- Up-to-date: /home/yuto/happymini_voice_offline/install/happymini_msgs/include/happymini_msgs/happymini_msgs/srv/detail/bag_localization__type_support.cpp
-- Up-to-date: /home/yuto/happymini_voice_offline/install/happymini_msgs/lib/libhappymini_msgs__rosidl_typesupport_introspection_cpp.so
-- Up-to-date: /home/yuto/happymini_voice_offline/install/happymini_msgs/lib/libhappymini_msgs__rosidl_typesupport_cpp.so
-- Up-to-date: /home/yuto/happymini_voice_offline/install/happymini_msgs/share/happymini_msgs/environment/pythonpath.sh
-- Up-to-date: /home/yuto/happymini_voice_offline/install/happymini_msgs/share/happymini_msgs/environment/pythonpath.dsv
-- Up-to-date: /home/yuto/happymini_voice_offline/install/happymini_msgs/local/lib/python3.10/dist-packages/happymini_msgs-0.0.0-py3.10.egg-info
-- Installing: /home/yuto/happymini_voice_offline/install/happymini_msgs/local/lib/python3.10/dist-packages/happymini_msgs-0.0.0-py3.10.egg-info/dependency_links.txt
-- Installing: /home/yuto/happymini_voice_offline/install/happymini_msgs/local/lib/python3.10/dist-packages/happymini_msgs-0.0.0-py3.10.egg-info/top_level.txt
-- Installing: /home/yuto/happymini_voice_offline/install/happymini_msgs/local/lib/python3.10/dist-packages/happymini_msgs-0.0.0-py3.10.egg-info/SOURCES.txt
-- Installing: /home/yuto/happymini_voice_offline/install/happymini_msgs/local/lib/python3.10/dist-packages/happymini_msgs-0.0.0-py3.10.egg-info/PKG-INFO
-- Up-to-date: /home/yuto/happymini_voice_offline/install/happymini_msgs/local/lib/python3.10/dist-packages/happymini_msgs
-- Installing: /home/yuto/happymini_voice_offline/install/happymini_msgs/local/lib/python3.10/dist-packages/happymini_msgs/happymini_msgs_s__rosidl_typesupport_introspection_c.cpython-310-x86_64-linux-gnu.so
-- Up-to-date: /home/yuto/happymini_voice_offline/install/happymini_msgs/local/lib/python3.10/dist-packages/happymini_msgs/__init__.py
-- Up-to-date: /home/yuto/happymini_voice_offline/install/happymini_msgs/local/lib/python3.10/dist-packages/happymini_msgs/_happymini_msgs_s.ep.rosidl_typesupport_fastrtps_c.c
-- Up-to-date: /home/yuto/happymini_voice_offline/install/happymini_msgs/local/lib/python3.10/dist-packages/happymini_msgs/action
-- Up-to-date: /home/yuto/happymini_voice_offline/install/happymini_msgs/local/lib/python3.10/dist-packages/happymini_msgs/action/__init__.py
-- Up-to-date: /home/yuto/happymini_voice_offline/install/happymini_msgs/local/lib/python3.10/dist-packages/happymini_msgs/action/_grasp_bag_s.c
-- Up-to-date: /home/yuto/happymini_voice_offline/install/happymini_msgs/local/lib/python3.10/dist-packages/happymini_msgs/action/_grasp_bag.py
-- Up-to-date: /home/yuto/happymini_voice_offline/install/happymini_msgs/local/lib/python3.10/dist-packages/happymini_msgs/_happymini_msgs_s.ep.rosidl_typesupport_c.c
-- Up-to-date: /home/yuto/happymini_voice_offline/install/happymini_msgs/local/lib/python3.10/dist-packages/happymini_msgs/libhappymini_msgs__rosidl_generator_py.so
-- Up-to-date: /home/yuto/happymini_voice_offline/install/happymini_msgs/local/lib/python3.10/dist-packages/happymini_msgs/_happymini_msgs_s.ep.rosidl_typesupport_introspection_c.c
-- Up-to-date: /home/yuto/happymini_voice_offline/install/happymini_msgs/local/lib/python3.10/dist-packages/happymini_msgs/srv
-- Up-to-date: /home/yuto/happymini_voice_offline/install/happymini_msgs/local/lib/python3.10/dist-packages/happymini_msgs/srv/__init__.py
-- Up-to-date: /home/yuto/happymini_voice_offline/install/happymini_msgs/local/lib/python3.10/dist-packages/happymini_msgs/srv/_grasp_bag_s.c
-- Up-to-date: /home/yuto/happymini_voice_offline/install/happymini_msgs/local/lib/python3.10/dist-packages/happymini_msgs/srv/_grasp_bag.py
-- Up-to-date: /home/yuto/happymini_voice_offline/install/happymini_msgs/local/lib/python3.10/dist-packages/happymini_msgs/srv/_bag_localization.py
-- Up-to-date: /home/yuto/happymini_voice_offline/install/happymini_msgs/local/lib/python3.10/dist-packages/happymini_msgs/srv/_bag_localization_s.c
-- Up-to-date: /home/yuto/happymini_voice_offline/install/happymini_msgs/local/lib/python3.10/dist-packages/happymini_msgs/happymini_msgs_s__rosidl_typesupport_fastrtps_c.cpython-310-x86_64-linux-gnu.so
-- Up-to-date: /home/yuto/happymini_voice_offline/install/happymini_msgs/local/lib/python3.10/dist-packages/happymini_msgs/happymini_msgs_s__rosidl_typesupport_c.cpython-310-x86_64-linux-gnu.so
Listing '/home/yuto/happymini_voice_offline/install/happymini_msgs/local/lib/python3.10/dist-packages/happymini_msgs'...
Listing '/home/yuto/happymini_voice_offline/install/happymini_msgs/local/lib/python3.10/dist-packages/happymini_msgs/action'...
Listing '/home/yuto/happymini_voice_offline/install/happymini_msgs/local/lib/python3.10/dist-packages/happymini_msgs/srv'...
-- Up-to-date: /home/yuto/happymini_voice_offline/install/happymini_msgs/local/lib/python3.10/dist-packages/happymini_msgs/happymini_msgs_s__rosidl_typesupport_fastrtps_c.cpython-310-x86_64-linux-gnu.so
-- Installing: /home/yuto/happymini_voice_offline/install/happymini_msgs/local/lib/python3.10/dist-packages/happymini_msgs/happymini_msgs_s__rosidl_typesupport_introspection_c.cpython-310-x86_64-linux-gnu.so
-- Set runtime path of "/home/yuto/happymini_voice_offline/install/happymini_msgs/local/lib/python3.10/dist-packages/happymini_msgs/happymini_msgs_s__rosidl_typesupport_introspection_c.cpython-310-x86_64-linux-gnu.so" to ""
-- Up-to-date: /home/yuto/happymini_voice_offline/install/happymini_msgs/local/lib/python3.10/dist-packages/happymini_msgs/happymini_msgs_s__rosidl_typesupport_c.cpython-310-x86_64-linux-gnu.so
-- Up-to-date: /home/yuto/happymini_voice_offline/install/happymini_msgs/lib/libhappymini_msgs__rosidl_generator_py.so
-- Up-to-date: /home/yuto/happymini_voice_offline/install/happymini_msgs/share/happymini_msgs/srv/GraspBag.idl
-- Up-to-date: /home/yuto/happymini_voice_offline/install/happymini_msgs/share/happymini_msgs/srv/BagLocalization.idl
-- Up-to-date: /home/yuto/happymini_voice_offline/install/happymini_msgs/share/happymini_msgs/action/GraspBag.idl
-- Up-to-date: /home/yuto/happymini_voice_offline/install/happymini_msgs/share/happymini_msgs/srv/GraspBag.srv
-- Up-to-date: /home/yuto/happymini_voice_offline/install/happymini_msgs/share/happymini_msgs/srv/GraspBag_Request.msg
-- Up-to-date: /home/yuto/happymini_voice_offline/install/happymini_msgs/share/happymini_msgs/srv/GraspBag_Response.msg
-- Up-to-date: /home/yuto/happymini_voice_offline/install/happymini_msgs/share/happymini_msgs/srv/BagLocalization.srv
-- Up-to-date: /home/yuto/happymini_voice_offline/install/happymini_msgs/share/happymini_msgs/srv/BagLocalization_Request.msg
-- Up-to-date: /home/yuto/happymini_voice_offline/install/happymini_msgs/share/happymini_msgs/srv/BagLocalization_Response.msg
-- Up-to-date: /home/yuto/happymini_voice_offline/install/happymini_msgs/share/happymini_msgs/action/GraspBag.action
-- Up-to-date: /home/yuto/happymini_voice_offline/install/happymini_msgs/share/ament_index/resource_index/package_run_dependencies/happymini_msgs
-- Up-to-date: /home/yuto/happymini_voice_offline/install/happymini_msgs/share/ament_index/resource_index/parent_prefix_path/happymini_msgs
-- Up-to-date: /home/yuto/happymini_voice_offline/install/happymini_msgs/share/happymini_msgs/environment/ament_prefix_path.sh
-- Up-to-date: /home/yuto/happymini_voice_offline/install/happymini_msgs/share/happymini_msgs/environment/ament_prefix_path.dsv
-- Up-to-date: /home/yuto/happymini_voice_offline/install/happymini_msgs/share/happymini_msgs/environment/path.sh
-- Up-to-date: /home/yuto/happymini_voice_offline/install/happymini_msgs/share/happymini_msgs/environment/path.dsv
-- Up-to-date: /home/yuto/happymini_voice_offline/install/happymini_msgs/share/happymini_msgs/local_setup.bash
-- Up-to-date: /home/yuto/happymini_voice_offline/install/happymini_msgs/share/happymini_msgs/local_setup.sh
-- Up-to-date: /home/yuto/happymini_voice_offline/install/happymini_msgs/share/happymini_msgs/local_setup.zsh
-- Up-to-date: /home/yuto/happymini_voice_offline/install/happymini_msgs/share/happymini_msgs/local_setup.dsv
-- Installing: /home/yuto/happymini_voice_offline/install/happymini_msgs/share/happymini_msgs/package.dsv
-- Up-to-date: /home/yuto/happymini_voice_offline/install/happymini_msgs/share/ament_index/resource_index/packages/happymini_msgs
-- Up-to-date: /home/yuto/happymini_voice_offline/install/happymini_msgs/share/happymini_msgs/cmake/export_happymini_msgs__rosidl_generator_cExport.cmake
-- Up-to-date: /home/yuto/happymini_voice_offline/install/happymini_msgs/share/happymini_msgs/cmake/export_happymini_msgs__rosidl_generator_cExport-noconfig.cmake
-- Up-to-date: /home/yuto/happymini_voice_offline/install/happymini_msgs/share/happymini_msgs/cmake/export_happymini_msgs__rosidl_typesupport_fastrtps_cExport.cmake
-- Up-to-date: /home/yuto/happymini_voice_offline/install/happymini_msgs/share/happymini_msgs/cmake/export_happymini_msgs__rosidl_typesupport_fastrtps_cExport-noconfig.cmake
-- Up-to-date: /home/yuto/happymini_voice_offline/install/happymini_msgs/share/happymini_msgs/cmake/happymini_msgs__rosidl_typesupport_introspection_cExport.cmake
-- Up-to-date: /home/yuto/happymini_voice_offline/install/happymini_msgs/share/happymini_msgs/cmake/happymini_msgs__rosidl_typesupport_introspection_cExport-noconfig.cmake
-- Up-to-date: /home/yuto/happymini_voice_offline/install/happymini_msgs/share/happymini_msgs/cmake/happymini_msgs__rosidl_typesupport_cExport.cmake
-- Up-to-date: /home/yuto/happymini_voice_offline/install/happymini_msgs/share/happymini_msgs/cmake/happymini_msgs__rosidl_typesupport_cExport-noconfig.cmake
-- Up-to-date: /home/yuto/happymini_voice_offline/install/happymini_msgs/share/happymini_msgs/cmake/export_happymini_msgs__rosidl_generator_cppExport.cmake
-- Up-to-date: /home/yuto/happymini_voice_offline/install/happymini_msgs/share/happymini_msgs/cmake/export_happymini_msgs__rosidl_typesupport_fastrtps_cppExport.cmake
-- Up-to-date: /home/yuto/happymini_voice_offline/install/happymini_msgs/share/happymini_msgs/cmake/export_happymini_msgs__rosidl_typesupport_fastrtps_cppExport-noconfig.cmake
-- Up-to-date: /home/yuto/happymini_voice_offline/install/happymini_msgs/share/happymini_msgs/cmake/happymini_msgs__rosidl_typesupport_introspection_cppExport.cmake
-- Up-to-date: /home/yuto/happymini_voice_offline/install/happymini_msgs/share/happymini_msgs/cmake/happymini_msgs__rosidl_typesupport_introspection_cppExport-noconfig.cmake
-- Up-to-date: /home/yuto/happymini_voice_offline/install/happymini_msgs/share/happymini_msgs/cmake/happymini_msgs__rosidl_typesupport_cppExport.cmake
-- Up-to-date: /home/yuto/happymini_voice_offline/install/happymini_msgs/share/happymini_msgs/cmake/happymini_msgs__rosidl_typesupport_cppExport-noconfig.cmake
-- Up-to-date: /home/yuto/happymini_voice_offline/install/happymini_msgs/share/happymini_msgs/cmake/export_happymini_msgs__rosidl_generator_pyExport.cmake
-- Up-to-date: /home/yuto/happymini_voice_offline/install/happymini_msgs/share/happymini_msgs/cmake/export_happymini_msgs__rosidl_generator_pyExport-noconfig.cmake
-- Up-to-date: /home/yuto/happymini_voice_offline/install/happymini_msgs/share/happymini_msgs/cmake/rosidl_cmake-extras.cmake
-- Up-to-date: /home/yuto/happymini_voice_offline/install/happymini_msgs/share/happymini_msgs/cmake/ament_cmake_export_dependencies-extras.cmake
-- Up-to-date: /home/yuto/happymini_voice_offline/install/happymini_msgs/share/happymini_msgs/cmake/ament_cmake_export_include_directories-extras.cmake
-- Up-to-date: /home/yuto/happymini_voice_offline/install/happymini_msgs/share/happymini_msgs/cmake/ament_cmake_export_libraries-extras.cmake
-- Up-to-date: /home/yuto/happymini_voice_offline/install/happymini_msgs/share/happymini_msgs/cmake/ament_cmake_export_targets-extras.cmake
-- Up-to-date: /home/yuto/happymini_voice_offline/install/happymini_msgs/share/happymini_msgs/cmake/rosidl_cmake_export_typesupport_targets-extras.cmake
-- Up-to-date: /home/yuto/happymini_voice_offline/install/happymini_msgs/share/happymini_msgs/cmake/rosidl_cmake_export_typesupport_libraries-extras.cmake
-- Up-to-date: /home/yuto/happymini_voice_offline/install/happymini_msgs/share/happymini_msgs/cmake/happymini_msgsConfig.cmake
-- Up-to-date: /home/yuto/happymini_voice_offline/install/happymini_msgs/share/happymini_msgs/cmake/happymini_msgsConfig-version.cmake
-- Up-to-date: /home/yuto/happymini_voice_offline/install/happymini_msgs/share/happymini_msgs/package.xml
