running egg_info
writing ../../../build/happymini_teleop/happymini_teleop.egg-info/PKG-INFO
writing dependency_links to ../../../build/happymini_teleop/happymini_teleop.egg-info/dependency_links.txt
writing entry points to ../../../build/happymini_teleop/happymini_teleop.egg-info/entry_points.txt
writing requirements to ../../../build/happymini_teleop/happymini_teleop.egg-info/requires.txt
writing top-level names to ../../../build/happymini_teleop/happymini_teleop.egg-info/top_level.txt
reading manifest file '../../../build/happymini_teleop/happymini_teleop.egg-info/SOURCES.txt'
writing manifest file '../../../build/happymini_teleop/happymini_teleop.egg-info/SOURCES.txt'
running build
running build_py
running install
/home/yuto/.local/lib/python3.10/site-packages/setuptools/command/install.py:34: SetuptoolsDeprecationWarning: setup.py install is deprecated. Use build and pip and other standards-based tools.
  warnings.warn(
running install_lib
running install_data
running install_egg_info
removing '/home/yuto/happymini_voice_offline/install/happymini_teleop/lib/python3.10/site-packages/happymini_teleop-0.0.0-py3.10.egg-info' (and everything under it)
Copying ../../../build/happymini_teleop/happymini_teleop.egg-info to /home/yuto/happymini_voice_offline/install/happymini_teleop/lib/python3.10/site-packages/happymini_teleop-0.0.0-py3.10.egg-info
running install_scripts
Installing base_control script to /home/yuto/happymini_voice_offline/install/happymini_teleop/lib/happymini_teleop
Installing output_odom script to /home/yuto/happymini_voice_offline/install/happymini_teleop/lib/happymini_teleop
writing list of installed files to '/home/yuto/happymini_voice_offline/build/happymini_teleop/install.log'
