[11.602s] Invoking command in '/home/yuto/happymini_voice_offline/src/happymini_ros2/happymini_teleop': PYTHONPATH=/home/yuto/happymini_voice_offline/build/happymini_teleop/prefix_override:/home/yuto/happymini_voice_offline/install/happymini_teleop/lib/python3.10/site-packages:${PYTHONPATH} /usr/bin/python3 setup.py egg_info --egg-base ../../../build/happymini_teleop build --build-base /home/yuto/happymini_voice_offline/build/happymini_teleop/build install --record /home/yuto/happymini_voice_offline/build/happymini_teleop/install.log --single-version-externally-managed
[12.850s] running egg_info
[12.914s] writing ../../../build/happymini_teleop/happymini_teleop.egg-info/PKG-INFO
[12.926s] writing dependency_links to ../../../build/happymini_teleop/happymini_teleop.egg-info/dependency_links.txt
[12.938s] writing entry points to ../../../build/happymini_teleop/happymini_teleop.egg-info/entry_points.txt
[12.991s] writing requirements to ../../../build/happymini_teleop/happymini_teleop.egg-info/requires.txt
[13.044s] writing top-level names to ../../../build/happymini_teleop/happymini_teleop.egg-info/top_level.txt
[13.430s] reading manifest file '../../../build/happymini_teleop/happymini_teleop.egg-info/SOURCES.txt'
[13.443s] writing manifest file '../../../build/happymini_teleop/happymini_teleop.egg-info/SOURCES.txt'
[13.444s] running build
[13.444s] running build_py
[13.476s] running install
[13.477s] /home/yuto/.local/lib/python3.10/site-packages/setuptools/command/install.py:34: SetuptoolsDeprecationWarning: setup.py install is deprecated. Use build and pip and other standards-based tools.
[13.477s]   warnings.warn(
[13.506s] running install_lib
[13.622s] running install_data
[13.734s] running install_egg_info
[13.853s] removing '/home/yuto/happymini_voice_offline/install/happymini_teleop/lib/python3.10/site-packages/happymini_teleop-0.0.0-py3.10.egg-info' (and everything under it)
[13.855s] Copying ../../../build/happymini_teleop/happymini_teleop.egg-info to /home/yuto/happymini_voice_offline/install/happymini_teleop/lib/python3.10/site-packages/happymini_teleop-0.0.0-py3.10.egg-info
[13.866s] running install_scripts
[14.724s] Installing base_control script to /home/yuto/happymini_voice_offline/install/happymini_teleop/lib/happymini_teleop
[14.747s] Installing output_odom script to /home/yuto/happymini_voice_offline/install/happymini_teleop/lib/happymini_teleop
[14.767s] writing list of installed files to '/home/yuto/happymini_voice_offline/build/happymini_teleop/install.log'
[14.903s] Invoked command in '/home/yuto/happymini_voice_offline/src/happymini_ros2/happymini_teleop' returned '0': PYTHONPATH=/home/yuto/happymini_voice_offline/build/happymini_teleop/prefix_override:/home/yuto/happymini_voice_offline/install/happymini_teleop/lib/python3.10/site-packages:${PYTHONPATH} /usr/bin/python3 setup.py egg_info --egg-base ../../../build/happymini_teleop build --build-base /home/yuto/happymini_voice_offline/build/happymini_teleop/build install --record /home/yuto/happymini_voice_offline/build/happymini_teleop/install.log --single-version-externally-managed
