/home/yuto/happymini_voice_offline/install/grasp_bag/lib/python3.10/site-packages/grasp_bag/__init__.py
/home/yuto/happymini_voice_offline/install/grasp_bag/lib/python3.10/site-packages/grasp_bag/test_node.py
/home/yuto/happymini_voice_offline/install/grasp_bag/lib/python3.10/site-packages/grasp_bag/scan_data_sensing_node.py
/home/yuto/happymini_voice_offline/install/grasp_bag/lib/python3.10/site-packages/grasp_bag/bag_localization_node.py
/home/yuto/happymini_voice_offline/install/grasp_bag/lib/python3.10/site-packages/grasp_bag/grasp_bag_server.py
/home/yuto/happymini_voice_offline/install/grasp_bag/lib/python3.10/site-packages/grasp_bag/__pycache__/__init__.cpython-310.pyc
/home/yuto/happymini_voice_offline/install/grasp_bag/lib/python3.10/site-packages/grasp_bag/__pycache__/test_node.cpython-310.pyc
/home/yuto/happymini_voice_offline/install/grasp_bag/lib/python3.10/site-packages/grasp_bag/__pycache__/scan_data_sensing_node.cpython-310.pyc
/home/yuto/happymini_voice_offline/install/grasp_bag/lib/python3.10/site-packages/grasp_bag/__pycache__/bag_localization_node.cpython-310.pyc
/home/yuto/happymini_voice_offline/install/grasp_bag/lib/python3.10/site-packages/grasp_bag/__pycache__/grasp_bag_server.cpython-310.pyc
/home/yuto/happymini_voice_offline/install/grasp_bag/share/ament_index/resource_index/packages/grasp_bag
/home/yuto/happymini_voice_offline/install/grasp_bag/share/grasp_bag/package.xml
/home/yuto/happymini_voice_offline/install/grasp_bag/lib/python3.10/site-packages/grasp_bag-0.0.0-py3.10.egg-info/requires.txt
/home/yuto/happymini_voice_offline/install/grasp_bag/lib/python3.10/site-packages/grasp_bag-0.0.0-py3.10.egg-info/entry_points.txt
/home/yuto/happymini_voice_offline/install/grasp_bag/lib/python3.10/site-packages/grasp_bag-0.0.0-py3.10.egg-info/zip-safe
/home/yuto/happymini_voice_offline/install/grasp_bag/lib/python3.10/site-packages/grasp_bag-0.0.0-py3.10.egg-info/dependency_links.txt
/home/yuto/happymini_voice_offline/install/grasp_bag/lib/python3.10/site-packages/grasp_bag-0.0.0-py3.10.egg-info/top_level.txt
/home/yuto/happymini_voice_offline/install/grasp_bag/lib/python3.10/site-packages/grasp_bag-0.0.0-py3.10.egg-info/SOURCES.txt
/home/yuto/happymini_voice_offline/install/grasp_bag/lib/python3.10/site-packages/grasp_bag-0.0.0-py3.10.egg-info/PKG-INFO
/home/yuto/happymini_voice_offline/install/grasp_bag/lib/grasp_bag/bag_localization_node
/home/yuto/happymini_voice_offline/install/grasp_bag/lib/grasp_bag/grasp_bag_server
/home/yuto/happymini_voice_offline/install/grasp_bag/lib/grasp_bag/scan_data_sensing_node
/home/yuto/happymini_voice_offline/install/grasp_bag/lib/grasp_bag/test_node
