running egg_info
creating ../../../build/hand/hand.egg-info
writing ../../../build/hand/hand.egg-info/PKG-INFO
writing dependency_links to ../../../build/hand/hand.egg-info/dependency_links.txt
writing entry points to ../../../build/hand/hand.egg-info/entry_points.txt
writing requirements to ../../../build/hand/hand.egg-info/requires.txt
writing top-level names to ../../../build/hand/hand.egg-info/top_level.txt
writing manifest file '../../../build/hand/hand.egg-info/SOURCES.txt'
reading manifest file '../../../build/hand/hand.egg-info/SOURCES.txt'
writing manifest file '../../../build/hand/hand.egg-info/SOURCES.txt'
running build
running build_py
creating /home/yuto/happymini_voice_offline/build/hand/build
creating /home/yuto/happymini_voice_offline/build/hand/build/lib
creating /home/yuto/happymini_voice_offline/build/hand/build/lib/hand
copying hand/__init__.py -> /home/yuto/happymini_voice_offline/build/hand/build/lib/hand
copying hand/hand_pose_publish.py -> /home/yuto/happymini_voice_offline/build/hand/build/lib/hand
copying hand/subscriber.py -> /home/yuto/happymini_voice_offline/build/hand/build/lib/hand
running install
/home/yuto/.local/lib/python3.10/site-packages/setuptools/command/install.py:34: SetuptoolsDeprecationWarning: setup.py install is deprecated. Use build and pip and other standards-based tools.
  warnings.warn(
running install_lib
creating /home/yuto/happymini_voice_offline/install/hand/lib/python3.10/site-packages/hand
copying /home/yuto/happymini_voice_offline/build/hand/build/lib/hand/__init__.py -> /home/yuto/happymini_voice_offline/install/hand/lib/python3.10/site-packages/hand
copying /home/yuto/happymini_voice_offline/build/hand/build/lib/hand/hand_pose_publish.py -> /home/yuto/happymini_voice_offline/install/hand/lib/python3.10/site-packages/hand
copying /home/yuto/happymini_voice_offline/build/hand/build/lib/hand/subscriber.py -> /home/yuto/happymini_voice_offline/install/hand/lib/python3.10/site-packages/hand
byte-compiling /home/yuto/happymini_voice_offline/install/hand/lib/python3.10/site-packages/hand/__init__.py to __init__.cpython-310.pyc
byte-compiling /home/yuto/happymini_voice_offline/install/hand/lib/python3.10/site-packages/hand/hand_pose_publish.py to hand_pose_publish.cpython-310.pyc
byte-compiling /home/yuto/happymini_voice_offline/install/hand/lib/python3.10/site-packages/hand/subscriber.py to subscriber.cpython-310.pyc
running install_data
creating /home/yuto/happymini_voice_offline/install/hand/share/ament_index
creating /home/yuto/happymini_voice_offline/install/hand/share/ament_index/resource_index
creating /home/yuto/happymini_voice_offline/install/hand/share/ament_index/resource_index/packages
copying resource/hand -> /home/yuto/happymini_voice_offline/install/hand/share/ament_index/resource_index/packages
copying package.xml -> /home/yuto/happymini_voice_offline/install/hand/share/hand
running install_egg_info
Copying ../../../build/hand/hand.egg-info to /home/yuto/happymini_voice_offline/install/hand/lib/python3.10/site-packages/hand-0.0.0-py3.10.egg-info
running install_scripts
Installing hand_pose_publish script to /home/yuto/happymini_voice_offline/install/hand/lib/hand
Installing subscriber script to /home/yuto/happymini_voice_offline/install/hand/lib/hand
writing list of installed files to '/home/yuto/happymini_voice_offline/build/hand/install.log'
