[2.841s] Invoking command in '/home/yuto/happymini_voice_offline/src/happymini_ros2/hand': PYTHONPATH=/home/yuto/happymini_voice_offline/build/hand/prefix_override:/home/yuto/happymini_voice_offline/install/hand/lib/python3.10/site-packages:${PYTHONPATH} /usr/bin/python3 setup.py egg_info --egg-base ../../../build/hand build --build-base /home/yuto/happymini_voice_offline/build/hand/build install --record /home/yuto/happymini_voice_offline/build/hand/install.log --single-version-externally-managed
[3.226s] running egg_info
[3.226s] creating ../../../build/hand/hand.egg-info
[3.250s] writing ../../../build/hand/hand.egg-info/PKG-INFO
[3.252s] writing dependency_links to ../../../build/hand/hand.egg-info/dependency_links.txt
[3.252s] writing entry points to ../../../build/hand/hand.egg-info/entry_points.txt
[3.252s] writing requirements to ../../../build/hand/hand.egg-info/requires.txt
[3.252s] writing top-level names to ../../../build/hand/hand.egg-info/top_level.txt
[3.253s] writing manifest file '../../../build/hand/hand.egg-info/SOURCES.txt'
[3.305s] reading manifest file '../../../build/hand/hand.egg-info/SOURCES.txt'
[3.306s] writing manifest file '../../../build/hand/hand.egg-info/SOURCES.txt'
[3.306s] running build
[3.306s] running build_py
[3.307s] creating /home/yuto/happymini_voice_offline/build/hand/build
[3.307s] creating /home/yuto/happymini_voice_offline/build/hand/build/lib
[3.307s] creating /home/yuto/happymini_voice_offline/build/hand/build/lib/hand
[3.307s] copying hand/__init__.py -> /home/yuto/happymini_voice_offline/build/hand/build/lib/hand
[3.307s] copying hand/hand_pose_publish.py -> /home/yuto/happymini_voice_offline/build/hand/build/lib/hand
[3.309s] copying hand/subscriber.py -> /home/yuto/happymini_voice_offline/build/hand/build/lib/hand
[3.311s] running install
[3.312s] /home/yuto/.local/lib/python3.10/site-packages/setuptools/command/install.py:34: SetuptoolsDeprecationWarning: setup.py install is deprecated. Use build and pip and other standards-based tools.
[3.312s]   warnings.warn(
[3.321s] running install_lib
[3.346s] creating /home/yuto/happymini_voice_offline/install/hand/lib/python3.10/site-packages/hand
[3.346s] copying /home/yuto/happymini_voice_offline/build/hand/build/lib/hand/__init__.py -> /home/yuto/happymini_voice_offline/install/hand/lib/python3.10/site-packages/hand
[3.346s] copying /home/yuto/happymini_voice_offline/build/hand/build/lib/hand/hand_pose_publish.py -> /home/yuto/happymini_voice_offline/install/hand/lib/python3.10/site-packages/hand
[3.346s] copying /home/yuto/happymini_voice_offline/build/hand/build/lib/hand/subscriber.py -> /home/yuto/happymini_voice_offline/install/hand/lib/python3.10/site-packages/hand
[3.347s] byte-compiling /home/yuto/happymini_voice_offline/install/hand/lib/python3.10/site-packages/hand/__init__.py to __init__.cpython-310.pyc
[3.348s] byte-compiling /home/yuto/happymini_voice_offline/install/hand/lib/python3.10/site-packages/hand/hand_pose_publish.py to hand_pose_publish.cpython-310.pyc
[3.349s] byte-compiling /home/yuto/happymini_voice_offline/install/hand/lib/python3.10/site-packages/hand/subscriber.py to subscriber.cpython-310.pyc
[3.349s] running install_data
[3.374s] creating /home/yuto/happymini_voice_offline/install/hand/share/ament_index
[3.374s] creating /home/yuto/happymini_voice_offline/install/hand/share/ament_index/resource_index
[3.374s] creating /home/yuto/happymini_voice_offline/install/hand/share/ament_index/resource_index/packages
[3.374s] copying resource/hand -> /home/yuto/happymini_voice_offline/install/hand/share/ament_index/resource_index/packages
[3.374s] copying package.xml -> /home/yuto/happymini_voice_offline/install/hand/share/hand
[3.375s] running install_egg_info
[3.402s] Copying ../../../build/hand/hand.egg-info to /home/yuto/happymini_voice_offline/install/hand/lib/python3.10/site-packages/hand-0.0.0-py3.10.egg-info
[3.403s] running install_scripts
[3.620s] Installing hand_pose_publish script to /home/yuto/happymini_voice_offline/install/hand/lib/hand
[3.621s] Installing subscriber script to /home/yuto/happymini_voice_offline/install/hand/lib/hand
[3.621s] writing list of installed files to '/home/yuto/happymini_voice_offline/build/hand/install.log'
[3.701s] Invoked command in '/home/yuto/happymini_voice_offline/src/happymini_ros2/hand' returned '0': PYTHONPATH=/home/yuto/happymini_voice_offline/build/hand/prefix_override:/home/yuto/happymini_voice_offline/install/hand/lib/python3.10/site-packages:${PYTHONPATH} /usr/bin/python3 setup.py egg_info --egg-base ../../../build/hand build --build-base /home/yuto/happymini_voice_offline/build/hand/build install --record /home/yuto/happymini_voice_offline/build/hand/install.log --single-version-externally-managed
