[6.951s] Invoking command in '/home/yuto/happymini_voice_offline/src/happymini_ros2/happymini_voice/speech_service': PYTHONPATH=/home/yuto/happymini_voice_offline/build/speech_service/prefix_override:/home/yuto/happymini_voice_offline/install/speech_service/lib/python3.10/site-packages:${PYTHONPATH} /usr/bin/python3 setup.py egg_info --egg-base ../../../../build/speech_service build --build-base /home/yuto/happymini_voice_offline/build/speech_service/build install --record /home/yuto/happymini_voice_offline/build/speech_service/install.log --install-scripts $base/lib/speech_service --single-version-externally-managed
[7.222s] /home/yuto/.local/lib/python3.10/site-packages/setuptools/dist.py:788: UserWarning: Usage of dash-separated 'script-dir' will not be supported in future versions. Please use the underscore name 'script_dir' instead
[7.222s]   warnings.warn(
[7.398s] running egg_info
[7.425s] writing ../../../../build/speech_service/speech_service.egg-info/PKG-INFO
[7.426s] writing dependency_links to ../../../../build/speech_service/speech_service.egg-info/dependency_links.txt
[7.427s] writing entry points to ../../../../build/speech_service/speech_service.egg-info/entry_points.txt
[7.427s] writing requirements to ../../../../build/speech_service/speech_service.egg-info/requires.txt
[7.428s] writing top-level names to ../../../../build/speech_service/speech_service.egg-info/top_level.txt
[7.486s] reading manifest file '../../../../build/speech_service/speech_service.egg-info/SOURCES.txt'
[7.486s] adding license file 'LICENSE'
[7.488s] writing manifest file '../../../../build/speech_service/speech_service.egg-info/SOURCES.txt'
[7.489s] running build
[7.489s] running build_py
[7.489s] running install
[7.490s] /home/yuto/.local/lib/python3.10/site-packages/setuptools/command/install.py:34: SetuptoolsDeprecationWarning: setup.py install is deprecated. Use build and pip and other standards-based tools.
[7.490s]   warnings.warn(
[7.500s] running install_lib
[7.528s] running install_data
[7.553s] running install_egg_info
[7.569s] removing '/home/yuto/happymini_voice_offline/install/speech_service/lib/python3.10/site-packages/speech_service-0.0.0-py3.10.egg-info' (and everything under it)
[7.570s] Copying ../../../../build/speech_service/speech_service.egg-info to /home/yuto/happymini_voice_offline/install/speech_service/lib/python3.10/site-packages/speech_service-0.0.0-py3.10.egg-info
[7.570s] running install_scripts
[7.758s] Installing client script to /home/yuto/happymini_voice_offline/install/speech_service/lib/speech_service
[7.758s] Installing speech_service script to /home/yuto/happymini_voice_offline/install/speech_service/lib/speech_service
[7.758s] writing list of installed files to '/home/yuto/happymini_voice_offline/build/speech_service/install.log'
[7.796s] Invoked command in '/home/yuto/happymini_voice_offline/src/happymini_ros2/happymini_voice/speech_service' returned '0': PYTHONPATH=/home/yuto/happymini_voice_offline/build/speech_service/prefix_override:/home/yuto/happymini_voice_offline/install/speech_service/lib/python3.10/site-packages:${PYTHONPATH} /usr/bin/python3 setup.py egg_info --egg-base ../../../../build/speech_service build --build-base /home/yuto/happymini_voice_offline/build/speech_service/build install --record /home/yuto/happymini_voice_offline/build/speech_service/install.log --install-scripts $base/lib/speech_service --single-version-externally-managed
