[0.421s] Invoking command in '/home/yuto/happymini_voice_offline/build/airobot_interfaces': CMAKE_PREFIX_PATH=${CMAKE_PREFIX_PATH}:/home/yuto/happymini_ws/install/speech_service:/home/yuto/hapyymini_voice/install/speech_service:/home/yuto/hapyymini_voice/install/happymini_teleop:/home/yuto/hapyymini_voice/install/hand:/home/yuto/hapyymini_voice/install/grasp_bag:/opt/ros/humble /home/yuto/.local/bin/cmake --build /home/yuto/happymini_voice_offline/build/airobot_interfaces -- -j8 -l8
[4.812s] [  3%] Built target airobot_interfaces__cpp
[4.812s] [  3%] Built target ament_cmake_python_copy_airobot_interfaces
[4.815s] [ 12%] Built target airobot_interfaces__rosidl_generator_c
[4.815s] [ 22%] Built target airobot_interfaces__rosidl_typesupport_cpp
[4.818s] [ 32%] Built target airobot_interfaces__rosidl_typesupport_introspection_cpp
[4.818s] [ 41%] Built target airobot_interfaces__rosidl_typesupport_fastrtps_cpp
[4.819s] [ 51%] Built target airobot_interfaces__rosidl_typesupport_fastrtps_c
[4.819s] [ 61%] Built target airobot_interfaces__rosidl_typesupport_c
[4.820s] [ 70%] Built target airobot_interfaces__rosidl_typesupport_introspection_c
[4.822s] [ 70%] Built target airobot_interfaces
[4.822s] [ 74%] Built target airobot_interfaces__py
[4.823s] [ 80%] Built target airobot_interfaces__rosidl_generator_py
[4.823s] [ 87%] Built target airobot_interfaces__rosidl_typesupport_fastrtps_c__pyext
[4.824s] [ 93%] Built target airobot_interfaces__rosidl_typesupport_introspection_c__pyext
[4.824s] [100%] Built target airobot_interfaces__rosidl_typesupport_c__pyext
[4.824s] running egg_info
[4.825s] writing airobot_interfaces.egg-info/PKG-INFO
[4.825s] writing dependency_links to airobot_interfaces.egg-info/dependency_links.txt
[4.825s] writing top-level names to airobot_interfaces.egg-info/top_level.txt
[4.826s] reading manifest file 'airobot_interfaces.egg-info/SOURCES.txt'
[4.826s] writing manifest file 'airobot_interfaces.egg-info/SOURCES.txt'
[4.827s] [100%] Built target ament_cmake_python_build_airobot_interfaces_egg
[5.691s] Invoked command in '/home/yuto/happymini_voice_offline/build/airobot_interfaces' returned '0': CMAKE_PREFIX_PATH=${CMAKE_PREFIX_PATH}:/home/yuto/happymini_ws/install/speech_service:/home/yuto/hapyymini_voice/install/speech_service:/home/yuto/hapyymini_voice/install/happymini_teleop:/home/yuto/hapyymini_voice/install/hand:/home/yuto/hapyymini_voice/install/grasp_bag:/opt/ros/humble /home/yuto/.local/bin/cmake --build /home/yuto/happymini_voice_offline/build/airobot_interfaces -- -j8 -l8
[6.286s] Invoking command in '/home/yuto/happymini_voice_offline/build/airobot_interfaces': CMAKE_PREFIX_PATH=${CMAKE_PREFIX_PATH}:/home/yuto/happymini_ws/install/speech_service:/home/yuto/hapyymini_voice/install/speech_service:/home/yuto/hapyymini_voice/install/happymini_teleop:/home/yuto/hapyymini_voice/install/hand:/home/yuto/hapyymini_voice/install/grasp_bag:/opt/ros/humble /home/yuto/.local/bin/cmake --install /home/yuto/happymini_voice_offline/build/airobot_interfaces
[6.481s] -- Install configuration: ""
[6.495s] -- Up-to-date: /home/yuto/happymini_voice_offline/install/airobot_interfaces/share/ament_index/resource_index/rosidl_interfaces/airobot_interfaces
[6.500s] -- Up-to-date: /home/yuto/happymini_voice_offline/install/airobot_interfaces/include/airobot_interfaces/airobot_interfaces
[6.502s] -- Up-to-date: /home/yuto/happymini_voice_offline/install/airobot_interfaces/include/airobot_interfaces/airobot_interfaces/msg
[6.504s] -- Up-to-date: /home/yuto/happymini_voice_offline/install/airobot_interfaces/include/airobot_interfaces/airobot_interfaces/msg/rosidl_generator_c__visibility_control.h
[6.504s] -- Up-to-date: /home/yuto/happymini_voice_offline/install/airobot_interfaces/include/airobot_interfaces/airobot_interfaces/srv
[6.506s] -- Up-to-date: /home/yuto/happymini_voice_offline/install/airobot_interfaces/include/airobot_interfaces/airobot_interfaces/srv/detail
[6.509s] -- Up-to-date: /home/yuto/happymini_voice_offline/install/airobot_interfaces/include/airobot_interfaces/airobot_interfaces/srv/detail/string_command__type_support.h
[6.510s] -- Up-to-date: /home/yuto/happymini_voice_offline/install/airobot_interfaces/include/airobot_interfaces/airobot_interfaces/srv/detail/string_command__struct.h
[6.510s] -- Up-to-date: /home/yuto/happymini_voice_offline/install/airobot_interfaces/include/airobot_interfaces/airobot_interfaces/srv/detail/string_command__functions.h
[6.511s] -- Up-to-date: /home/yuto/happymini_voice_offline/install/airobot_interfaces/include/airobot_interfaces/airobot_interfaces/srv/detail/string_command__functions.c
[6.512s] -- Up-to-date: /home/yuto/happymini_voice_offline/install/airobot_interfaces/include/airobot_interfaces/airobot_interfaces/srv/string_command.h
[6.514s] -- Up-to-date: /home/yuto/happymini_voice_offline/install/airobot_interfaces/share/airobot_interfaces/environment/library_path.sh
[6.515s] -- Up-to-date: /home/yuto/happymini_voice_offline/install/airobot_interfaces/share/airobot_interfaces/environment/library_path.dsv
[6.524s] -- Up-to-date: /home/yuto/happymini_voice_offline/install/airobot_interfaces/lib/libairobot_interfaces__rosidl_generator_c.so
[6.525s] -- Up-to-date: /home/yuto/happymini_voice_offline/install/airobot_interfaces/include/airobot_interfaces/airobot_interfaces
[6.527s] -- Up-to-date: /home/yuto/happymini_voice_offline/install/airobot_interfaces/include/airobot_interfaces/airobot_interfaces/msg
[6.527s] -- Up-to-date: /home/yuto/happymini_voice_offline/install/airobot_interfaces/include/airobot_interfaces/airobot_interfaces/msg/rosidl_typesupport_fastrtps_c__visibility_control.h
[6.528s] -- Up-to-date: /home/yuto/happymini_voice_offline/install/airobot_interfaces/include/airobot_interfaces/airobot_interfaces/srv
[6.528s] -- Up-to-date: /home/yuto/happymini_voice_offline/install/airobot_interfaces/include/airobot_interfaces/airobot_interfaces/srv/detail
[6.529s] -- Up-to-date: /home/yuto/happymini_voice_offline/install/airobot_interfaces/include/airobot_interfaces/airobot_interfaces/srv/detail/string_command__rosidl_typesupport_fastrtps_c.h
[6.537s] -- Up-to-date: /home/yuto/happymini_voice_offline/install/airobot_interfaces/lib/libairobot_interfaces__rosidl_typesupport_fastrtps_c.so
[6.537s] -- Up-to-date: /home/yuto/happymini_voice_offline/install/airobot_interfaces/include/airobot_interfaces/airobot_interfaces
[6.538s] -- Up-to-date: /home/yuto/happymini_voice_offline/install/airobot_interfaces/include/airobot_interfaces/airobot_interfaces/msg
[6.538s] -- Up-to-date: /home/yuto/happymini_voice_offline/install/airobot_interfaces/include/airobot_interfaces/airobot_interfaces/msg/rosidl_typesupport_introspection_c__visibility_control.h
[6.539s] -- Up-to-date: /home/yuto/happymini_voice_offline/install/airobot_interfaces/include/airobot_interfaces/airobot_interfaces/srv
[6.540s] -- Up-to-date: /home/yuto/happymini_voice_offline/install/airobot_interfaces/include/airobot_interfaces/airobot_interfaces/srv/detail
[6.540s] -- Up-to-date: /home/yuto/happymini_voice_offline/install/airobot_interfaces/include/airobot_interfaces/airobot_interfaces/srv/detail/string_command__type_support.c
[6.541s] -- Up-to-date: /home/yuto/happymini_voice_offline/install/airobot_interfaces/include/airobot_interfaces/airobot_interfaces/srv/detail/string_command__rosidl_typesupport_introspection_c.h
[6.542s] -- Up-to-date: /home/yuto/happymini_voice_offline/install/airobot_interfaces/lib/libairobot_interfaces__rosidl_typesupport_introspection_c.so
[6.553s] -- Up-to-date: /home/yuto/happymini_voice_offline/install/airobot_interfaces/lib/libairobot_interfaces__rosidl_typesupport_c.so
[6.554s] -- Up-to-date: /home/yuto/happymini_voice_offline/install/airobot_interfaces/include/airobot_interfaces/airobot_interfaces
[6.554s] -- Up-to-date: /home/yuto/happymini_voice_offline/install/airobot_interfaces/include/airobot_interfaces/airobot_interfaces/srv
[6.555s] -- Up-to-date: /home/yuto/happymini_voice_offline/install/airobot_interfaces/include/airobot_interfaces/airobot_interfaces/srv/detail
[6.555s] -- Up-to-date: /home/yuto/happymini_voice_offline/install/airobot_interfaces/include/airobot_interfaces/airobot_interfaces/srv/detail/string_command__traits.hpp
[6.556s] -- Up-to-date: /home/yuto/happymini_voice_offline/install/airobot_interfaces/include/airobot_interfaces/airobot_interfaces/srv/detail/string_command__struct.hpp
[6.557s] -- Up-to-date: /home/yuto/happymini_voice_offline/install/airobot_interfaces/include/airobot_interfaces/airobot_interfaces/srv/detail/string_command__builder.hpp
[6.560s] -- Up-to-date: /home/yuto/happymini_voice_offline/install/airobot_interfaces/include/airobot_interfaces/airobot_interfaces/srv/string_command.hpp
[6.560s] -- Up-to-date: /home/yuto/happymini_voice_offline/install/airobot_interfaces/include/airobot_interfaces/airobot_interfaces
[6.560s] -- Up-to-date: /home/yuto/happymini_voice_offline/install/airobot_interfaces/include/airobot_interfaces/airobot_interfaces/msg
[6.561s] -- Up-to-date: /home/yuto/happymini_voice_offline/install/airobot_interfaces/include/airobot_interfaces/airobot_interfaces/msg/rosidl_typesupport_fastrtps_cpp__visibility_control.h
[6.561s] -- Up-to-date: /home/yuto/happymini_voice_offline/install/airobot_interfaces/include/airobot_interfaces/airobot_interfaces/srv
[6.562s] -- Up-to-date: /home/yuto/happymini_voice_offline/install/airobot_interfaces/include/airobot_interfaces/airobot_interfaces/srv/detail
[6.562s] -- Up-to-date: /home/yuto/happymini_voice_offline/install/airobot_interfaces/include/airobot_interfaces/airobot_interfaces/srv/detail/dds_fastrtps
[6.563s] -- Up-to-date: /home/yuto/happymini_voice_offline/install/airobot_interfaces/include/airobot_interfaces/airobot_interfaces/srv/detail/string_command__rosidl_typesupport_fastrtps_cpp.hpp
[6.565s] -- Up-to-date: /home/yuto/happymini_voice_offline/install/airobot_interfaces/lib/libairobot_interfaces__rosidl_typesupport_fastrtps_cpp.so
[6.567s] -- Up-to-date: /home/yuto/happymini_voice_offline/install/airobot_interfaces/include/airobot_interfaces/airobot_interfaces
[6.569s] -- Up-to-date: /home/yuto/happymini_voice_offline/install/airobot_interfaces/include/airobot_interfaces/airobot_interfaces/srv
[6.570s] -- Up-to-date: /home/yuto/happymini_voice_offline/install/airobot_interfaces/include/airobot_interfaces/airobot_interfaces/srv/detail
[6.570s] -- Up-to-date: /home/yuto/happymini_voice_offline/install/airobot_interfaces/include/airobot_interfaces/airobot_interfaces/srv/detail/string_command__rosidl_typesupport_introspection_cpp.hpp
[6.571s] -- Up-to-date: /home/yuto/happymini_voice_offline/install/airobot_interfaces/include/airobot_interfaces/airobot_interfaces/srv/detail/string_command__type_support.cpp
[6.572s] -- Up-to-date: /home/yuto/happymini_voice_offline/install/airobot_interfaces/lib/libairobot_interfaces__rosidl_typesupport_introspection_cpp.so
[6.573s] -- Up-to-date: /home/yuto/happymini_voice_offline/install/airobot_interfaces/lib/libairobot_interfaces__rosidl_typesupport_cpp.so
[6.573s] -- Up-to-date: /home/yuto/happymini_voice_offline/install/airobot_interfaces/share/airobot_interfaces/environment/pythonpath.sh
[6.574s] -- Up-to-date: /home/yuto/happymini_voice_offline/install/airobot_interfaces/share/airobot_interfaces/environment/pythonpath.dsv
[6.592s] -- Up-to-date: /home/yuto/happymini_voice_offline/install/airobot_interfaces/local/lib/python3.10/dist-packages/airobot_interfaces-1.0.0-py3.10.egg-info
[6.593s] -- Installing: /home/yuto/happymini_voice_offline/install/airobot_interfaces/local/lib/python3.10/dist-packages/airobot_interfaces-1.0.0-py3.10.egg-info/dependency_links.txt
[6.594s] -- Installing: /home/yuto/happymini_voice_offline/install/airobot_interfaces/local/lib/python3.10/dist-packages/airobot_interfaces-1.0.0-py3.10.egg-info/top_level.txt
[6.594s] -- Installing: /home/yuto/happymini_voice_offline/install/airobot_interfaces/local/lib/python3.10/dist-packages/airobot_interfaces-1.0.0-py3.10.egg-info/SOURCES.txt
[6.594s] -- Installing: /home/yuto/happymini_voice_offline/install/airobot_interfaces/local/lib/python3.10/dist-packages/airobot_interfaces-1.0.0-py3.10.egg-info/PKG-INFO
[6.595s] -- Up-to-date: /home/yuto/happymini_voice_offline/install/airobot_interfaces/local/lib/python3.10/dist-packages/airobot_interfaces
[6.595s] -- Up-to-date: /home/yuto/happymini_voice_offline/install/airobot_interfaces/local/lib/python3.10/dist-packages/airobot_interfaces/_airobot_interfaces_s.ep.rosidl_typesupport_introspection_c.c
[6.595s] -- Up-to-date: /home/yuto/happymini_voice_offline/install/airobot_interfaces/local/lib/python3.10/dist-packages/airobot_interfaces/airobot_interfaces_s__rosidl_typesupport_introspection_c.cpython-310-x86_64-linux-gnu.so
[6.596s] -- Up-to-date: /home/yuto/happymini_voice_offline/install/airobot_interfaces/local/lib/python3.10/dist-packages/airobot_interfaces/_airobot_interfaces_s.ep.rosidl_typesupport_c.c
[6.596s] -- Up-to-date: /home/yuto/happymini_voice_offline/install/airobot_interfaces/local/lib/python3.10/dist-packages/airobot_interfaces/__init__.py
[6.596s] -- Up-to-date: /home/yuto/happymini_voice_offline/install/airobot_interfaces/local/lib/python3.10/dist-packages/airobot_interfaces/_airobot_interfaces_s.ep.rosidl_typesupport_fastrtps_c.c
[6.597s] -- Up-to-date: /home/yuto/happymini_voice_offline/install/airobot_interfaces/local/lib/python3.10/dist-packages/airobot_interfaces/srv
[6.598s] -- Up-to-date: /home/yuto/happymini_voice_offline/install/airobot_interfaces/local/lib/python3.10/dist-packages/airobot_interfaces/srv/_string_command_s.c
[6.598s] -- Up-to-date: /home/yuto/happymini_voice_offline/install/airobot_interfaces/local/lib/python3.10/dist-packages/airobot_interfaces/srv/__init__.py
[6.599s] -- Up-to-date: /home/yuto/happymini_voice_offline/install/airobot_interfaces/local/lib/python3.10/dist-packages/airobot_interfaces/srv/_string_command.py
[6.600s] -- Up-to-date: /home/yuto/happymini_voice_offline/install/airobot_interfaces/local/lib/python3.10/dist-packages/airobot_interfaces/airobot_interfaces_s__rosidl_typesupport_fastrtps_c.cpython-310-x86_64-linux-gnu.so
[6.600s] -- Up-to-date: /home/yuto/happymini_voice_offline/install/airobot_interfaces/local/lib/python3.10/dist-packages/airobot_interfaces/airobot_interfaces_s__rosidl_typesupport_c.cpython-310-x86_64-linux-gnu.so
[6.601s] -- Up-to-date: /home/yuto/happymini_voice_offline/install/airobot_interfaces/local/lib/python3.10/dist-packages/airobot_interfaces/libairobot_interfaces__rosidl_generator_py.so
[6.831s] Listing '/home/yuto/happymini_voice_offline/install/airobot_interfaces/local/lib/python3.10/dist-packages/airobot_interfaces'...
[6.832s] Listing '/home/yuto/happymini_voice_offline/install/airobot_interfaces/local/lib/python3.10/dist-packages/airobot_interfaces/srv'...
[6.864s] -- Up-to-date: /home/yuto/happymini_voice_offline/install/airobot_interfaces/local/lib/python3.10/dist-packages/airobot_interfaces/airobot_interfaces_s__rosidl_typesupport_fastrtps_c.cpython-310-x86_64-linux-gnu.so
[6.866s] -- Up-to-date: /home/yuto/happymini_voice_offline/install/airobot_interfaces/local/lib/python3.10/dist-packages/airobot_interfaces/airobot_interfaces_s__rosidl_typesupport_introspection_c.cpython-310-x86_64-linux-gnu.so
[6.872s] -- Up-to-date: /home/yuto/happymini_voice_offline/install/airobot_interfaces/local/lib/python3.10/dist-packages/airobot_interfaces/airobot_interfaces_s__rosidl_typesupport_c.cpython-310-x86_64-linux-gnu.so
[6.877s] -- Up-to-date: /home/yuto/happymini_voice_offline/install/airobot_interfaces/lib/libairobot_interfaces__rosidl_generator_py.so
[6.881s] -- Up-to-date: /home/yuto/happymini_voice_offline/install/airobot_interfaces/share/airobot_interfaces/srv/StringCommand.idl
[6.882s] -- Up-to-date: /home/yuto/happymini_voice_offline/install/airobot_interfaces/share/airobot_interfaces/srv/StringCommand.srv
[6.882s] -- Up-to-date: /home/yuto/happymini_voice_offline/install/airobot_interfaces/share/airobot_interfaces/srv/StringCommand_Request.msg
[6.883s] -- Up-to-date: /home/yuto/happymini_voice_offline/install/airobot_interfaces/share/airobot_interfaces/srv/StringCommand_Response.msg
[6.884s] -- Up-to-date: /home/yuto/happymini_voice_offline/install/airobot_interfaces/share/ament_index/resource_index/package_run_dependencies/airobot_interfaces
[6.887s] -- Up-to-date: /home/yuto/happymini_voice_offline/install/airobot_interfaces/share/ament_index/resource_index/parent_prefix_path/airobot_interfaces
[6.887s] -- Up-to-date: /home/yuto/happymini_voice_offline/install/airobot_interfaces/share/airobot_interfaces/environment/ament_prefix_path.sh
[6.888s] -- Up-to-date: /home/yuto/happymini_voice_offline/install/airobot_interfaces/share/airobot_interfaces/environment/ament_prefix_path.dsv
[6.889s] -- Up-to-date: /home/yuto/happymini_voice_offline/install/airobot_interfaces/share/airobot_interfaces/environment/path.sh
[6.889s] -- Up-to-date: /home/yuto/happymini_voice_offline/install/airobot_interfaces/share/airobot_interfaces/environment/path.dsv
[6.890s] -- Up-to-date: /home/yuto/happymini_voice_offline/install/airobot_interfaces/share/airobot_interfaces/local_setup.bash
[6.891s] -- Up-to-date: /home/yuto/happymini_voice_offline/install/airobot_interfaces/share/airobot_interfaces/local_setup.sh
[6.891s] -- Up-to-date: /home/yuto/happymini_voice_offline/install/airobot_interfaces/share/airobot_interfaces/local_setup.zsh
[6.892s] -- Up-to-date: /home/yuto/happymini_voice_offline/install/airobot_interfaces/share/airobot_interfaces/local_setup.dsv
[6.892s] -- Installing: /home/yuto/happymini_voice_offline/install/airobot_interfaces/share/airobot_interfaces/package.dsv
[6.894s] -- Up-to-date: /home/yuto/happymini_voice_offline/install/airobot_interfaces/share/ament_index/resource_index/packages/airobot_interfaces
[6.906s] -- Up-to-date: /home/yuto/happymini_voice_offline/install/airobot_interfaces/share/airobot_interfaces/cmake/export_airobot_interfaces__rosidl_generator_cExport.cmake
[6.907s] -- Up-to-date: /home/yuto/happymini_voice_offline/install/airobot_interfaces/share/airobot_interfaces/cmake/export_airobot_interfaces__rosidl_generator_cExport-noconfig.cmake
[6.911s] -- Up-to-date: /home/yuto/happymini_voice_offline/install/airobot_interfaces/share/airobot_interfaces/cmake/export_airobot_interfaces__rosidl_typesupport_fastrtps_cExport.cmake
[6.912s] -- Up-to-date: /home/yuto/happymini_voice_offline/install/airobot_interfaces/share/airobot_interfaces/cmake/export_airobot_interfaces__rosidl_typesupport_fastrtps_cExport-noconfig.cmake
[6.921s] -- Up-to-date: /home/yuto/happymini_voice_offline/install/airobot_interfaces/share/airobot_interfaces/cmake/airobot_interfaces__rosidl_typesupport_introspection_cExport.cmake
[6.922s] -- Up-to-date: /home/yuto/happymini_voice_offline/install/airobot_interfaces/share/airobot_interfaces/cmake/airobot_interfaces__rosidl_typesupport_introspection_cExport-noconfig.cmake
[6.923s] -- Up-to-date: /home/yuto/happymini_voice_offline/install/airobot_interfaces/share/airobot_interfaces/cmake/airobot_interfaces__rosidl_typesupport_cExport.cmake
[6.923s] -- Up-to-date: /home/yuto/happymini_voice_offline/install/airobot_interfaces/share/airobot_interfaces/cmake/airobot_interfaces__rosidl_typesupport_cExport-noconfig.cmake
[6.946s] -- Up-to-date: /home/yuto/happymini_voice_offline/install/airobot_interfaces/share/airobot_interfaces/cmake/export_airobot_interfaces__rosidl_generator_cppExport.cmake
[6.956s] -- Up-to-date: /home/yuto/happymini_voice_offline/install/airobot_interfaces/share/airobot_interfaces/cmake/export_airobot_interfaces__rosidl_typesupport_fastrtps_cppExport.cmake
[6.957s] -- Up-to-date: /home/yuto/happymini_voice_offline/install/airobot_interfaces/share/airobot_interfaces/cmake/export_airobot_interfaces__rosidl_typesupport_fastrtps_cppExport-noconfig.cmake
[6.958s] -- Up-to-date: /home/yuto/happymini_voice_offline/install/airobot_interfaces/share/airobot_interfaces/cmake/airobot_interfaces__rosidl_typesupport_introspection_cppExport.cmake
[6.958s] -- Up-to-date: /home/yuto/happymini_voice_offline/install/airobot_interfaces/share/airobot_interfaces/cmake/airobot_interfaces__rosidl_typesupport_introspection_cppExport-noconfig.cmake
[6.959s] -- Up-to-date: /home/yuto/happymini_voice_offline/install/airobot_interfaces/share/airobot_interfaces/cmake/airobot_interfaces__rosidl_typesupport_cppExport.cmake
[6.961s] -- Up-to-date: /home/yuto/happymini_voice_offline/install/airobot_interfaces/share/airobot_interfaces/cmake/airobot_interfaces__rosidl_typesupport_cppExport-noconfig.cmake
[6.963s] -- Up-to-date: /home/yuto/happymini_voice_offline/install/airobot_interfaces/share/airobot_interfaces/cmake/export_airobot_interfaces__rosidl_generator_pyExport.cmake
[6.964s] -- Up-to-date: /home/yuto/happymini_voice_offline/install/airobot_interfaces/share/airobot_interfaces/cmake/export_airobot_interfaces__rosidl_generator_pyExport-noconfig.cmake
[6.964s] -- Up-to-date: /home/yuto/happymini_voice_offline/install/airobot_interfaces/share/airobot_interfaces/cmake/rosidl_cmake-extras.cmake
[6.965s] -- Up-to-date: /home/yuto/happymini_voice_offline/install/airobot_interfaces/share/airobot_interfaces/cmake/ament_cmake_export_include_directories-extras.cmake
[6.967s] -- Up-to-date: /home/yuto/happymini_voice_offline/install/airobot_interfaces/share/airobot_interfaces/cmake/ament_cmake_export_libraries-extras.cmake
[6.968s] -- Up-to-date: /home/yuto/happymini_voice_offline/install/airobot_interfaces/share/airobot_interfaces/cmake/ament_cmake_export_targets-extras.cmake
[6.968s] -- Up-to-date: /home/yuto/happymini_voice_offline/install/airobot_interfaces/share/airobot_interfaces/cmake/rosidl_cmake_export_typesupport_targets-extras.cmake
[6.969s] -- Up-to-date: /home/yuto/happymini_voice_offline/install/airobot_interfaces/share/airobot_interfaces/cmake/ament_cmake_export_dependencies-extras.cmake
[6.969s] -- Up-to-date: /home/yuto/happymini_voice_offline/install/airobot_interfaces/share/airobot_interfaces/cmake/rosidl_cmake_export_typesupport_libraries-extras.cmake
[6.970s] -- Up-to-date: /home/yuto/happymini_voice_offline/install/airobot_interfaces/share/airobot_interfaces/cmake/airobot_interfacesConfig.cmake
[6.971s] -- Up-to-date: /home/yuto/happymini_voice_offline/install/airobot_interfaces/share/airobot_interfaces/cmake/airobot_interfacesConfig-version.cmake
[6.974s] -- Up-to-date: /home/yuto/happymini_voice_offline/install/airobot_interfaces/share/airobot_interfaces/package.xml
[7.215s] Invoked command in '/home/yuto/happymini_voice_offline/build/airobot_interfaces' returned '0': CMAKE_PREFIX_PATH=${CMAKE_PREFIX_PATH}:/home/yuto/happymini_ws/install/speech_service:/home/yuto/hapyymini_voice/install/speech_service:/home/yuto/hapyymini_voice/install/happymini_teleop:/home/yuto/hapyymini_voice/install/hand:/home/yuto/hapyymini_voice/install/grasp_bag:/opt/ros/humble /home/yuto/.local/bin/cmake --install /home/yuto/happymini_voice_offline/build/airobot_interfaces
