-- The C compiler identification is GNU 11.3.0
-- The CXX compiler identification is GNU 11.3.0
-- Detecting C compiler ABI info
-- Detecting C compiler ABI info - done
-- Check for working C compiler: /usr/bin/cc - skipped
-- Detecting C compile features
-- Detecting C compile features - done
-- Detecting CXX compiler ABI info
-- Detecting CXX compiler ABI info - done
-- Check for working CXX compiler: /usr/bin/c++ - skipped
-- Detecting CXX compile features
-- Detecting CXX compile features - done
-- Found ament_cmake: 1.3.3 (/opt/ros/humble/share/ament_cmake/cmake)
-- Found Python3: /usr/bin/python3.10 (found version "3.10.6") found components: Interpreter 
-- Found rosidl_default_generators: 1.2.0 (/opt/ros/humble/share/rosidl_default_generators/cmake)
-- Using all available rosidl_typesupport_c: rosidl_typesupport_fastrtps_c;rosidl_typesupport_introspection_c
-- Found rosidl_adapter: 3.1.4 (/opt/ros/humble/share/rosidl_adapter/cmake)
-- Using all available rosidl_typesupport_cpp: rosidl_typesupport_fastrtps_cpp;rosidl_typesupport_introspection_cpp
-- Found ament_cmake_ros: 0.10.0 (/opt/ros/humble/share/ament_cmake_ros/cmake)
-- Using all available rosidl_typesupport_c: rosidl_typesupport_fastrtps_c;rosidl_typesupport_introspection_c
-- Using all available rosidl_typesupport_cpp: rosidl_typesupport_fastrtps_cpp;rosidl_typesupport_introspection_cpp
-- Found PythonInterp: /usr/bin/python3 (found suitable version "3.10.6", minimum required is "3.6") 
-- Found python_cmake_module: 0.10.0 (/opt/ros/humble/share/python_cmake_module/cmake)
-- Found PythonLibs: /usr/lib/x86_64-linux-gnu/libpython3.10.so (found suitable version "3.10.6", minimum required is "3.5") 
-- Using PYTHON_EXECUTABLE: /usr/bin/python3
-- Using PYTHON_INCLUDE_DIRS: /usr/include/python3.10
-- Using PYTHON_LIBRARIES: /usr/lib/x86_64-linux-gnu/libpython3.10.so
-- Found PythonExtra: .so  
-- Found ament_lint_auto: 0.12.5 (/opt/ros/humble/share/ament_lint_auto/cmake)
-- Added test 'lint_cmake' to check CMake code style
-- Added test 'xmllint' to check XML markup files
-- Configuring done (3.9s)
-- Generating done (0.0s)
-- Build files have been written to: /home/yuto/happymini_voice_offline/build/happymini_msgs
[  2%] [34m[1mGenerating C code for ROS interfaces[0m
[  4%] [34m[1mGenerating C++ code for ROS interfaces[0m
[  4%] Built target ament_cmake_python_copy_happymini_msgs
running egg_info
creating happymini_msgs.egg-info
writing happymini_msgs.egg-info/PKG-INFO
writing dependency_links to happymini_msgs.egg-info/dependency_links.txt
writing top-level names to happymini_msgs.egg-info/top_level.txt
writing manifest file 'happymini_msgs.egg-info/SOURCES.txt'
reading manifest file 'happymini_msgs.egg-info/SOURCES.txt'
writing manifest file 'happymini_msgs.egg-info/SOURCES.txt'
[  4%] Built target ament_cmake_python_build_happymini_msgs_egg
[  4%] Built target happymini_msgs__cpp
[ 10%] [34m[1mGenerating C++ type support for eProsima Fast-RTPS[0m
[ 10%] [34m[1mGenerating C++ introspection for ROS interfaces[0m
[ 10%] [34m[1mGenerating C++ type support dispatch for ROS interfaces[0m
[ 12%] [32mBuilding C object CMakeFiles/happymini_msgs__rosidl_generator_c.dir/rosidl_generator_c/happymini_msgs/srv/detail/grasp_bag__functions.c.o[0m
[ 14%] [32mBuilding C object CMakeFiles/happymini_msgs__rosidl_generator_c.dir/rosidl_generator_c/happymini_msgs/action/detail/grasp_bag__functions.c.o[0m
[ 17%] [32mBuilding C object CMakeFiles/happymini_msgs__rosidl_generator_c.dir/rosidl_generator_c/happymini_msgs/srv/detail/bag_localization__functions.c.o[0m
[ 19%] [32m[1mLinking C shared library libhappymini_msgs__rosidl_generator_c.so[0m
[ 19%] Built target happymini_msgs__rosidl_generator_c
[ 21%] [34m[1mGenerating C type support for eProsima Fast-RTPS[0m
[ 23%] [34m[1mGenerating C introspection for ROS interfaces[0m
[ 25%] [34m[1mGenerating C type support dispatch for ROS interfaces[0m
[ 27%] [32mBuilding CXX object CMakeFiles/happymini_msgs__rosidl_typesupport_cpp.dir/rosidl_typesupport_cpp/happymini_msgs/srv/grasp_bag__type_support.cpp.o[0m
[ 29%] [32mBuilding CXX object CMakeFiles/happymini_msgs__rosidl_typesupport_cpp.dir/rosidl_typesupport_cpp/happymini_msgs/srv/bag_localization__type_support.cpp.o[0m
[ 31%] [32mBuilding CXX object CMakeFiles/happymini_msgs__rosidl_typesupport_cpp.dir/rosidl_typesupport_cpp/happymini_msgs/action/grasp_bag__type_support.cpp.o[0m
[ 34%] [32mBuilding CXX object CMakeFiles/happymini_msgs__rosidl_typesupport_introspection_cpp.dir/rosidl_typesupport_introspection_cpp/happymini_msgs/srv/detail/grasp_bag__type_support.cpp.o[0m
[ 36%] [32mBuilding CXX object CMakeFiles/happymini_msgs__rosidl_typesupport_fastrtps_cpp.dir/rosidl_typesupport_fastrtps_cpp/happymini_msgs/srv/detail/dds_fastrtps/grasp_bag__type_support.cpp.o[0m
[  2%] [32mBuilding CXX object CMakeFiles/happymini_msgs__rosidl_typesupport_introspection_cpp.dir/rosidl_typesupport_introspection_cpp/happymini_msgs/srv/detail/bag_localization__type_support.cpp.o[0m
[ 21%] [32mBuilding CXX object CMakeFiles/happymini_msgs__rosidl_typesupport_fastrtps_c.dir/rosidl_typesupport_fastrtps_c/happymini_msgs/srv/detail/grasp_bag__type_support_c.cpp.o[0m
[ 31%] [34m[1mGenerating C type support dispatch for ROS interfaces[0m
[ 34%] [32mBuilding CXX object CMakeFiles/happymini_msgs__rosidl_typesupport_fastrtps_cpp.dir/rosidl_typesupport_fastrtps_cpp/happymini_msgs/srv/detail/dds_fastrtps/bag_localization__type_support.cpp.o[0m
[ 34%] [32mBuilding CXX object CMakeFiles/happymini_msgs__rosidl_typesupport_fastrtps_c.dir/rosidl_typesupport_fastrtps_c/happymini_msgs/srv/detail/bag_localization__type_support_c.cpp.o[0m
[ 36%] [32mBuilding CXX object CMakeFiles/happymini_msgs__rosidl_typesupport_introspection_cpp.dir/rosidl_typesupport_introspection_cpp/happymini_msgs/action/detail/grasp_bag__type_support.cpp.o[0m
[ 36%] [34m[1mGenerating C introspection for ROS interfaces[0m
[ 38%] [32mBuilding CXX object CMakeFiles/happymini_msgs__rosidl_typesupport_fastrtps_cpp.dir/rosidl_typesupport_fastrtps_cpp/happymini_msgs/action/detail/dds_fastrtps/grasp_bag__type_support.cpp.o[0m
[ 38%] [32mBuilding CXX object CMakeFiles/happymini_msgs__rosidl_typesupport_fastrtps_c.dir/rosidl_typesupport_fastrtps_c/happymini_msgs/action/detail/grasp_bag__type_support_c.cpp.o[0m
[ 42%] [32m[1mLinking CXX shared library libhappymini_msgs__rosidl_typesupport_cpp.so[0m
[ 48%] Built target happymini_msgs__rosidl_typesupport_cpp
[ 53%] [32mBuilding CXX object CMakeFiles/happymini_msgs__rosidl_typesupport_c.dir/rosidl_typesupport_c/happymini_msgs/srv/grasp_bag__type_support.cpp.o[0m
[ 55%] [32mBuilding CXX object CMakeFiles/happymini_msgs__rosidl_typesupport_c.dir/rosidl_typesupport_c/happymini_msgs/srv/bag_localization__type_support.cpp.o[0m
[ 55%] [32mBuilding CXX object CMakeFiles/happymini_msgs__rosidl_typesupport_c.dir/rosidl_typesupport_c/happymini_msgs/action/grasp_bag__type_support.cpp.o[0m
[ 57%] [32m[1mLinking CXX shared library libhappymini_msgs__rosidl_typesupport_c.so[0m
[ 57%] Built target happymini_msgs__rosidl_typesupport_c
[ 59%] [32m[1mLinking CXX shared library libhappymini_msgs__rosidl_typesupport_fastrtps_c.so[0m
[ 63%] Built target happymini_msgs__rosidl_typesupport_fastrtps_c
[ 65%] [32mBuilding C object CMakeFiles/happymini_msgs__rosidl_typesupport_introspection_c.dir/rosidl_typesupport_introspection_c/happymini_msgs/srv/detail/bag_localization__type_support.c.o[0m
[ 65%] [32mBuilding C object CMakeFiles/happymini_msgs__rosidl_typesupport_introspection_c.dir/rosidl_typesupport_introspection_c/happymini_msgs/srv/detail/grasp_bag__type_support.c.o[0m
[ 65%] [32mBuilding C object CMakeFiles/happymini_msgs__rosidl_typesupport_introspection_c.dir/rosidl_typesupport_introspection_c/happymini_msgs/action/detail/grasp_bag__type_support.c.o[0m
[ 68%] [32m[1mLinking C shared library libhappymini_msgs__rosidl_typesupport_introspection_c.so[0m
[ 70%] [32m[1mLinking CXX shared library libhappymini_msgs__rosidl_typesupport_fastrtps_cpp.so[0m
[ 70%] Built target happymini_msgs__rosidl_typesupport_introspection_c
[ 72%] [32m[1mLinking CXX shared library libhappymini_msgs__rosidl_typesupport_introspection_cpp.so[0m
[ 74%] Built target happymini_msgs__rosidl_typesupport_fastrtps_cpp
[ 76%] Built target happymini_msgs__rosidl_typesupport_introspection_cpp
[ 76%] Built target happymini_msgs
[ 78%] [34m[1mGenerating Python code for ROS interfaces[0m
[ 78%] Built target happymini_msgs__py
[ 80%] [32mBuilding C object CMakeFiles/happymini_msgs__rosidl_generator_py.dir/rosidl_generator_py/happymini_msgs/srv/_grasp_bag_s.c.o[0m
[ 82%] [32mBuilding C object CMakeFiles/happymini_msgs__rosidl_generator_py.dir/rosidl_generator_py/happymini_msgs/srv/_bag_localization_s.c.o[0m
[ 85%] [32mBuilding C object CMakeFiles/happymini_msgs__rosidl_generator_py.dir/rosidl_generator_py/happymini_msgs/action/_grasp_bag_s.c.o[0m
[ 87%] [32m[1mLinking C shared library rosidl_generator_py/happymini_msgs/libhappymini_msgs__rosidl_generator_py.so[0m
[ 87%] Built target happymini_msgs__rosidl_generator_py
[ 89%] [32mBuilding C object CMakeFiles/happymini_msgs__rosidl_typesupport_fastrtps_c__pyext.dir/rosidl_generator_py/happymini_msgs/_happymini_msgs_s.ep.rosidl_typesupport_fastrtps_c.c.o[0m
[ 91%] [32mBuilding C object CMakeFiles/happymini_msgs__rosidl_typesupport_introspection_c__pyext.dir/rosidl_generator_py/happymini_msgs/_happymini_msgs_s.ep.rosidl_typesupport_introspection_c.c.o[0m
[ 93%] [32mBuilding C object CMakeFiles/happymini_msgs__rosidl_typesupport_c__pyext.dir/rosidl_generator_py/happymini_msgs/_happymini_msgs_s.ep.rosidl_typesupport_c.c.o[0m
[ 95%] [32m[1mLinking C shared library rosidl_generator_py/happymini_msgs/happymini_msgs_s__rosidl_typesupport_introspection_c.cpython-310-x86_64-linux-gnu.so[0m
[ 95%] Built target happymini_msgs__rosidl_typesupport_introspection_c__pyext
[ 97%] [32m[1mLinking C shared library rosidl_generator_py/happymini_msgs/happymini_msgs_s__rosidl_typesupport_c.cpython-310-x86_64-linux-gnu.so[0m
[100%] [32m[1mLinking C shared library rosidl_generator_py/happymini_msgs/happymini_msgs_s__rosidl_typesupport_fastrtps_c.cpython-310-x86_64-linux-gnu.so[0m
[100%] Built target happymini_msgs__rosidl_typesupport_c__pyext
[100%] Built target happymini_msgs__rosidl_typesupport_fastrtps_c__pyext
-- Install configuration: ""
-- Installing: /home/yuto/happymini_voice_offline/install/happymini_msgs/share/ament_index/resource_index/rosidl_interfaces/happymini_msgs
-- Installing: /home/yuto/happymini_voice_offline/install/happymini_msgs/include/happymini_msgs/happymini_msgs
-- Installing: /home/yuto/happymini_voice_offline/install/happymini_msgs/include/happymini_msgs/happymini_msgs/action
-- Installing: /home/yuto/happymini_voice_offline/install/happymini_msgs/include/happymini_msgs/happymini_msgs/action/detail
-- Installing: /home/yuto/happymini_voice_offline/install/happymini_msgs/include/happymini_msgs/happymini_msgs/action/detail/grasp_bag__functions.h
-- Installing: /home/yuto/happymini_voice_offline/install/happymini_msgs/include/happymini_msgs/happymini_msgs/action/detail/grasp_bag__struct.h
-- Installing: /home/yuto/happymini_voice_offline/install/happymini_msgs/include/happymini_msgs/happymini_msgs/action/detail/grasp_bag__type_support.h
-- Installing: /home/yuto/happymini_voice_offline/install/happymini_msgs/include/happymini_msgs/happymini_msgs/action/detail/grasp_bag__functions.c
-- Installing: /home/yuto/happymini_voice_offline/install/happymini_msgs/include/happymini_msgs/happymini_msgs/action/grasp_bag.h
-- Installing: /home/yuto/happymini_voice_offline/install/happymini_msgs/include/happymini_msgs/happymini_msgs/msg
-- Installing: /home/yuto/happymini_voice_offline/install/happymini_msgs/include/happymini_msgs/happymini_msgs/msg/rosidl_generator_c__visibility_control.h
-- Installing: /home/yuto/happymini_voice_offline/install/happymini_msgs/include/happymini_msgs/happymini_msgs/srv
-- Installing: /home/yuto/happymini_voice_offline/install/happymini_msgs/include/happymini_msgs/happymini_msgs/srv/detail
-- Installing: /home/yuto/happymini_voice_offline/install/happymini_msgs/include/happymini_msgs/happymini_msgs/srv/detail/grasp_bag__functions.h
-- Installing: /home/yuto/happymini_voice_offline/install/happymini_msgs/include/happymini_msgs/happymini_msgs/srv/detail/grasp_bag__struct.h
-- Installing: /home/yuto/happymini_voice_offline/install/happymini_msgs/include/happymini_msgs/happymini_msgs/srv/detail/bag_localization__functions.h
-- Installing: /home/yuto/happymini_voice_offline/install/happymini_msgs/include/happymini_msgs/happymini_msgs/srv/detail/bag_localization__functions.c
-- Installing: /home/yuto/happymini_voice_offline/install/happymini_msgs/include/happymini_msgs/happymini_msgs/srv/detail/bag_localization__struct.h
-- Installing: /home/yuto/happymini_voice_offline/install/happymini_msgs/include/happymini_msgs/happymini_msgs/srv/detail/bag_localization__type_support.h
-- Installing: /home/yuto/happymini_voice_offline/install/happymini_msgs/include/happymini_msgs/happymini_msgs/srv/detail/grasp_bag__type_support.h
-- Installing: /home/yuto/happymini_voice_offline/install/happymini_msgs/include/happymini_msgs/happymini_msgs/srv/detail/grasp_bag__functions.c
-- Installing: /home/yuto/happymini_voice_offline/install/happymini_msgs/include/happymini_msgs/happymini_msgs/srv/bag_localization.h
-- Installing: /home/yuto/happymini_voice_offline/install/happymini_msgs/include/happymini_msgs/happymini_msgs/srv/grasp_bag.h
-- Installing: /home/yuto/happymini_voice_offline/install/happymini_msgs/share/happymini_msgs/environment/library_path.sh
-- Installing: /home/yuto/happymini_voice_offline/install/happymini_msgs/share/happymini_msgs/environment/library_path.dsv
-- Installing: /home/yuto/happymini_voice_offline/install/happymini_msgs/lib/libhappymini_msgs__rosidl_generator_c.so
-- Set runtime path of "/home/yuto/happymini_voice_offline/install/happymini_msgs/lib/libhappymini_msgs__rosidl_generator_c.so" to ""
-- Up-to-date: /home/yuto/happymini_voice_offline/install/happymini_msgs/include/happymini_msgs/happymini_msgs
-- Up-to-date: /home/yuto/happymini_voice_offline/install/happymini_msgs/include/happymini_msgs/happymini_msgs/action
-- Up-to-date: /home/yuto/happymini_voice_offline/install/happymini_msgs/include/happymini_msgs/happymini_msgs/action/detail
-- Installing: /home/yuto/happymini_voice_offline/install/happymini_msgs/include/happymini_msgs/happymini_msgs/action/detail/grasp_bag__rosidl_typesupport_fastrtps_c.h
-- Up-to-date: /home/yuto/happymini_voice_offline/install/happymini_msgs/include/happymini_msgs/happymini_msgs/msg
-- Installing: /home/yuto/happymini_voice_offline/install/happymini_msgs/include/happymini_msgs/happymini_msgs/msg/rosidl_typesupport_fastrtps_c__visibility_control.h
-- Up-to-date: /home/yuto/happymini_voice_offline/install/happymini_msgs/include/happymini_msgs/happymini_msgs/srv
-- Up-to-date: /home/yuto/happymini_voice_offline/install/happymini_msgs/include/happymini_msgs/happymini_msgs/srv/detail
-- Installing: /home/yuto/happymini_voice_offline/install/happymini_msgs/include/happymini_msgs/happymini_msgs/srv/detail/bag_localization__rosidl_typesupport_fastrtps_c.h
-- Installing: /home/yuto/happymini_voice_offline/install/happymini_msgs/include/happymini_msgs/happymini_msgs/srv/detail/grasp_bag__rosidl_typesupport_fastrtps_c.h
-- Installing: /home/yuto/happymini_voice_offline/install/happymini_msgs/lib/libhappymini_msgs__rosidl_typesupport_fastrtps_c.so
-- Set runtime path of "/home/yuto/happymini_voice_offline/install/happymini_msgs/lib/libhappymini_msgs__rosidl_typesupport_fastrtps_c.so" to ""
-- Up-to-date: /home/yuto/happymini_voice_offline/install/happymini_msgs/include/happymini_msgs/happymini_msgs
-- Up-to-date: /home/yuto/happymini_voice_offline/install/happymini_msgs/include/happymini_msgs/happymini_msgs/action
-- Up-to-date: /home/yuto/happymini_voice_offline/install/happymini_msgs/include/happymini_msgs/happymini_msgs/action/detail
-- Installing: /home/yuto/happymini_voice_offline/install/happymini_msgs/include/happymini_msgs/happymini_msgs/action/detail/grasp_bag__type_support.c
-- Installing: /home/yuto/happymini_voice_offline/install/happymini_msgs/include/happymini_msgs/happymini_msgs/action/detail/grasp_bag__rosidl_typesupport_introspection_c.h
-- Up-to-date: /home/yuto/happymini_voice_offline/install/happymini_msgs/include/happymini_msgs/happymini_msgs/msg
-- Installing: /home/yuto/happymini_voice_offline/install/happymini_msgs/include/happymini_msgs/happymini_msgs/msg/rosidl_typesupport_introspection_c__visibility_control.h
-- Up-to-date: /home/yuto/happymini_voice_offline/install/happymini_msgs/include/happymini_msgs/happymini_msgs/srv
-- Up-to-date: /home/yuto/happymini_voice_offline/install/happymini_msgs/include/happymini_msgs/happymini_msgs/srv/detail
-- Installing: /home/yuto/happymini_voice_offline/install/happymini_msgs/include/happymini_msgs/happymini_msgs/srv/detail/bag_localization__rosidl_typesupport_introspection_c.h
-- Installing: /home/yuto/happymini_voice_offline/install/happymini_msgs/include/happymini_msgs/happymini_msgs/srv/detail/grasp_bag__type_support.c
-- Installing: /home/yuto/happymini_voice_offline/install/happymini_msgs/include/happymini_msgs/happymini_msgs/srv/detail/grasp_bag__rosidl_typesupport_introspection_c.h
-- Installing: /home/yuto/happymini_voice_offline/install/happymini_msgs/include/happymini_msgs/happymini_msgs/srv/detail/bag_localization__type_support.c
-- Installing: /home/yuto/happymini_voice_offline/install/happymini_msgs/lib/libhappymini_msgs__rosidl_typesupport_introspection_c.so
-- Set runtime path of "/home/yuto/happymini_voice_offline/install/happymini_msgs/lib/libhappymini_msgs__rosidl_typesupport_introspection_c.so" to ""
-- Installing: /home/yuto/happymini_voice_offline/install/happymini_msgs/lib/libhappymini_msgs__rosidl_typesupport_c.so
-- Set runtime path of "/home/yuto/happymini_voice_offline/install/happymini_msgs/lib/libhappymini_msgs__rosidl_typesupport_c.so" to ""
-- Up-to-date: /home/yuto/happymini_voice_offline/install/happymini_msgs/include/happymini_msgs/happymini_msgs
-- Up-to-date: /home/yuto/happymini_voice_offline/install/happymini_msgs/include/happymini_msgs/happymini_msgs/action
-- Up-to-date: /home/yuto/happymini_voice_offline/install/happymini_msgs/include/happymini_msgs/happymini_msgs/action/detail
-- Installing: /home/yuto/happymini_voice_offline/install/happymini_msgs/include/happymini_msgs/happymini_msgs/action/detail/grasp_bag__builder.hpp
-- Installing: /home/yuto/happymini_voice_offline/install/happymini_msgs/include/happymini_msgs/happymini_msgs/action/detail/grasp_bag__struct.hpp
-- Installing: /home/yuto/happymini_voice_offline/install/happymini_msgs/include/happymini_msgs/happymini_msgs/action/detail/grasp_bag__traits.hpp
-- Installing: /home/yuto/happymini_voice_offline/install/happymini_msgs/include/happymini_msgs/happymini_msgs/action/grasp_bag.hpp
-- Up-to-date: /home/yuto/happymini_voice_offline/install/happymini_msgs/include/happymini_msgs/happymini_msgs/srv
-- Up-to-date: /home/yuto/happymini_voice_offline/install/happymini_msgs/include/happymini_msgs/happymini_msgs/srv/detail
-- Installing: /home/yuto/happymini_voice_offline/install/happymini_msgs/include/happymini_msgs/happymini_msgs/srv/detail/bag_localization__builder.hpp
-- Installing: /home/yuto/happymini_voice_offline/install/happymini_msgs/include/happymini_msgs/happymini_msgs/srv/detail/grasp_bag__builder.hpp
-- Installing: /home/yuto/happymini_voice_offline/install/happymini_msgs/include/happymini_msgs/happymini_msgs/srv/detail/grasp_bag__struct.hpp
-- Installing: /home/yuto/happymini_voice_offline/install/happymini_msgs/include/happymini_msgs/happymini_msgs/srv/detail/bag_localization__traits.hpp
-- Installing: /home/yuto/happymini_voice_offline/install/happymini_msgs/include/happymini_msgs/happymini_msgs/srv/detail/bag_localization__struct.hpp
-- Installing: /home/yuto/happymini_voice_offline/install/happymini_msgs/include/happymini_msgs/happymini_msgs/srv/detail/grasp_bag__traits.hpp
-- Installing: /home/yuto/happymini_voice_offline/install/happymini_msgs/include/happymini_msgs/happymini_msgs/srv/grasp_bag.hpp
-- Installing: /home/yuto/happymini_voice_offline/install/happymini_msgs/include/happymini_msgs/happymini_msgs/srv/bag_localization.hpp
-- Up-to-date: /home/yuto/happymini_voice_offline/install/happymini_msgs/include/happymini_msgs/happymini_msgs
-- Up-to-date: /home/yuto/happymini_voice_offline/install/happymini_msgs/include/happymini_msgs/happymini_msgs/action
-- Up-to-date: /home/yuto/happymini_voice_offline/install/happymini_msgs/include/happymini_msgs/happymini_msgs/action/detail
-- Installing: /home/yuto/happymini_voice_offline/install/happymini_msgs/include/happymini_msgs/happymini_msgs/action/detail/dds_fastrtps
-- Installing: /home/yuto/happymini_voice_offline/install/happymini_msgs/include/happymini_msgs/happymini_msgs/action/detail/grasp_bag__rosidl_typesupport_fastrtps_cpp.hpp
-- Up-to-date: /home/yuto/happymini_voice_offline/install/happymini_msgs/include/happymini_msgs/happymini_msgs/msg
-- Installing: /home/yuto/happymini_voice_offline/install/happymini_msgs/include/happymini_msgs/happymini_msgs/msg/rosidl_typesupport_fastrtps_cpp__visibility_control.h
-- Up-to-date: /home/yuto/happymini_voice_offline/install/happymini_msgs/include/happymini_msgs/happymini_msgs/srv
-- Up-to-date: /home/yuto/happymini_voice_offline/install/happymini_msgs/include/happymini_msgs/happymini_msgs/srv/detail
-- Installing: /home/yuto/happymini_voice_offline/install/happymini_msgs/include/happymini_msgs/happymini_msgs/srv/detail/dds_fastrtps
-- Installing: /home/yuto/happymini_voice_offline/install/happymini_msgs/include/happymini_msgs/happymini_msgs/srv/detail/grasp_bag__rosidl_typesupport_fastrtps_cpp.hpp
-- Installing: /home/yuto/happymini_voice_offline/install/happymini_msgs/include/happymini_msgs/happymini_msgs/srv/detail/bag_localization__rosidl_typesupport_fastrtps_cpp.hpp
-- Installing: /home/yuto/happymini_voice_offline/install/happymini_msgs/lib/libhappymini_msgs__rosidl_typesupport_fastrtps_cpp.so
-- Set runtime path of "/home/yuto/happymini_voice_offline/install/happymini_msgs/lib/libhappymini_msgs__rosidl_typesupport_fastrtps_cpp.so" to ""
-- Up-to-date: /home/yuto/happymini_voice_offline/install/happymini_msgs/include/happymini_msgs/happymini_msgs
-- Up-to-date: /home/yuto/happymini_voice_offline/install/happymini_msgs/include/happymini_msgs/happymini_msgs/action
-- Up-to-date: /home/yuto/happymini_voice_offline/install/happymini_msgs/include/happymini_msgs/happymini_msgs/action/detail
-- Installing: /home/yuto/happymini_voice_offline/install/happymini_msgs/include/happymini_msgs/happymini_msgs/action/detail/grasp_bag__rosidl_typesupport_introspection_cpp.hpp
-- Installing: /home/yuto/happymini_voice_offline/install/happymini_msgs/include/happymini_msgs/happymini_msgs/action/detail/grasp_bag__type_support.cpp
-- Up-to-date: /home/yuto/happymini_voice_offline/install/happymini_msgs/include/happymini_msgs/happymini_msgs/srv
-- Up-to-date: /home/yuto/happymini_voice_offline/install/happymini_msgs/include/happymini_msgs/happymini_msgs/srv/detail
-- Installing: /home/yuto/happymini_voice_offline/install/happymini_msgs/include/happymini_msgs/happymini_msgs/srv/detail/bag_localization__rosidl_typesupport_introspection_cpp.hpp
-- Installing: /home/yuto/happymini_voice_offline/install/happymini_msgs/include/happymini_msgs/happymini_msgs/srv/detail/grasp_bag__rosidl_typesupport_introspection_cpp.hpp
-- Installing: /home/yuto/happymini_voice_offline/install/happymini_msgs/include/happymini_msgs/happymini_msgs/srv/detail/grasp_bag__type_support.cpp
-- Installing: /home/yuto/happymini_voice_offline/install/happymini_msgs/include/happymini_msgs/happymini_msgs/srv/detail/bag_localization__type_support.cpp
-- Installing: /home/yuto/happymini_voice_offline/install/happymini_msgs/lib/libhappymini_msgs__rosidl_typesupport_introspection_cpp.so
-- Set runtime path of "/home/yuto/happymini_voice_offline/install/happymini_msgs/lib/libhappymini_msgs__rosidl_typesupport_introspection_cpp.so" to ""
-- Installing: /home/yuto/happymini_voice_offline/install/happymini_msgs/lib/libhappymini_msgs__rosidl_typesupport_cpp.so
-- Set runtime path of "/home/yuto/happymini_voice_offline/install/happymini_msgs/lib/libhappymini_msgs__rosidl_typesupport_cpp.so" to ""
-- Installing: /home/yuto/happymini_voice_offline/install/happymini_msgs/share/happymini_msgs/environment/pythonpath.sh
-- Installing: /home/yuto/happymini_voice_offline/install/happymini_msgs/share/happymini_msgs/environment/pythonpath.dsv
-- Installing: /home/yuto/happymini_voice_offline/install/happymini_msgs/local/lib/python3.10/dist-packages/happymini_msgs-0.0.0-py3.10.egg-info
-- Installing: /home/yuto/happymini_voice_offline/install/happymini_msgs/local/lib/python3.10/dist-packages/happymini_msgs-0.0.0-py3.10.egg-info/dependency_links.txt
-- Installing: /home/yuto/happymini_voice_offline/install/happymini_msgs/local/lib/python3.10/dist-packages/happymini_msgs-0.0.0-py3.10.egg-info/top_level.txt
-- Installing: /home/yuto/happymini_voice_offline/install/happymini_msgs/local/lib/python3.10/dist-packages/happymini_msgs-0.0.0-py3.10.egg-info/SOURCES.txt
-- Installing: /home/yuto/happymini_voice_offline/install/happymini_msgs/local/lib/python3.10/dist-packages/happymini_msgs-0.0.0-py3.10.egg-info/PKG-INFO
-- Installing: /home/yuto/happymini_voice_offline/install/happymini_msgs/local/lib/python3.10/dist-packages/happymini_msgs
-- Installing: /home/yuto/happymini_voice_offline/install/happymini_msgs/local/lib/python3.10/dist-packages/happymini_msgs/happymini_msgs_s__rosidl_typesupport_introspection_c.cpython-310-x86_64-linux-gnu.so
-- Installing: /home/yuto/happymini_voice_offline/install/happymini_msgs/local/lib/python3.10/dist-packages/happymini_msgs/__init__.py
-- Installing: /home/yuto/happymini_voice_offline/install/happymini_msgs/local/lib/python3.10/dist-packages/happymini_msgs/_happymini_msgs_s.ep.rosidl_typesupport_fastrtps_c.c
-- Installing: /home/yuto/happymini_voice_offline/install/happymini_msgs/local/lib/python3.10/dist-packages/happymini_msgs/action
-- Installing: /home/yuto/happymini_voice_offline/install/happymini_msgs/local/lib/python3.10/dist-packages/happymini_msgs/action/__init__.py
-- Installing: /home/yuto/happymini_voice_offline/install/happymini_msgs/local/lib/python3.10/dist-packages/happymini_msgs/action/_grasp_bag_s.c
-- Installing: /home/yuto/happymini_voice_offline/install/happymini_msgs/local/lib/python3.10/dist-packages/happymini_msgs/action/_grasp_bag.py
-- Installing: /home/yuto/happymini_voice_offline/install/happymini_msgs/local/lib/python3.10/dist-packages/happymini_msgs/_happymini_msgs_s.ep.rosidl_typesupport_c.c
-- Installing: /home/yuto/happymini_voice_offline/install/happymini_msgs/local/lib/python3.10/dist-packages/happymini_msgs/libhappymini_msgs__rosidl_generator_py.so
-- Installing: /home/yuto/happymini_voice_offline/install/happymini_msgs/local/lib/python3.10/dist-packages/happymini_msgs/_happymini_msgs_s.ep.rosidl_typesupport_introspection_c.c
-- Installing: /home/yuto/happymini_voice_offline/install/happymini_msgs/local/lib/python3.10/dist-packages/happymini_msgs/srv
-- Installing: /home/yuto/happymini_voice_offline/install/happymini_msgs/local/lib/python3.10/dist-packages/happymini_msgs/srv/__init__.py
-- Installing: /home/yuto/happymini_voice_offline/install/happymini_msgs/local/lib/python3.10/dist-packages/happymini_msgs/srv/_grasp_bag_s.c
-- Installing: /home/yuto/happymini_voice_offline/install/happymini_msgs/local/lib/python3.10/dist-packages/happymini_msgs/srv/_grasp_bag.py
-- Installing: /home/yuto/happymini_voice_offline/install/happymini_msgs/local/lib/python3.10/dist-packages/happymini_msgs/srv/_bag_localization.py
-- Installing: /home/yuto/happymini_voice_offline/install/happymini_msgs/local/lib/python3.10/dist-packages/happymini_msgs/srv/_bag_localization_s.c
-- Installing: /home/yuto/happymini_voice_offline/install/happymini_msgs/local/lib/python3.10/dist-packages/happymini_msgs/happymini_msgs_s__rosidl_typesupport_fastrtps_c.cpython-310-x86_64-linux-gnu.so
-- Installing: /home/yuto/happymini_voice_offline/install/happymini_msgs/local/lib/python3.10/dist-packages/happymini_msgs/happymini_msgs_s__rosidl_typesupport_c.cpython-310-x86_64-linux-gnu.so
Listing '/home/yuto/happymini_voice_offline/install/happymini_msgs/local/lib/python3.10/dist-packages/happymini_msgs'...
Compiling '/home/yuto/happymini_voice_offline/install/happymini_msgs/local/lib/python3.10/dist-packages/happymini_msgs/__init__.py'...
Listing '/home/yuto/happymini_voice_offline/install/happymini_msgs/local/lib/python3.10/dist-packages/happymini_msgs/action'...
Compiling '/home/yuto/happymini_voice_offline/install/happymini_msgs/local/lib/python3.10/dist-packages/happymini_msgs/action/__init__.py'...
Compiling '/home/yuto/happymini_voice_offline/install/happymini_msgs/local/lib/python3.10/dist-packages/happymini_msgs/action/_grasp_bag.py'...
Listing '/home/yuto/happymini_voice_offline/install/happymini_msgs/local/lib/python3.10/dist-packages/happymini_msgs/srv'...
Compiling '/home/yuto/happymini_voice_offline/install/happymini_msgs/local/lib/python3.10/dist-packages/happymini_msgs/srv/__init__.py'...
Compiling '/home/yuto/happymini_voice_offline/install/happymini_msgs/local/lib/python3.10/dist-packages/happymini_msgs/srv/_bag_localization.py'...
Compiling '/home/yuto/happymini_voice_offline/install/happymini_msgs/local/lib/python3.10/dist-packages/happymini_msgs/srv/_grasp_bag.py'...
-- Installing: /home/yuto/happymini_voice_offline/install/happymini_msgs/local/lib/python3.10/dist-packages/happymini_msgs/happymini_msgs_s__rosidl_typesupport_fastrtps_c.cpython-310-x86_64-linux-gnu.so
-- Set runtime path of "/home/yuto/happymini_voice_offline/install/happymini_msgs/local/lib/python3.10/dist-packages/happymini_msgs/happymini_msgs_s__rosidl_typesupport_fastrtps_c.cpython-310-x86_64-linux-gnu.so" to ""
-- Installing: /home/yuto/happymini_voice_offline/install/happymini_msgs/local/lib/python3.10/dist-packages/happymini_msgs/happymini_msgs_s__rosidl_typesupport_introspection_c.cpython-310-x86_64-linux-gnu.so
-- Set runtime path of "/home/yuto/happymini_voice_offline/install/happymini_msgs/local/lib/python3.10/dist-packages/happymini_msgs/happymini_msgs_s__rosidl_typesupport_introspection_c.cpython-310-x86_64-linux-gnu.so" to ""
-- Installing: /home/yuto/happymini_voice_offline/install/happymini_msgs/local/lib/python3.10/dist-packages/happymini_msgs/happymini_msgs_s__rosidl_typesupport_c.cpython-310-x86_64-linux-gnu.so
-- Set runtime path of "/home/yuto/happymini_voice_offline/install/happymini_msgs/local/lib/python3.10/dist-packages/happymini_msgs/happymini_msgs_s__rosidl_typesupport_c.cpython-310-x86_64-linux-gnu.so" to ""
-- Installing: /home/yuto/happymini_voice_offline/install/happymini_msgs/lib/libhappymini_msgs__rosidl_generator_py.so
-- Set runtime path of "/home/yuto/happymini_voice_offline/install/happymini_msgs/lib/libhappymini_msgs__rosidl_generator_py.so" to ""
-- Installing: /home/yuto/happymini_voice_offline/install/happymini_msgs/share/happymini_msgs/srv/GraspBag.idl
-- Installing: /home/yuto/happymini_voice_offline/install/happymini_msgs/share/happymini_msgs/srv/BagLocalization.idl
-- Installing: /home/yuto/happymini_voice_offline/install/happymini_msgs/share/happymini_msgs/action/GraspBag.idl
-- Installing: /home/yuto/happymini_voice_offline/install/happymini_msgs/share/happymini_msgs/srv/GraspBag.srv
-- Installing: /home/yuto/happymini_voice_offline/install/happymini_msgs/share/happymini_msgs/srv/GraspBag_Request.msg
-- Installing: /home/yuto/happymini_voice_offline/install/happymini_msgs/share/happymini_msgs/srv/GraspBag_Response.msg
-- Installing: /home/yuto/happymini_voice_offline/install/happymini_msgs/share/happymini_msgs/srv/BagLocalization.srv
-- Installing: /home/yuto/happymini_voice_offline/install/happymini_msgs/share/happymini_msgs/srv/BagLocalization_Request.msg
-- Installing: /home/yuto/happymini_voice_offline/install/happymini_msgs/share/happymini_msgs/srv/BagLocalization_Response.msg
-- Installing: /home/yuto/happymini_voice_offline/install/happymini_msgs/share/happymini_msgs/action/GraspBag.action
-- Installing: /home/yuto/happymini_voice_offline/install/happymini_msgs/share/ament_index/resource_index/package_run_dependencies/happymini_msgs
-- Installing: /home/yuto/happymini_voice_offline/install/happymini_msgs/share/ament_index/resource_index/parent_prefix_path/happymini_msgs
-- Installing: /home/yuto/happymini_voice_offline/install/happymini_msgs/share/happymini_msgs/environment/ament_prefix_path.sh
-- Installing: /home/yuto/happymini_voice_offline/install/happymini_msgs/share/happymini_msgs/environment/ament_prefix_path.dsv
-- Installing: /home/yuto/happymini_voice_offline/install/happymini_msgs/share/happymini_msgs/environment/path.sh
-- Installing: /home/yuto/happymini_voice_offline/install/happymini_msgs/share/happymini_msgs/environment/path.dsv
-- Installing: /home/yuto/happymini_voice_offline/install/happymini_msgs/share/happymini_msgs/local_setup.bash
-- Installing: /home/yuto/happymini_voice_offline/install/happymini_msgs/share/happymini_msgs/local_setup.sh
-- Installing: /home/yuto/happymini_voice_offline/install/happymini_msgs/share/happymini_msgs/local_setup.zsh
-- Installing: /home/yuto/happymini_voice_offline/install/happymini_msgs/share/happymini_msgs/local_setup.dsv
-- Installing: /home/yuto/happymini_voice_offline/install/happymini_msgs/share/happymini_msgs/package.dsv
-- Installing: /home/yuto/happymini_voice_offline/install/happymini_msgs/share/ament_index/resource_index/packages/happymini_msgs
-- Installing: /home/yuto/happymini_voice_offline/install/happymini_msgs/share/happymini_msgs/cmake/export_happymini_msgs__rosidl_generator_cExport.cmake
-- Installing: /home/yuto/happymini_voice_offline/install/happymini_msgs/share/happymini_msgs/cmake/export_happymini_msgs__rosidl_generator_cExport-noconfig.cmake
-- Installing: /home/yuto/happymini_voice_offline/install/happymini_msgs/share/happymini_msgs/cmake/export_happymini_msgs__rosidl_typesupport_fastrtps_cExport.cmake
-- Installing: /home/yuto/happymini_voice_offline/install/happymini_msgs/share/happymini_msgs/cmake/export_happymini_msgs__rosidl_typesupport_fastrtps_cExport-noconfig.cmake
-- Installing: /home/yuto/happymini_voice_offline/install/happymini_msgs/share/happymini_msgs/cmake/happymini_msgs__rosidl_typesupport_introspection_cExport.cmake
-- Installing: /home/yuto/happymini_voice_offline/install/happymini_msgs/share/happymini_msgs/cmake/happymini_msgs__rosidl_typesupport_introspection_cExport-noconfig.cmake
-- Installing: /home/yuto/happymini_voice_offline/install/happymini_msgs/share/happymini_msgs/cmake/happymini_msgs__rosidl_typesupport_cExport.cmake
-- Installing: /home/yuto/happymini_voice_offline/install/happymini_msgs/share/happymini_msgs/cmake/happymini_msgs__rosidl_typesupport_cExport-noconfig.cmake
-- Installing: /home/yuto/happymini_voice_offline/install/happymini_msgs/share/happymini_msgs/cmake/export_happymini_msgs__rosidl_generator_cppExport.cmake
-- Installing: /home/yuto/happymini_voice_offline/install/happymini_msgs/share/happymini_msgs/cmake/export_happymini_msgs__rosidl_typesupport_fastrtps_cppExport.cmake
-- Installing: /home/yuto/happymini_voice_offline/install/happymini_msgs/share/happymini_msgs/cmake/export_happymini_msgs__rosidl_typesupport_fastrtps_cppExport-noconfig.cmake
-- Installing: /home/yuto/happymini_voice_offline/install/happymini_msgs/share/happymini_msgs/cmake/happymini_msgs__rosidl_typesupport_introspection_cppExport.cmake
-- Installing: /home/yuto/happymini_voice_offline/install/happymini_msgs/share/happymini_msgs/cmake/happymini_msgs__rosidl_typesupport_introspection_cppExport-noconfig.cmake
-- Installing: /home/yuto/happymini_voice_offline/install/happymini_msgs/share/happymini_msgs/cmake/happymini_msgs__rosidl_typesupport_cppExport.cmake
-- Installing: /home/yuto/happymini_voice_offline/install/happymini_msgs/share/happymini_msgs/cmake/happymini_msgs__rosidl_typesupport_cppExport-noconfig.cmake
-- Installing: /home/yuto/happymini_voice_offline/install/happymini_msgs/share/happymini_msgs/cmake/export_happymini_msgs__rosidl_generator_pyExport.cmake
-- Installing: /home/yuto/happymini_voice_offline/install/happymini_msgs/share/happymini_msgs/cmake/export_happymini_msgs__rosidl_generator_pyExport-noconfig.cmake
-- Installing: /home/yuto/happymini_voice_offline/install/happymini_msgs/share/happymini_msgs/cmake/rosidl_cmake-extras.cmake
-- Installing: /home/yuto/happymini_voice_offline/install/happymini_msgs/share/happymini_msgs/cmake/ament_cmake_export_dependencies-extras.cmake
-- Installing: /home/yuto/happymini_voice_offline/install/happymini_msgs/share/happymini_msgs/cmake/ament_cmake_export_include_directories-extras.cmake
-- Installing: /home/yuto/happymini_voice_offline/install/happymini_msgs/share/happymini_msgs/cmake/ament_cmake_export_libraries-extras.cmake
-- Installing: /home/yuto/happymini_voice_offline/install/happymini_msgs/share/happymini_msgs/cmake/ament_cmake_export_targets-extras.cmake
-- Installing: /home/yuto/happymini_voice_offline/install/happymini_msgs/share/happymini_msgs/cmake/rosidl_cmake_export_typesupport_targets-extras.cmake
-- Installing: /home/yuto/happymini_voice_offline/install/happymini_msgs/share/happymini_msgs/cmake/rosidl_cmake_export_typesupport_libraries-extras.cmake
-- Installing: /home/yuto/happymini_voice_offline/install/happymini_msgs/share/happymini_msgs/cmake/happymini_msgsConfig.cmake
-- Installing: /home/yuto/happymini_voice_offline/install/happymini_msgs/share/happymini_msgs/cmake/happymini_msgsConfig-version.cmake
-- Installing: /home/yuto/happymini_voice_offline/install/happymini_msgs/share/happymini_msgs/package.xml
