[0.422s] Invoking command in '/home/yuto/happymini_voice_offline/build/happymini_msgs': CMAKE_PREFIX_PATH=${CMAKE_PREFIX_PATH}:/home/yuto/happymini_voice_offline/install/speech_service:/home/yuto/happymini_voice_offline/install/happymini_teleop:/home/yuto/happymini_voice_offline/install/hand:/home/yuto/happymini_voice_offline/install/grasp_bag:/home/yuto/happymini_ws/install/speech_service:/home/yuto/hapyymini_voice/install/speech_service:/home/yuto/hapyymini_voice/install/happymini_teleop:/home/yuto/hapyymini_voice/install/hand:/home/yuto/hapyymini_voice/install/grasp_bag:/opt/ros/humble /home/yuto/.local/bin/cmake /home/yuto/happymini_voice_offline/src/happymini_ros2/happymini_msgs -DCMAKE_INSTALL_PREFIX=/home/yuto/happymini_voice_offline/install/happymini_msgs
[1.166s] -- The C compiler identification is GNU 11.3.0
[1.166s] -- The CXX compiler identification is GNU 11.3.0
[1.167s] -- Detecting C compiler ABI info
[1.189s] -- Detecting C compiler ABI info - done
[1.210s] -- Check for working C compiler: /usr/bin/cc - skipped
[1.210s] -- Detecting C compile features
[1.226s] -- Detecting C compile features - done
[1.288s] -- Detecting CXX compiler ABI info
[1.403s] -- Detecting CXX compiler ABI info - done
[1.418s] -- Check for working CXX compiler: /usr/bin/c++ - skipped
[1.418s] -- Detecting CXX compile features
[1.419s] -- Detecting CXX compile features - done
[1.538s] -- Found ament_cmake: 1.3.3 (/opt/ros/humble/share/ament_cmake/cmake)
[2.795s] -- Found Python3: /usr/bin/python3.10 (found version "3.10.6") found components: Interpreter 
[3.044s] -- Found rosidl_default_generators: 1.2.0 (/opt/ros/humble/share/rosidl_default_generators/cmake)
[3.067s] -- Using all available rosidl_typesupport_c: rosidl_typesupport_fastrtps_c;rosidl_typesupport_introspection_c
[3.105s] -- Found rosidl_adapter: 3.1.4 (/opt/ros/humble/share/rosidl_adapter/cmake)
[3.250s] -- Using all available rosidl_typesupport_cpp: rosidl_typesupport_fastrtps_cpp;rosidl_typesupport_introspection_cpp
[3.968s] -- Found ament_cmake_ros: 0.10.0 (/opt/ros/humble/share/ament_cmake_ros/cmake)
[4.081s] -- Using all available rosidl_typesupport_c: rosidl_typesupport_fastrtps_c;rosidl_typesupport_introspection_c
[4.222s] -- Using all available rosidl_typesupport_cpp: rosidl_typesupport_fastrtps_cpp;rosidl_typesupport_introspection_cpp
[4.248s] -- Found PythonInterp: /usr/bin/python3 (found suitable version "3.10.6", minimum required is "3.6") 
[4.250s] -- Found python_cmake_module: 0.10.0 (/opt/ros/humble/share/python_cmake_module/cmake)
[4.281s] -- Found PythonLibs: /usr/lib/x86_64-linux-gnu/libpython3.10.so (found suitable version "3.10.6", minimum required is "3.5") 
[4.281s] -- Using PYTHON_EXECUTABLE: /usr/bin/python3
[4.281s] -- Using PYTHON_INCLUDE_DIRS: /usr/include/python3.10
[4.281s] -- Using PYTHON_LIBRARIES: /usr/lib/x86_64-linux-gnu/libpython3.10.so
[4.306s] -- Found PythonExtra: .so  
[4.362s] -- Found ament_lint_auto: 0.12.5 (/opt/ros/humble/share/ament_lint_auto/cmake)
[4.386s] -- Added test 'lint_cmake' to check CMake code style
[4.389s] -- Added test 'xmllint' to check XML markup files
[4.392s] -- Configuring done (3.9s)
[4.437s] -- Generating done (0.0s)
[4.440s] -- Build files have been written to: /home/yuto/happymini_voice_offline/build/happymini_msgs
[4.458s] Invoked command in '/home/yuto/happymini_voice_offline/build/happymini_msgs' returned '0': CMAKE_PREFIX_PATH=${CMAKE_PREFIX_PATH}:/home/yuto/happymini_voice_offline/install/speech_service:/home/yuto/happymini_voice_offline/install/happymini_teleop:/home/yuto/happymini_voice_offline/install/hand:/home/yuto/happymini_voice_offline/install/grasp_bag:/home/yuto/happymini_ws/install/speech_service:/home/yuto/hapyymini_voice/install/speech_service:/home/yuto/hapyymini_voice/install/happymini_teleop:/home/yuto/hapyymini_voice/install/hand:/home/yuto/hapyymini_voice/install/grasp_bag:/opt/ros/humble /home/yuto/.local/bin/cmake /home/yuto/happymini_voice_offline/src/happymini_ros2/happymini_msgs -DCMAKE_INSTALL_PREFIX=/home/yuto/happymini_voice_offline/install/happymini_msgs
[4.459s] Invoking command in '/home/yuto/happymini_voice_offline/build/happymini_msgs': CMAKE_PREFIX_PATH=${CMAKE_PREFIX_PATH}:/home/yuto/happymini_voice_offline/install/speech_service:/home/yuto/happymini_voice_offline/install/happymini_teleop:/home/yuto/happymini_voice_offline/install/hand:/home/yuto/happymini_voice_offline/install/grasp_bag:/home/yuto/happymini_ws/install/speech_service:/home/yuto/hapyymini_voice/install/speech_service:/home/yuto/hapyymini_voice/install/happymini_teleop:/home/yuto/hapyymini_voice/install/hand:/home/yuto/hapyymini_voice/install/grasp_bag:/opt/ros/humble /home/yuto/.local/bin/cmake --build /home/yuto/happymini_voice_offline/build/happymini_msgs -- -j8 -l8
[4.510s] [  2%] [34m[1mGenerating C code for ROS interfaces[0m
[4.515s] [  4%] [34m[1mGenerating C++ code for ROS interfaces[0m
[4.516s] [  4%] Built target ament_cmake_python_copy_happymini_msgs
[4.825s] running egg_info
[4.826s] creating happymini_msgs.egg-info
[4.841s] writing happymini_msgs.egg-info/PKG-INFO
[4.841s] writing dependency_links to happymini_msgs.egg-info/dependency_links.txt
[4.842s] writing top-level names to happymini_msgs.egg-info/top_level.txt
[4.842s] writing manifest file 'happymini_msgs.egg-info/SOURCES.txt'
[4.903s] reading manifest file 'happymini_msgs.egg-info/SOURCES.txt'
[4.904s] writing manifest file 'happymini_msgs.egg-info/SOURCES.txt'
[4.950s] [  4%] Built target ament_cmake_python_build_happymini_msgs_egg
[5.439s] [  4%] Built target happymini_msgs__cpp
[5.444s] [ 10%] [34m[1mGenerating C++ type support for eProsima Fast-RTPS[0m
[5.444s] [ 10%] [34m[1mGenerating C++ introspection for ROS interfaces[0m
[5.445s] [ 10%] [34m[1mGenerating C++ type support dispatch for ROS interfaces[0m
[5.519s] [ 12%] [32mBuilding C object CMakeFiles/happymini_msgs__rosidl_generator_c.dir/rosidl_generator_c/happymini_msgs/srv/detail/grasp_bag__functions.c.o[0m
[5.532s] [ 14%] [32mBuilding C object CMakeFiles/happymini_msgs__rosidl_generator_c.dir/rosidl_generator_c/happymini_msgs/action/detail/grasp_bag__functions.c.o[0m
[5.543s] [ 17%] [32mBuilding C object CMakeFiles/happymini_msgs__rosidl_generator_c.dir/rosidl_generator_c/happymini_msgs/srv/detail/bag_localization__functions.c.o[0m
[5.828s] [ 19%] [32m[1mLinking C shared library libhappymini_msgs__rosidl_generator_c.so[0m
[5.924s] [ 19%] Built target happymini_msgs__rosidl_generator_c
[5.971s] [ 21%] [34m[1mGenerating C type support for eProsima Fast-RTPS[0m
[5.974s] [ 23%] [34m[1mGenerating C introspection for ROS interfaces[0m
[5.988s] [ 25%] [34m[1mGenerating C type support dispatch for ROS interfaces[0m
[6.510s] [ 27%] [32mBuilding CXX object CMakeFiles/happymini_msgs__rosidl_typesupport_cpp.dir/rosidl_typesupport_cpp/happymini_msgs/srv/grasp_bag__type_support.cpp.o[0m
[6.514s] [ 29%] [32mBuilding CXX object CMakeFiles/happymini_msgs__rosidl_typesupport_cpp.dir/rosidl_typesupport_cpp/happymini_msgs/srv/bag_localization__type_support.cpp.o[0m
[6.573s] [ 31%] [32mBuilding CXX object CMakeFiles/happymini_msgs__rosidl_typesupport_cpp.dir/rosidl_typesupport_cpp/happymini_msgs/action/grasp_bag__type_support.cpp.o[0m
[6.947s] [ 34%] [32mBuilding CXX object CMakeFiles/happymini_msgs__rosidl_typesupport_introspection_cpp.dir/rosidl_typesupport_introspection_cpp/happymini_msgs/srv/detail/grasp_bag__type_support.cpp.o[0m
[7.217s] [ 36%] [32mBuilding CXX object CMakeFiles/happymini_msgs__rosidl_typesupport_fastrtps_cpp.dir/rosidl_typesupport_fastrtps_cpp/happymini_msgs/srv/detail/dds_fastrtps/grasp_bag__type_support.cpp.o[0m
[7.260s] [  2%] [32mBuilding CXX object CMakeFiles/happymini_msgs__rosidl_typesupport_introspection_cpp.dir/rosidl_typesupport_introspection_cpp/happymini_msgs/srv/detail/bag_localization__type_support.cpp.o[0m
[7.399s] [ 21%] [32mBuilding CXX object CMakeFiles/happymini_msgs__rosidl_typesupport_fastrtps_c.dir/rosidl_typesupport_fastrtps_c/happymini_msgs/srv/detail/grasp_bag__type_support_c.cpp.o[0m
[8.001s] [ 31%] [34m[1mGenerating C type support dispatch for ROS interfaces[0m
[8.034s] [ 34%] [32mBuilding CXX object CMakeFiles/happymini_msgs__rosidl_typesupport_fastrtps_cpp.dir/rosidl_typesupport_fastrtps_cpp/happymini_msgs/srv/detail/dds_fastrtps/bag_localization__type_support.cpp.o[0m
[8.158s] [ 34%] [32mBuilding CXX object CMakeFiles/happymini_msgs__rosidl_typesupport_fastrtps_c.dir/rosidl_typesupport_fastrtps_c/happymini_msgs/srv/detail/bag_localization__type_support_c.cpp.o[0m
[8.553s] [ 36%] [32mBuilding CXX object CMakeFiles/happymini_msgs__rosidl_typesupport_introspection_cpp.dir/rosidl_typesupport_introspection_cpp/happymini_msgs/action/detail/grasp_bag__type_support.cpp.o[0m
[8.563s] [ 36%] [34m[1mGenerating C introspection for ROS interfaces[0m
[8.637s] [ 38%] [32mBuilding CXX object CMakeFiles/happymini_msgs__rosidl_typesupport_fastrtps_cpp.dir/rosidl_typesupport_fastrtps_cpp/happymini_msgs/action/detail/dds_fastrtps/grasp_bag__type_support.cpp.o[0m
[8.654s] [ 38%] [32mBuilding CXX object CMakeFiles/happymini_msgs__rosidl_typesupport_fastrtps_c.dir/rosidl_typesupport_fastrtps_c/happymini_msgs/action/detail/grasp_bag__type_support_c.cpp.o[0m
[9.259s] [ 42%] [32m[1mLinking CXX shared library libhappymini_msgs__rosidl_typesupport_cpp.so[0m
[9.473s] [ 48%] Built target happymini_msgs__rosidl_typesupport_cpp
[9.776s] [ 53%] [32mBuilding CXX object CMakeFiles/happymini_msgs__rosidl_typesupport_c.dir/rosidl_typesupport_c/happymini_msgs/srv/grasp_bag__type_support.cpp.o[0m
[9.912s] [ 55%] [32mBuilding CXX object CMakeFiles/happymini_msgs__rosidl_typesupport_c.dir/rosidl_typesupport_c/happymini_msgs/srv/bag_localization__type_support.cpp.o[0m
[9.947s] [ 55%] [32mBuilding CXX object CMakeFiles/happymini_msgs__rosidl_typesupport_c.dir/rosidl_typesupport_c/happymini_msgs/action/grasp_bag__type_support.cpp.o[0m
[10.074s] [ 57%] [32m[1mLinking CXX shared library libhappymini_msgs__rosidl_typesupport_c.so[0m
[10.223s] [ 57%] Built target happymini_msgs__rosidl_typesupport_c
[10.262s] [ 59%] [32m[1mLinking CXX shared library libhappymini_msgs__rosidl_typesupport_fastrtps_c.so[0m
[10.555s] [ 63%] Built target happymini_msgs__rosidl_typesupport_fastrtps_c
[10.727s] [ 65%] [32mBuilding C object CMakeFiles/happymini_msgs__rosidl_typesupport_introspection_c.dir/rosidl_typesupport_introspection_c/happymini_msgs/srv/detail/bag_localization__type_support.c.o[0m
[10.736s] [ 65%] [32mBuilding C object CMakeFiles/happymini_msgs__rosidl_typesupport_introspection_c.dir/rosidl_typesupport_introspection_c/happymini_msgs/srv/detail/grasp_bag__type_support.c.o[0m
[10.762s] [ 65%] [32mBuilding C object CMakeFiles/happymini_msgs__rosidl_typesupport_introspection_c.dir/rosidl_typesupport_introspection_c/happymini_msgs/action/detail/grasp_bag__type_support.c.o[0m
[10.927s] [ 68%] [32m[1mLinking C shared library libhappymini_msgs__rosidl_typesupport_introspection_c.so[0m
[11.039s] [ 70%] [32m[1mLinking CXX shared library libhappymini_msgs__rosidl_typesupport_fastrtps_cpp.so[0m
[11.047s] [ 70%] Built target happymini_msgs__rosidl_typesupport_introspection_c
[11.211s] [ 72%] [32m[1mLinking CXX shared library libhappymini_msgs__rosidl_typesupport_introspection_cpp.so[0m
[11.305s] [ 74%] Built target happymini_msgs__rosidl_typesupport_fastrtps_cpp
[11.411s] [ 76%] Built target happymini_msgs__rosidl_typesupport_introspection_cpp
[11.447s] [ 76%] Built target happymini_msgs
[11.482s] [ 78%] [34m[1mGenerating Python code for ROS interfaces[0m
[13.640s] [ 78%] Built target happymini_msgs__py
[13.647s] [ 80%] [32mBuilding C object CMakeFiles/happymini_msgs__rosidl_generator_py.dir/rosidl_generator_py/happymini_msgs/srv/_grasp_bag_s.c.o[0m
[13.647s] [ 82%] [32mBuilding C object CMakeFiles/happymini_msgs__rosidl_generator_py.dir/rosidl_generator_py/happymini_msgs/srv/_bag_localization_s.c.o[0m
[13.648s] [ 85%] [32mBuilding C object CMakeFiles/happymini_msgs__rosidl_generator_py.dir/rosidl_generator_py/happymini_msgs/action/_grasp_bag_s.c.o[0m
[13.787s] [ 87%] [32m[1mLinking C shared library rosidl_generator_py/happymini_msgs/libhappymini_msgs__rosidl_generator_py.so[0m
[13.828s] [ 87%] Built target happymini_msgs__rosidl_generator_py
[13.837s] [ 89%] [32mBuilding C object CMakeFiles/happymini_msgs__rosidl_typesupport_fastrtps_c__pyext.dir/rosidl_generator_py/happymini_msgs/_happymini_msgs_s.ep.rosidl_typesupport_fastrtps_c.c.o[0m
[13.837s] [ 91%] [32mBuilding C object CMakeFiles/happymini_msgs__rosidl_typesupport_introspection_c__pyext.dir/rosidl_generator_py/happymini_msgs/_happymini_msgs_s.ep.rosidl_typesupport_introspection_c.c.o[0m
[13.837s] [ 93%] [32mBuilding C object CMakeFiles/happymini_msgs__rosidl_typesupport_c__pyext.dir/rosidl_generator_py/happymini_msgs/_happymini_msgs_s.ep.rosidl_typesupport_c.c.o[0m
[13.978s] [ 95%] [32m[1mLinking C shared library rosidl_generator_py/happymini_msgs/happymini_msgs_s__rosidl_typesupport_introspection_c.cpython-310-x86_64-linux-gnu.so[0m
[14.010s] [ 95%] Built target happymini_msgs__rosidl_typesupport_introspection_c__pyext
[14.033s] [ 97%] [32m[1mLinking C shared library rosidl_generator_py/happymini_msgs/happymini_msgs_s__rosidl_typesupport_c.cpython-310-x86_64-linux-gnu.so[0m
[14.036s] [100%] [32m[1mLinking C shared library rosidl_generator_py/happymini_msgs/happymini_msgs_s__rosidl_typesupport_fastrtps_c.cpython-310-x86_64-linux-gnu.so[0m
[14.061s] [100%] Built target happymini_msgs__rosidl_typesupport_c__pyext
[14.067s] [100%] Built target happymini_msgs__rosidl_typesupport_fastrtps_c__pyext
[14.076s] Invoked command in '/home/yuto/happymini_voice_offline/build/happymini_msgs' returned '0': CMAKE_PREFIX_PATH=${CMAKE_PREFIX_PATH}:/home/yuto/happymini_voice_offline/install/speech_service:/home/yuto/happymini_voice_offline/install/happymini_teleop:/home/yuto/happymini_voice_offline/install/hand:/home/yuto/happymini_voice_offline/install/grasp_bag:/home/yuto/happymini_ws/install/speech_service:/home/yuto/hapyymini_voice/install/speech_service:/home/yuto/hapyymini_voice/install/happymini_teleop:/home/yuto/hapyymini_voice/install/hand:/home/yuto/hapyymini_voice/install/grasp_bag:/opt/ros/humble /home/yuto/.local/bin/cmake --build /home/yuto/happymini_voice_offline/build/happymini_msgs -- -j8 -l8
[14.172s] Invoking command in '/home/yuto/happymini_voice_offline/build/happymini_msgs': CMAKE_PREFIX_PATH=${CMAKE_PREFIX_PATH}:/home/yuto/happymini_voice_offline/install/speech_service:/home/yuto/happymini_voice_offline/install/happymini_teleop:/home/yuto/happymini_voice_offline/install/hand:/home/yuto/happymini_voice_offline/install/grasp_bag:/home/yuto/happymini_ws/install/speech_service:/home/yuto/hapyymini_voice/install/speech_service:/home/yuto/hapyymini_voice/install/happymini_teleop:/home/yuto/hapyymini_voice/install/hand:/home/yuto/hapyymini_voice/install/grasp_bag:/opt/ros/humble /home/yuto/.local/bin/cmake --install /home/yuto/happymini_voice_offline/build/happymini_msgs
[14.204s] -- Install configuration: ""
[14.204s] -- Installing: /home/yuto/happymini_voice_offline/install/happymini_msgs/share/ament_index/resource_index/rosidl_interfaces/happymini_msgs
[14.204s] -- Installing: /home/yuto/happymini_voice_offline/install/happymini_msgs/include/happymini_msgs/happymini_msgs
[14.204s] -- Installing: /home/yuto/happymini_voice_offline/install/happymini_msgs/include/happymini_msgs/happymini_msgs/action
[14.205s] -- Installing: /home/yuto/happymini_voice_offline/install/happymini_msgs/include/happymini_msgs/happymini_msgs/action/detail
[14.205s] -- Installing: /home/yuto/happymini_voice_offline/install/happymini_msgs/include/happymini_msgs/happymini_msgs/action/detail/grasp_bag__functions.h
[14.205s] -- Installing: /home/yuto/happymini_voice_offline/install/happymini_msgs/include/happymini_msgs/happymini_msgs/action/detail/grasp_bag__struct.h
[14.205s] -- Installing: /home/yuto/happymini_voice_offline/install/happymini_msgs/include/happymini_msgs/happymini_msgs/action/detail/grasp_bag__type_support.h
[14.205s] -- Installing: /home/yuto/happymini_voice_offline/install/happymini_msgs/include/happymini_msgs/happymini_msgs/action/detail/grasp_bag__functions.c
[14.205s] -- Installing: /home/yuto/happymini_voice_offline/install/happymini_msgs/include/happymini_msgs/happymini_msgs/action/grasp_bag.h
[14.206s] -- Installing: /home/yuto/happymini_voice_offline/install/happymini_msgs/include/happymini_msgs/happymini_msgs/msg
[14.206s] -- Installing: /home/yuto/happymini_voice_offline/install/happymini_msgs/include/happymini_msgs/happymini_msgs/msg/rosidl_generator_c__visibility_control.h
[14.206s] -- Installing: /home/yuto/happymini_voice_offline/install/happymini_msgs/include/happymini_msgs/happymini_msgs/srv
[14.206s] -- Installing: /home/yuto/happymini_voice_offline/install/happymini_msgs/include/happymini_msgs/happymini_msgs/srv/detail
[14.206s] -- Installing: /home/yuto/happymini_voice_offline/install/happymini_msgs/include/happymini_msgs/happymini_msgs/srv/detail/grasp_bag__functions.h
[14.206s] -- Installing: /home/yuto/happymini_voice_offline/install/happymini_msgs/include/happymini_msgs/happymini_msgs/srv/detail/grasp_bag__struct.h
[14.206s] -- Installing: /home/yuto/happymini_voice_offline/install/happymini_msgs/include/happymini_msgs/happymini_msgs/srv/detail/bag_localization__functions.h
[14.207s] -- Installing: /home/yuto/happymini_voice_offline/install/happymini_msgs/include/happymini_msgs/happymini_msgs/srv/detail/bag_localization__functions.c
[14.207s] -- Installing: /home/yuto/happymini_voice_offline/install/happymini_msgs/include/happymini_msgs/happymini_msgs/srv/detail/bag_localization__struct.h
[14.207s] -- Installing: /home/yuto/happymini_voice_offline/install/happymini_msgs/include/happymini_msgs/happymini_msgs/srv/detail/bag_localization__type_support.h
[14.207s] -- Installing: /home/yuto/happymini_voice_offline/install/happymini_msgs/include/happymini_msgs/happymini_msgs/srv/detail/grasp_bag__type_support.h
[14.207s] -- Installing: /home/yuto/happymini_voice_offline/install/happymini_msgs/include/happymini_msgs/happymini_msgs/srv/detail/grasp_bag__functions.c
[14.207s] -- Installing: /home/yuto/happymini_voice_offline/install/happymini_msgs/include/happymini_msgs/happymini_msgs/srv/bag_localization.h
[14.207s] -- Installing: /home/yuto/happymini_voice_offline/install/happymini_msgs/include/happymini_msgs/happymini_msgs/srv/grasp_bag.h
[14.207s] -- Installing: /home/yuto/happymini_voice_offline/install/happymini_msgs/share/happymini_msgs/environment/library_path.sh
[14.207s] -- Installing: /home/yuto/happymini_voice_offline/install/happymini_msgs/share/happymini_msgs/environment/library_path.dsv
[14.208s] -- Installing: /home/yuto/happymini_voice_offline/install/happymini_msgs/lib/libhappymini_msgs__rosidl_generator_c.so
[14.208s] -- Set runtime path of "/home/yuto/happymini_voice_offline/install/happymini_msgs/lib/libhappymini_msgs__rosidl_generator_c.so" to ""
[14.208s] -- Up-to-date: /home/yuto/happymini_voice_offline/install/happymini_msgs/include/happymini_msgs/happymini_msgs
[14.208s] -- Up-to-date: /home/yuto/happymini_voice_offline/install/happymini_msgs/include/happymini_msgs/happymini_msgs/action
[14.208s] -- Up-to-date: /home/yuto/happymini_voice_offline/install/happymini_msgs/include/happymini_msgs/happymini_msgs/action/detail
[14.209s] -- Installing: /home/yuto/happymini_voice_offline/install/happymini_msgs/include/happymini_msgs/happymini_msgs/action/detail/grasp_bag__rosidl_typesupport_fastrtps_c.h
[14.209s] -- Up-to-date: /home/yuto/happymini_voice_offline/install/happymini_msgs/include/happymini_msgs/happymini_msgs/msg
[14.209s] -- Installing: /home/yuto/happymini_voice_offline/install/happymini_msgs/include/happymini_msgs/happymini_msgs/msg/rosidl_typesupport_fastrtps_c__visibility_control.h
[14.209s] -- Up-to-date: /home/yuto/happymini_voice_offline/install/happymini_msgs/include/happymini_msgs/happymini_msgs/srv
[14.209s] -- Up-to-date: /home/yuto/happymini_voice_offline/install/happymini_msgs/include/happymini_msgs/happymini_msgs/srv/detail
[14.209s] -- Installing: /home/yuto/happymini_voice_offline/install/happymini_msgs/include/happymini_msgs/happymini_msgs/srv/detail/bag_localization__rosidl_typesupport_fastrtps_c.h
[14.209s] -- Installing: /home/yuto/happymini_voice_offline/install/happymini_msgs/include/happymini_msgs/happymini_msgs/srv/detail/grasp_bag__rosidl_typesupport_fastrtps_c.h
[14.209s] -- Installing: /home/yuto/happymini_voice_offline/install/happymini_msgs/lib/libhappymini_msgs__rosidl_typesupport_fastrtps_c.so
[14.210s] -- Set runtime path of "/home/yuto/happymini_voice_offline/install/happymini_msgs/lib/libhappymini_msgs__rosidl_typesupport_fastrtps_c.so" to ""
[14.210s] -- Up-to-date: /home/yuto/happymini_voice_offline/install/happymini_msgs/include/happymini_msgs/happymini_msgs
[14.210s] -- Up-to-date: /home/yuto/happymini_voice_offline/install/happymini_msgs/include/happymini_msgs/happymini_msgs/action
[14.210s] -- Up-to-date: /home/yuto/happymini_voice_offline/install/happymini_msgs/include/happymini_msgs/happymini_msgs/action/detail
[14.210s] -- Installing: /home/yuto/happymini_voice_offline/install/happymini_msgs/include/happymini_msgs/happymini_msgs/action/detail/grasp_bag__type_support.c
[14.210s] -- Installing: /home/yuto/happymini_voice_offline/install/happymini_msgs/include/happymini_msgs/happymini_msgs/action/detail/grasp_bag__rosidl_typesupport_introspection_c.h
[14.210s] -- Up-to-date: /home/yuto/happymini_voice_offline/install/happymini_msgs/include/happymini_msgs/happymini_msgs/msg
[14.210s] -- Installing: /home/yuto/happymini_voice_offline/install/happymini_msgs/include/happymini_msgs/happymini_msgs/msg/rosidl_typesupport_introspection_c__visibility_control.h
[14.211s] -- Up-to-date: /home/yuto/happymini_voice_offline/install/happymini_msgs/include/happymini_msgs/happymini_msgs/srv
[14.211s] -- Up-to-date: /home/yuto/happymini_voice_offline/install/happymini_msgs/include/happymini_msgs/happymini_msgs/srv/detail
[14.211s] -- Installing: /home/yuto/happymini_voice_offline/install/happymini_msgs/include/happymini_msgs/happymini_msgs/srv/detail/bag_localization__rosidl_typesupport_introspection_c.h
[14.211s] -- Installing: /home/yuto/happymini_voice_offline/install/happymini_msgs/include/happymini_msgs/happymini_msgs/srv/detail/grasp_bag__type_support.c
[14.211s] -- Installing: /home/yuto/happymini_voice_offline/install/happymini_msgs/include/happymini_msgs/happymini_msgs/srv/detail/grasp_bag__rosidl_typesupport_introspection_c.h
[14.211s] -- Installing: /home/yuto/happymini_voice_offline/install/happymini_msgs/include/happymini_msgs/happymini_msgs/srv/detail/bag_localization__type_support.c
[14.211s] -- Installing: /home/yuto/happymini_voice_offline/install/happymini_msgs/lib/libhappymini_msgs__rosidl_typesupport_introspection_c.so
[14.211s] -- Set runtime path of "/home/yuto/happymini_voice_offline/install/happymini_msgs/lib/libhappymini_msgs__rosidl_typesupport_introspection_c.so" to ""
[14.212s] -- Installing: /home/yuto/happymini_voice_offline/install/happymini_msgs/lib/libhappymini_msgs__rosidl_typesupport_c.so
[14.212s] -- Set runtime path of "/home/yuto/happymini_voice_offline/install/happymini_msgs/lib/libhappymini_msgs__rosidl_typesupport_c.so" to ""
[14.212s] -- Up-to-date: /home/yuto/happymini_voice_offline/install/happymini_msgs/include/happymini_msgs/happymini_msgs
[14.212s] -- Up-to-date: /home/yuto/happymini_voice_offline/install/happymini_msgs/include/happymini_msgs/happymini_msgs/action
[14.212s] -- Up-to-date: /home/yuto/happymini_voice_offline/install/happymini_msgs/include/happymini_msgs/happymini_msgs/action/detail
[14.212s] -- Installing: /home/yuto/happymini_voice_offline/install/happymini_msgs/include/happymini_msgs/happymini_msgs/action/detail/grasp_bag__builder.hpp
[14.212s] -- Installing: /home/yuto/happymini_voice_offline/install/happymini_msgs/include/happymini_msgs/happymini_msgs/action/detail/grasp_bag__struct.hpp
[14.212s] -- Installing: /home/yuto/happymini_voice_offline/install/happymini_msgs/include/happymini_msgs/happymini_msgs/action/detail/grasp_bag__traits.hpp
[14.213s] -- Installing: /home/yuto/happymini_voice_offline/install/happymini_msgs/include/happymini_msgs/happymini_msgs/action/grasp_bag.hpp
[14.213s] -- Up-to-date: /home/yuto/happymini_voice_offline/install/happymini_msgs/include/happymini_msgs/happymini_msgs/srv
[14.213s] -- Up-to-date: /home/yuto/happymini_voice_offline/install/happymini_msgs/include/happymini_msgs/happymini_msgs/srv/detail
[14.213s] -- Installing: /home/yuto/happymini_voice_offline/install/happymini_msgs/include/happymini_msgs/happymini_msgs/srv/detail/bag_localization__builder.hpp
[14.213s] -- Installing: /home/yuto/happymini_voice_offline/install/happymini_msgs/include/happymini_msgs/happymini_msgs/srv/detail/grasp_bag__builder.hpp
[14.213s] -- Installing: /home/yuto/happymini_voice_offline/install/happymini_msgs/include/happymini_msgs/happymini_msgs/srv/detail/grasp_bag__struct.hpp
[14.213s] -- Installing: /home/yuto/happymini_voice_offline/install/happymini_msgs/include/happymini_msgs/happymini_msgs/srv/detail/bag_localization__traits.hpp
[14.213s] -- Installing: /home/yuto/happymini_voice_offline/install/happymini_msgs/include/happymini_msgs/happymini_msgs/srv/detail/bag_localization__struct.hpp
[14.214s] -- Installing: /home/yuto/happymini_voice_offline/install/happymini_msgs/include/happymini_msgs/happymini_msgs/srv/detail/grasp_bag__traits.hpp
[14.214s] -- Installing: /home/yuto/happymini_voice_offline/install/happymini_msgs/include/happymini_msgs/happymini_msgs/srv/grasp_bag.hpp
[14.214s] -- Installing: /home/yuto/happymini_voice_offline/install/happymini_msgs/include/happymini_msgs/happymini_msgs/srv/bag_localization.hpp
[14.214s] -- Up-to-date: /home/yuto/happymini_voice_offline/install/happymini_msgs/include/happymini_msgs/happymini_msgs
[14.214s] -- Up-to-date: /home/yuto/happymini_voice_offline/install/happymini_msgs/include/happymini_msgs/happymini_msgs/action
[14.214s] -- Up-to-date: /home/yuto/happymini_voice_offline/install/happymini_msgs/include/happymini_msgs/happymini_msgs/action/detail
[14.214s] -- Installing: /home/yuto/happymini_voice_offline/install/happymini_msgs/include/happymini_msgs/happymini_msgs/action/detail/dds_fastrtps
[14.214s] -- Installing: /home/yuto/happymini_voice_offline/install/happymini_msgs/include/happymini_msgs/happymini_msgs/action/detail/grasp_bag__rosidl_typesupport_fastrtps_cpp.hpp
[14.215s] -- Up-to-date: /home/yuto/happymini_voice_offline/install/happymini_msgs/include/happymini_msgs/happymini_msgs/msg
[14.215s] -- Installing: /home/yuto/happymini_voice_offline/install/happymini_msgs/include/happymini_msgs/happymini_msgs/msg/rosidl_typesupport_fastrtps_cpp__visibility_control.h
[14.215s] -- Up-to-date: /home/yuto/happymini_voice_offline/install/happymini_msgs/include/happymini_msgs/happymini_msgs/srv
[14.215s] -- Up-to-date: /home/yuto/happymini_voice_offline/install/happymini_msgs/include/happymini_msgs/happymini_msgs/srv/detail
[14.215s] -- Installing: /home/yuto/happymini_voice_offline/install/happymini_msgs/include/happymini_msgs/happymini_msgs/srv/detail/dds_fastrtps
[14.215s] -- Installing: /home/yuto/happymini_voice_offline/install/happymini_msgs/include/happymini_msgs/happymini_msgs/srv/detail/grasp_bag__rosidl_typesupport_fastrtps_cpp.hpp
[14.215s] -- Installing: /home/yuto/happymini_voice_offline/install/happymini_msgs/include/happymini_msgs/happymini_msgs/srv/detail/bag_localization__rosidl_typesupport_fastrtps_cpp.hpp
[14.215s] -- Installing: /home/yuto/happymini_voice_offline/install/happymini_msgs/lib/libhappymini_msgs__rosidl_typesupport_fastrtps_cpp.so
[14.216s] -- Set runtime path of "/home/yuto/happymini_voice_offline/install/happymini_msgs/lib/libhappymini_msgs__rosidl_typesupport_fastrtps_cpp.so" to ""
[14.216s] -- Up-to-date: /home/yuto/happymini_voice_offline/install/happymini_msgs/include/happymini_msgs/happymini_msgs
[14.216s] -- Up-to-date: /home/yuto/happymini_voice_offline/install/happymini_msgs/include/happymini_msgs/happymini_msgs/action
[14.216s] -- Up-to-date: /home/yuto/happymini_voice_offline/install/happymini_msgs/include/happymini_msgs/happymini_msgs/action/detail
[14.216s] -- Installing: /home/yuto/happymini_voice_offline/install/happymini_msgs/include/happymini_msgs/happymini_msgs/action/detail/grasp_bag__rosidl_typesupport_introspection_cpp.hpp
[14.216s] -- Installing: /home/yuto/happymini_voice_offline/install/happymini_msgs/include/happymini_msgs/happymini_msgs/action/detail/grasp_bag__type_support.cpp
[14.216s] -- Up-to-date: /home/yuto/happymini_voice_offline/install/happymini_msgs/include/happymini_msgs/happymini_msgs/srv
[14.216s] -- Up-to-date: /home/yuto/happymini_voice_offline/install/happymini_msgs/include/happymini_msgs/happymini_msgs/srv/detail
[14.217s] -- Installing: /home/yuto/happymini_voice_offline/install/happymini_msgs/include/happymini_msgs/happymini_msgs/srv/detail/bag_localization__rosidl_typesupport_introspection_cpp.hpp
[14.217s] -- Installing: /home/yuto/happymini_voice_offline/install/happymini_msgs/include/happymini_msgs/happymini_msgs/srv/detail/grasp_bag__rosidl_typesupport_introspection_cpp.hpp
[14.217s] -- Installing: /home/yuto/happymini_voice_offline/install/happymini_msgs/include/happymini_msgs/happymini_msgs/srv/detail/grasp_bag__type_support.cpp
[14.217s] -- Installing: /home/yuto/happymini_voice_offline/install/happymini_msgs/include/happymini_msgs/happymini_msgs/srv/detail/bag_localization__type_support.cpp
[14.217s] -- Installing: /home/yuto/happymini_voice_offline/install/happymini_msgs/lib/libhappymini_msgs__rosidl_typesupport_introspection_cpp.so
[14.217s] -- Set runtime path of "/home/yuto/happymini_voice_offline/install/happymini_msgs/lib/libhappymini_msgs__rosidl_typesupport_introspection_cpp.so" to ""
[14.217s] -- Installing: /home/yuto/happymini_voice_offline/install/happymini_msgs/lib/libhappymini_msgs__rosidl_typesupport_cpp.so
[14.217s] -- Set runtime path of "/home/yuto/happymini_voice_offline/install/happymini_msgs/lib/libhappymini_msgs__rosidl_typesupport_cpp.so" to ""
[14.217s] -- Installing: /home/yuto/happymini_voice_offline/install/happymini_msgs/share/happymini_msgs/environment/pythonpath.sh
[14.218s] -- Installing: /home/yuto/happymini_voice_offline/install/happymini_msgs/share/happymini_msgs/environment/pythonpath.dsv
[14.218s] -- Installing: /home/yuto/happymini_voice_offline/install/happymini_msgs/local/lib/python3.10/dist-packages/happymini_msgs-0.0.0-py3.10.egg-info
[14.218s] -- Installing: /home/yuto/happymini_voice_offline/install/happymini_msgs/local/lib/python3.10/dist-packages/happymini_msgs-0.0.0-py3.10.egg-info/dependency_links.txt
[14.218s] -- Installing: /home/yuto/happymini_voice_offline/install/happymini_msgs/local/lib/python3.10/dist-packages/happymini_msgs-0.0.0-py3.10.egg-info/top_level.txt
[14.218s] -- Installing: /home/yuto/happymini_voice_offline/install/happymini_msgs/local/lib/python3.10/dist-packages/happymini_msgs-0.0.0-py3.10.egg-info/SOURCES.txt
[14.218s] -- Installing: /home/yuto/happymini_voice_offline/install/happymini_msgs/local/lib/python3.10/dist-packages/happymini_msgs-0.0.0-py3.10.egg-info/PKG-INFO
[14.218s] -- Installing: /home/yuto/happymini_voice_offline/install/happymini_msgs/local/lib/python3.10/dist-packages/happymini_msgs
[14.219s] -- Installing: /home/yuto/happymini_voice_offline/install/happymini_msgs/local/lib/python3.10/dist-packages/happymini_msgs/happymini_msgs_s__rosidl_typesupport_introspection_c.cpython-310-x86_64-linux-gnu.so
[14.219s] -- Installing: /home/yuto/happymini_voice_offline/install/happymini_msgs/local/lib/python3.10/dist-packages/happymini_msgs/__init__.py
[14.219s] -- Installing: /home/yuto/happymini_voice_offline/install/happymini_msgs/local/lib/python3.10/dist-packages/happymini_msgs/_happymini_msgs_s.ep.rosidl_typesupport_fastrtps_c.c
[14.219s] -- Installing: /home/yuto/happymini_voice_offline/install/happymini_msgs/local/lib/python3.10/dist-packages/happymini_msgs/action
[14.219s] -- Installing: /home/yuto/happymini_voice_offline/install/happymini_msgs/local/lib/python3.10/dist-packages/happymini_msgs/action/__init__.py
[14.219s] -- Installing: /home/yuto/happymini_voice_offline/install/happymini_msgs/local/lib/python3.10/dist-packages/happymini_msgs/action/_grasp_bag_s.c
[14.220s] -- Installing: /home/yuto/happymini_voice_offline/install/happymini_msgs/local/lib/python3.10/dist-packages/happymini_msgs/action/_grasp_bag.py
[14.220s] -- Installing: /home/yuto/happymini_voice_offline/install/happymini_msgs/local/lib/python3.10/dist-packages/happymini_msgs/_happymini_msgs_s.ep.rosidl_typesupport_c.c
[14.220s] -- Installing: /home/yuto/happymini_voice_offline/install/happymini_msgs/local/lib/python3.10/dist-packages/happymini_msgs/libhappymini_msgs__rosidl_generator_py.so
[14.220s] -- Installing: /home/yuto/happymini_voice_offline/install/happymini_msgs/local/lib/python3.10/dist-packages/happymini_msgs/_happymini_msgs_s.ep.rosidl_typesupport_introspection_c.c
[14.220s] -- Installing: /home/yuto/happymini_voice_offline/install/happymini_msgs/local/lib/python3.10/dist-packages/happymini_msgs/srv
[14.220s] -- Installing: /home/yuto/happymini_voice_offline/install/happymini_msgs/local/lib/python3.10/dist-packages/happymini_msgs/srv/__init__.py
[14.221s] -- Installing: /home/yuto/happymini_voice_offline/install/happymini_msgs/local/lib/python3.10/dist-packages/happymini_msgs/srv/_grasp_bag_s.c
[14.221s] -- Installing: /home/yuto/happymini_voice_offline/install/happymini_msgs/local/lib/python3.10/dist-packages/happymini_msgs/srv/_grasp_bag.py
[14.221s] -- Installing: /home/yuto/happymini_voice_offline/install/happymini_msgs/local/lib/python3.10/dist-packages/happymini_msgs/srv/_bag_localization.py
[14.221s] -- Installing: /home/yuto/happymini_voice_offline/install/happymini_msgs/local/lib/python3.10/dist-packages/happymini_msgs/srv/_bag_localization_s.c
[14.221s] -- Installing: /home/yuto/happymini_voice_offline/install/happymini_msgs/local/lib/python3.10/dist-packages/happymini_msgs/happymini_msgs_s__rosidl_typesupport_fastrtps_c.cpython-310-x86_64-linux-gnu.so
[14.221s] -- Installing: /home/yuto/happymini_voice_offline/install/happymini_msgs/local/lib/python3.10/dist-packages/happymini_msgs/happymini_msgs_s__rosidl_typesupport_c.cpython-310-x86_64-linux-gnu.so
[14.270s] Listing '/home/yuto/happymini_voice_offline/install/happymini_msgs/local/lib/python3.10/dist-packages/happymini_msgs'...
[14.270s] Compiling '/home/yuto/happymini_voice_offline/install/happymini_msgs/local/lib/python3.10/dist-packages/happymini_msgs/__init__.py'...
[14.270s] Listing '/home/yuto/happymini_voice_offline/install/happymini_msgs/local/lib/python3.10/dist-packages/happymini_msgs/action'...
[14.270s] Compiling '/home/yuto/happymini_voice_offline/install/happymini_msgs/local/lib/python3.10/dist-packages/happymini_msgs/action/__init__.py'...
[14.270s] Compiling '/home/yuto/happymini_voice_offline/install/happymini_msgs/local/lib/python3.10/dist-packages/happymini_msgs/action/_grasp_bag.py'...
[14.270s] Listing '/home/yuto/happymini_voice_offline/install/happymini_msgs/local/lib/python3.10/dist-packages/happymini_msgs/srv'...
[14.270s] Compiling '/home/yuto/happymini_voice_offline/install/happymini_msgs/local/lib/python3.10/dist-packages/happymini_msgs/srv/__init__.py'...
[14.271s] Compiling '/home/yuto/happymini_voice_offline/install/happymini_msgs/local/lib/python3.10/dist-packages/happymini_msgs/srv/_bag_localization.py'...
[14.271s] Compiling '/home/yuto/happymini_voice_offline/install/happymini_msgs/local/lib/python3.10/dist-packages/happymini_msgs/srv/_grasp_bag.py'...
[14.275s] -- Installing: /home/yuto/happymini_voice_offline/install/happymini_msgs/local/lib/python3.10/dist-packages/happymini_msgs/happymini_msgs_s__rosidl_typesupport_fastrtps_c.cpython-310-x86_64-linux-gnu.so
[14.275s] -- Set runtime path of "/home/yuto/happymini_voice_offline/install/happymini_msgs/local/lib/python3.10/dist-packages/happymini_msgs/happymini_msgs_s__rosidl_typesupport_fastrtps_c.cpython-310-x86_64-linux-gnu.so" to ""
[14.276s] -- Installing: /home/yuto/happymini_voice_offline/install/happymini_msgs/local/lib/python3.10/dist-packages/happymini_msgs/happymini_msgs_s__rosidl_typesupport_introspection_c.cpython-310-x86_64-linux-gnu.so
[14.276s] -- Set runtime path of "/home/yuto/happymini_voice_offline/install/happymini_msgs/local/lib/python3.10/dist-packages/happymini_msgs/happymini_msgs_s__rosidl_typesupport_introspection_c.cpython-310-x86_64-linux-gnu.so" to ""
[14.276s] -- Installing: /home/yuto/happymini_voice_offline/install/happymini_msgs/local/lib/python3.10/dist-packages/happymini_msgs/happymini_msgs_s__rosidl_typesupport_c.cpython-310-x86_64-linux-gnu.so
[14.276s] -- Set runtime path of "/home/yuto/happymini_voice_offline/install/happymini_msgs/local/lib/python3.10/dist-packages/happymini_msgs/happymini_msgs_s__rosidl_typesupport_c.cpython-310-x86_64-linux-gnu.so" to ""
[14.276s] -- Installing: /home/yuto/happymini_voice_offline/install/happymini_msgs/lib/libhappymini_msgs__rosidl_generator_py.so
[14.277s] -- Set runtime path of "/home/yuto/happymini_voice_offline/install/happymini_msgs/lib/libhappymini_msgs__rosidl_generator_py.so" to ""
[14.277s] -- Installing: /home/yuto/happymini_voice_offline/install/happymini_msgs/share/happymini_msgs/srv/GraspBag.idl
[14.277s] -- Installing: /home/yuto/happymini_voice_offline/install/happymini_msgs/share/happymini_msgs/srv/BagLocalization.idl
[14.277s] -- Installing: /home/yuto/happymini_voice_offline/install/happymini_msgs/share/happymini_msgs/action/GraspBag.idl
[14.277s] -- Installing: /home/yuto/happymini_voice_offline/install/happymini_msgs/share/happymini_msgs/srv/GraspBag.srv
[14.277s] -- Installing: /home/yuto/happymini_voice_offline/install/happymini_msgs/share/happymini_msgs/srv/GraspBag_Request.msg
[14.278s] -- Installing: /home/yuto/happymini_voice_offline/install/happymini_msgs/share/happymini_msgs/srv/GraspBag_Response.msg
[14.278s] -- Installing: /home/yuto/happymini_voice_offline/install/happymini_msgs/share/happymini_msgs/srv/BagLocalization.srv
[14.278s] -- Installing: /home/yuto/happymini_voice_offline/install/happymini_msgs/share/happymini_msgs/srv/BagLocalization_Request.msg
[14.278s] -- Installing: /home/yuto/happymini_voice_offline/install/happymini_msgs/share/happymini_msgs/srv/BagLocalization_Response.msg
[14.278s] -- Installing: /home/yuto/happymini_voice_offline/install/happymini_msgs/share/happymini_msgs/action/GraspBag.action
[14.278s] -- Installing: /home/yuto/happymini_voice_offline/install/happymini_msgs/share/ament_index/resource_index/package_run_dependencies/happymini_msgs
[14.279s] -- Installing: /home/yuto/happymini_voice_offline/install/happymini_msgs/share/ament_index/resource_index/parent_prefix_path/happymini_msgs
[14.279s] -- Installing: /home/yuto/happymini_voice_offline/install/happymini_msgs/share/happymini_msgs/environment/ament_prefix_path.sh
[14.279s] -- Installing: /home/yuto/happymini_voice_offline/install/happymini_msgs/share/happymini_msgs/environment/ament_prefix_path.dsv
[14.279s] -- Installing: /home/yuto/happymini_voice_offline/install/happymini_msgs/share/happymini_msgs/environment/path.sh
[14.279s] -- Installing: /home/yuto/happymini_voice_offline/install/happymini_msgs/share/happymini_msgs/environment/path.dsv
[14.279s] -- Installing: /home/yuto/happymini_voice_offline/install/happymini_msgs/share/happymini_msgs/local_setup.bash
[14.280s] -- Installing: /home/yuto/happymini_voice_offline/install/happymini_msgs/share/happymini_msgs/local_setup.sh
[14.280s] -- Installing: /home/yuto/happymini_voice_offline/install/happymini_msgs/share/happymini_msgs/local_setup.zsh
[14.280s] -- Installing: /home/yuto/happymini_voice_offline/install/happymini_msgs/share/happymini_msgs/local_setup.dsv
[14.280s] -- Installing: /home/yuto/happymini_voice_offline/install/happymini_msgs/share/happymini_msgs/package.dsv
[14.280s] -- Installing: /home/yuto/happymini_voice_offline/install/happymini_msgs/share/ament_index/resource_index/packages/happymini_msgs
[14.280s] -- Installing: /home/yuto/happymini_voice_offline/install/happymini_msgs/share/happymini_msgs/cmake/export_happymini_msgs__rosidl_generator_cExport.cmake
[14.281s] -- Installing: /home/yuto/happymini_voice_offline/install/happymini_msgs/share/happymini_msgs/cmake/export_happymini_msgs__rosidl_generator_cExport-noconfig.cmake
[14.281s] -- Installing: /home/yuto/happymini_voice_offline/install/happymini_msgs/share/happymini_msgs/cmake/export_happymini_msgs__rosidl_typesupport_fastrtps_cExport.cmake
[14.281s] -- Installing: /home/yuto/happymini_voice_offline/install/happymini_msgs/share/happymini_msgs/cmake/export_happymini_msgs__rosidl_typesupport_fastrtps_cExport-noconfig.cmake
[14.281s] -- Installing: /home/yuto/happymini_voice_offline/install/happymini_msgs/share/happymini_msgs/cmake/happymini_msgs__rosidl_typesupport_introspection_cExport.cmake
[14.281s] -- Installing: /home/yuto/happymini_voice_offline/install/happymini_msgs/share/happymini_msgs/cmake/happymini_msgs__rosidl_typesupport_introspection_cExport-noconfig.cmake
[14.281s] -- Installing: /home/yuto/happymini_voice_offline/install/happymini_msgs/share/happymini_msgs/cmake/happymini_msgs__rosidl_typesupport_cExport.cmake
[14.282s] -- Installing: /home/yuto/happymini_voice_offline/install/happymini_msgs/share/happymini_msgs/cmake/happymini_msgs__rosidl_typesupport_cExport-noconfig.cmake
[14.282s] -- Installing: /home/yuto/happymini_voice_offline/install/happymini_msgs/share/happymini_msgs/cmake/export_happymini_msgs__rosidl_generator_cppExport.cmake
[14.282s] -- Installing: /home/yuto/happymini_voice_offline/install/happymini_msgs/share/happymini_msgs/cmake/export_happymini_msgs__rosidl_typesupport_fastrtps_cppExport.cmake
[14.282s] -- Installing: /home/yuto/happymini_voice_offline/install/happymini_msgs/share/happymini_msgs/cmake/export_happymini_msgs__rosidl_typesupport_fastrtps_cppExport-noconfig.cmake
[14.282s] -- Installing: /home/yuto/happymini_voice_offline/install/happymini_msgs/share/happymini_msgs/cmake/happymini_msgs__rosidl_typesupport_introspection_cppExport.cmake
[14.282s] -- Installing: /home/yuto/happymini_voice_offline/install/happymini_msgs/share/happymini_msgs/cmake/happymini_msgs__rosidl_typesupport_introspection_cppExport-noconfig.cmake
[14.283s] -- Installing: /home/yuto/happymini_voice_offline/install/happymini_msgs/share/happymini_msgs/cmake/happymini_msgs__rosidl_typesupport_cppExport.cmake
[14.283s] -- Installing: /home/yuto/happymini_voice_offline/install/happymini_msgs/share/happymini_msgs/cmake/happymini_msgs__rosidl_typesupport_cppExport-noconfig.cmake
[14.283s] -- Installing: /home/yuto/happymini_voice_offline/install/happymini_msgs/share/happymini_msgs/cmake/export_happymini_msgs__rosidl_generator_pyExport.cmake
[14.283s] -- Installing: /home/yuto/happymini_voice_offline/install/happymini_msgs/share/happymini_msgs/cmake/export_happymini_msgs__rosidl_generator_pyExport-noconfig.cmake
[14.283s] -- Installing: /home/yuto/happymini_voice_offline/install/happymini_msgs/share/happymini_msgs/cmake/rosidl_cmake-extras.cmake
[14.283s] -- Installing: /home/yuto/happymini_voice_offline/install/happymini_msgs/share/happymini_msgs/cmake/ament_cmake_export_dependencies-extras.cmake
[14.284s] -- Installing: /home/yuto/happymini_voice_offline/install/happymini_msgs/share/happymini_msgs/cmake/ament_cmake_export_include_directories-extras.cmake
[14.284s] -- Installing: /home/yuto/happymini_voice_offline/install/happymini_msgs/share/happymini_msgs/cmake/ament_cmake_export_libraries-extras.cmake
[14.284s] -- Installing: /home/yuto/happymini_voice_offline/install/happymini_msgs/share/happymini_msgs/cmake/ament_cmake_export_targets-extras.cmake
[14.284s] -- Installing: /home/yuto/happymini_voice_offline/install/happymini_msgs/share/happymini_msgs/cmake/rosidl_cmake_export_typesupport_targets-extras.cmake
[14.284s] -- Installing: /home/yuto/happymini_voice_offline/install/happymini_msgs/share/happymini_msgs/cmake/rosidl_cmake_export_typesupport_libraries-extras.cmake
[14.284s] -- Installing: /home/yuto/happymini_voice_offline/install/happymini_msgs/share/happymini_msgs/cmake/happymini_msgsConfig.cmake
[14.285s] -- Installing: /home/yuto/happymini_voice_offline/install/happymini_msgs/share/happymini_msgs/cmake/happymini_msgsConfig-version.cmake
[14.285s] -- Installing: /home/yuto/happymini_voice_offline/install/happymini_msgs/share/happymini_msgs/package.xml
[14.292s] Invoked command in '/home/yuto/happymini_voice_offline/build/happymini_msgs' returned '0': CMAKE_PREFIX_PATH=${CMAKE_PREFIX_PATH}:/home/yuto/happymini_voice_offline/install/speech_service:/home/yuto/happymini_voice_offline/install/happymini_teleop:/home/yuto/happymini_voice_offline/install/hand:/home/yuto/happymini_voice_offline/install/grasp_bag:/home/yuto/happymini_ws/install/speech_service:/home/yuto/hapyymini_voice/install/speech_service:/home/yuto/hapyymini_voice/install/happymini_teleop:/home/yuto/hapyymini_voice/install/hand:/home/yuto/hapyymini_voice/install/grasp_bag:/opt/ros/humble /home/yuto/.local/bin/cmake --install /home/yuto/happymini_voice_offline/build/happymini_msgs
