[  9%] Built target airobot_interfaces__cpp
[  9%] Built target ament_cmake_python_copy_airobot_interfaces
[ 19%] Built target airobot_interfaces__rosidl_generator_c
[ 22%] [32mBuilding CXX object CMakeFiles/airobot_interfaces__rosidl_typesupport_cpp.dir/rosidl_typesupport_cpp/airobot_interfaces/srv/string_command__type_support.cpp.o[0m
[ 29%] [32mBuilding CXX object CMakeFiles/airobot_interfaces__rosidl_typesupport_fastrtps_cpp.dir/rosidl_typesupport_fastrtps_cpp/airobot_interfaces/srv/detail/dds_fastrtps/string_command__type_support.cpp.o[0m
[ 32%] [32mBuilding CXX object CMakeFiles/airobot_interfaces__rosidl_typesupport_introspection_cpp.dir/rosidl_typesupport_introspection_cpp/airobot_interfaces/srv/detail/string_command__type_support.cpp.o[0m
[ 35%] [32mBuilding CXX object CMakeFiles/airobot_interfaces__rosidl_typesupport_fastrtps_c.dir/rosidl_typesupport_fastrtps_c/airobot_interfaces/srv/detail/string_command__type_support_c.cpp.o[0m
[ 35%] [32m[1mLinking C shared library libairobot_interfaces__rosidl_typesupport_introspection_c.so[0m
[ 38%] Built target airobot_interfaces__rosidl_typesupport_c
[ 45%] Built target airobot_interfaces__rosidl_typesupport_introspection_c
running egg_info
writing airobot_interfaces.egg-info/PKG-INFO
writing dependency_links to airobot_interfaces.egg-info/dependency_links.txt
writing top-level names to airobot_interfaces.egg-info/top_level.txt
reading manifest file 'airobot_interfaces.egg-info/SOURCES.txt'
writing manifest file 'airobot_interfaces.egg-info/SOURCES.txt'
[ 48%] Built target ament_cmake_python_build_airobot_interfaces_egg
[ 48%] [32m[1mLinking CXX shared library libairobot_interfaces__rosidl_typesupport_cpp.so[0m
[ 51%] Built target airobot_interfaces__rosidl_typesupport_cpp
[ 54%] [32m[1mLinking CXX shared library libairobot_interfaces__rosidl_typesupport_fastrtps_cpp.so[0m
[ 58%] Built target airobot_interfaces__rosidl_typesupport_fastrtps_cpp
[ 61%] [32m[1mLinking CXX shared library libairobot_interfaces__rosidl_typesupport_fastrtps_c.so[0m
[ 64%] [32m[1mLinking CXX shared library libairobot_interfaces__rosidl_typesupport_introspection_cpp.so[0m
[ 67%] Built target airobot_interfaces__rosidl_typesupport_introspection_cpp
[ 70%] Built target airobot_interfaces__rosidl_typesupport_fastrtps_c
[ 70%] Built target airobot_interfaces
[ 74%] [34m[1mGenerating Python code for ROS interfaces[0m
[ 77%] Built target airobot_interfaces__py
[ 77%] [32mBuilding C object CMakeFiles/airobot_interfaces__rosidl_generator_py.dir/rosidl_generator_py/airobot_interfaces/srv/_string_command_s.c.o[0m
[ 80%] [32m[1mLinking C shared library rosidl_generator_py/airobot_interfaces/libairobot_interfaces__rosidl_generator_py.so[0m
[ 90%] Built target airobot_interfaces__rosidl_generator_py
[ 90%] [32mBuilding C object CMakeFiles/airobot_interfaces__rosidl_typesupport_fastrtps_c__pyext.dir/rosidl_generator_py/airobot_interfaces/_airobot_interfaces_s.ep.rosidl_typesupport_fastrtps_c.c.o[0m
[ 90%] [32mBuilding C object CMakeFiles/airobot_interfaces__rosidl_typesupport_introspection_c__pyext.dir/rosidl_generator_py/airobot_interfaces/_airobot_interfaces_s.ep.rosidl_typesupport_introspection_c.c.o[0m
[ 90%] [32mBuilding C object CMakeFiles/airobot_interfaces__rosidl_typesupport_c__pyext.dir/rosidl_generator_py/airobot_interfaces/_airobot_interfaces_s.ep.rosidl_typesupport_c.c.o[0m
[32m[1mLinking C shared library rosidl_generator_py/airobot_interfaces/airobot_interfaces_s__rosidl_typesupport_fastrtps_c.cpython-310-x86_64-linux-gnu.so[0m
Built target airobot_interfaces__rosidl_typesupport_fastrtps_c__pyext
[32m[1mLinking C shared library rosidl_generator_py/airobot_interfaces/airobot_interfaces_s__rosidl_typesupport_introspection_c.cpython-310-x86_64-linux-gnu.so[0m
[32m[1mLinking C shared library rosidl_generator_py/airobot_interfaces/airobot_interfaces_s__rosidl_typesupport_c.cpython-310-x86_64-linux-gnu.so[0m
Built target airobot_interfaces__rosidl_typesupport_introspection_c__pyext
Built target airobot_interfaces__rosidl_typesupport_c__pyext
-- Install configuration: ""
-- Up-to-date: /home/yuto/happymini_voice_offline/install/airobot_interfaces/share/ament_index/resource_index/rosidl_interfaces/airobot_interfaces
-- Up-to-date: /home/yuto/happymini_voice_offline/install/airobot_interfaces/include/airobot_interfaces/airobot_interfaces
-- Up-to-date: /home/yuto/happymini_voice_offline/install/airobot_interfaces/include/airobot_interfaces/airobot_interfaces/msg
-- Up-to-date: /home/yuto/happymini_voice_offline/install/airobot_interfaces/include/airobot_interfaces/airobot_interfaces/msg/rosidl_generator_c__visibility_control.h
-- Up-to-date: /home/yuto/happymini_voice_offline/install/airobot_interfaces/include/airobot_interfaces/airobot_interfaces/srv
-- Up-to-date: /home/yuto/happymini_voice_offline/install/airobot_interfaces/include/airobot_interfaces/airobot_interfaces/srv/detail
-- Up-to-date: /home/yuto/happymini_voice_offline/install/airobot_interfaces/include/airobot_interfaces/airobot_interfaces/srv/detail/string_command__type_support.h
-- Up-to-date: /home/yuto/happymini_voice_offline/install/airobot_interfaces/include/airobot_interfaces/airobot_interfaces/srv/detail/string_command__struct.h
-- Up-to-date: /home/yuto/happymini_voice_offline/install/airobot_interfaces/include/airobot_interfaces/airobot_interfaces/srv/detail/string_command__functions.h
-- Up-to-date: /home/yuto/happymini_voice_offline/install/airobot_interfaces/include/airobot_interfaces/airobot_interfaces/srv/detail/string_command__functions.c
-- Up-to-date: /home/yuto/happymini_voice_offline/install/airobot_interfaces/include/airobot_interfaces/airobot_interfaces/srv/string_command.h
-- Up-to-date: /home/yuto/happymini_voice_offline/install/airobot_interfaces/share/airobot_interfaces/environment/library_path.sh
-- Up-to-date: /home/yuto/happymini_voice_offline/install/airobot_interfaces/share/airobot_interfaces/environment/library_path.dsv
-- Up-to-date: /home/yuto/happymini_voice_offline/install/airobot_interfaces/lib/libairobot_interfaces__rosidl_generator_c.so
-- Up-to-date: /home/yuto/happymini_voice_offline/install/airobot_interfaces/include/airobot_interfaces/airobot_interfaces
-- Up-to-date: /home/yuto/happymini_voice_offline/install/airobot_interfaces/include/airobot_interfaces/airobot_interfaces/msg
-- Up-to-date: /home/yuto/happymini_voice_offline/install/airobot_interfaces/include/airobot_interfaces/airobot_interfaces/msg/rosidl_typesupport_fastrtps_c__visibility_control.h
-- Up-to-date: /home/yuto/happymini_voice_offline/install/airobot_interfaces/include/airobot_interfaces/airobot_interfaces/srv
-- Up-to-date: /home/yuto/happymini_voice_offline/install/airobot_interfaces/include/airobot_interfaces/airobot_interfaces/srv/detail
-- Up-to-date: /home/yuto/happymini_voice_offline/install/airobot_interfaces/include/airobot_interfaces/airobot_interfaces/srv/detail/string_command__rosidl_typesupport_fastrtps_c.h
-- Up-to-date: /home/yuto/happymini_voice_offline/install/airobot_interfaces/lib/libairobot_interfaces__rosidl_typesupport_fastrtps_c.so
-- Up-to-date: /home/yuto/happymini_voice_offline/install/airobot_interfaces/include/airobot_interfaces/airobot_interfaces
-- Up-to-date: /home/yuto/happymini_voice_offline/install/airobot_interfaces/include/airobot_interfaces/airobot_interfaces/msg
-- Up-to-date: /home/yuto/happymini_voice_offline/install/airobot_interfaces/include/airobot_interfaces/airobot_interfaces/msg/rosidl_typesupport_introspection_c__visibility_control.h
-- Up-to-date: /home/yuto/happymini_voice_offline/install/airobot_interfaces/include/airobot_interfaces/airobot_interfaces/srv
-- Up-to-date: /home/yuto/happymini_voice_offline/install/airobot_interfaces/include/airobot_interfaces/airobot_interfaces/srv/detail
-- Up-to-date: /home/yuto/happymini_voice_offline/install/airobot_interfaces/include/airobot_interfaces/airobot_interfaces/srv/detail/string_command__type_support.c
-- Up-to-date: /home/yuto/happymini_voice_offline/install/airobot_interfaces/include/airobot_interfaces/airobot_interfaces/srv/detail/string_command__rosidl_typesupport_introspection_c.h
-- Up-to-date: /home/yuto/happymini_voice_offline/install/airobot_interfaces/lib/libairobot_interfaces__rosidl_typesupport_introspection_c.so
-- Up-to-date: /home/yuto/happymini_voice_offline/install/airobot_interfaces/lib/libairobot_interfaces__rosidl_typesupport_c.so
-- Up-to-date: /home/yuto/happymini_voice_offline/install/airobot_interfaces/include/airobot_interfaces/airobot_interfaces
-- Up-to-date: /home/yuto/happymini_voice_offline/install/airobot_interfaces/include/airobot_interfaces/airobot_interfaces/srv
-- Up-to-date: /home/yuto/happymini_voice_offline/install/airobot_interfaces/include/airobot_interfaces/airobot_interfaces/srv/detail
-- Up-to-date: /home/yuto/happymini_voice_offline/install/airobot_interfaces/include/airobot_interfaces/airobot_interfaces/srv/detail/string_command__traits.hpp
-- Up-to-date: /home/yuto/happymini_voice_offline/install/airobot_interfaces/include/airobot_interfaces/airobot_interfaces/srv/detail/string_command__struct.hpp
-- Up-to-date: /home/yuto/happymini_voice_offline/install/airobot_interfaces/include/airobot_interfaces/airobot_interfaces/srv/detail/string_command__builder.hpp
-- Up-to-date: /home/yuto/happymini_voice_offline/install/airobot_interfaces/include/airobot_interfaces/airobot_interfaces/srv/string_command.hpp
-- Up-to-date: /home/yuto/happymini_voice_offline/install/airobot_interfaces/include/airobot_interfaces/airobot_interfaces
-- Up-to-date: /home/yuto/happymini_voice_offline/install/airobot_interfaces/include/airobot_interfaces/airobot_interfaces/msg
-- Up-to-date: /home/yuto/happymini_voice_offline/install/airobot_interfaces/include/airobot_interfaces/airobot_interfaces/msg/rosidl_typesupport_fastrtps_cpp__visibility_control.h
-- Up-to-date: /home/yuto/happymini_voice_offline/install/airobot_interfaces/include/airobot_interfaces/airobot_interfaces/srv
-- Up-to-date: /home/yuto/happymini_voice_offline/install/airobot_interfaces/include/airobot_interfaces/airobot_interfaces/srv/detail
-- Up-to-date: /home/yuto/happymini_voice_offline/install/airobot_interfaces/include/airobot_interfaces/airobot_interfaces/srv/detail/dds_fastrtps
-- Up-to-date: /home/yuto/happymini_voice_offline/install/airobot_interfaces/include/airobot_interfaces/airobot_interfaces/srv/detail/string_command__rosidl_typesupport_fastrtps_cpp.hpp
-- Up-to-date: /home/yuto/happymini_voice_offline/install/airobot_interfaces/lib/libairobot_interfaces__rosidl_typesupport_fastrtps_cpp.so
-- Up-to-date: /home/yuto/happymini_voice_offline/install/airobot_interfaces/include/airobot_interfaces/airobot_interfaces
-- Up-to-date: /home/yuto/happymini_voice_offline/install/airobot_interfaces/include/airobot_interfaces/airobot_interfaces/srv
-- Up-to-date: /home/yuto/happymini_voice_offline/install/airobot_interfaces/include/airobot_interfaces/airobot_interfaces/srv/detail
-- Up-to-date: /home/yuto/happymini_voice_offline/install/airobot_interfaces/include/airobot_interfaces/airobot_interfaces/srv/detail/string_command__rosidl_typesupport_introspection_cpp.hpp
-- Up-to-date: /home/yuto/happymini_voice_offline/install/airobot_interfaces/include/airobot_interfaces/airobot_interfaces/srv/detail/string_command__type_support.cpp
-- Up-to-date: /home/yuto/happymini_voice_offline/install/airobot_interfaces/lib/libairobot_interfaces__rosidl_typesupport_introspection_cpp.so
-- Up-to-date: /home/yuto/happymini_voice_offline/install/airobot_interfaces/lib/libairobot_interfaces__rosidl_typesupport_cpp.so
-- Up-to-date: /home/yuto/happymini_voice_offline/install/airobot_interfaces/share/airobot_interfaces/environment/pythonpath.sh
-- Up-to-date: /home/yuto/happymini_voice_offline/install/airobot_interfaces/share/airobot_interfaces/environment/pythonpath.dsv
-- Up-to-date: /home/yuto/happymini_voice_offline/install/airobot_interfaces/local/lib/python3.10/dist-packages/airobot_interfaces-1.0.0-py3.10.egg-info
-- Up-to-date: /home/yuto/happymini_voice_offline/install/airobot_interfaces/local/lib/python3.10/dist-packages/airobot_interfaces-1.0.0-py3.10.egg-info/dependency_links.txt
-- Up-to-date: /home/yuto/happymini_voice_offline/install/airobot_interfaces/local/lib/python3.10/dist-packages/airobot_interfaces-1.0.0-py3.10.egg-info/top_level.txt
-- Up-to-date: /home/yuto/happymini_voice_offline/install/airobot_interfaces/local/lib/python3.10/dist-packages/airobot_interfaces-1.0.0-py3.10.egg-info/SOURCES.txt
-- Up-to-date: /home/yuto/happymini_voice_offline/install/airobot_interfaces/local/lib/python3.10/dist-packages/airobot_interfaces-1.0.0-py3.10.egg-info/PKG-INFO
-- Up-to-date: /home/yuto/happymini_voice_offline/install/airobot_interfaces/local/lib/python3.10/dist-packages/airobot_interfaces
-- Up-to-date: /home/yuto/happymini_voice_offline/install/airobot_interfaces/local/lib/python3.10/dist-packages/airobot_interfaces/_airobot_interfaces_s.ep.rosidl_typesupport_introspection_c.c
-- Up-to-date: /home/yuto/happymini_voice_offline/install/airobot_interfaces/local/lib/python3.10/dist-packages/airobot_interfaces/airobot_interfaces_s__rosidl_typesupport_introspection_c.cpython-310-x86_64-linux-gnu.so
-- Up-to-date: /home/yuto/happymini_voice_offline/install/airobot_interfaces/local/lib/python3.10/dist-packages/airobot_interfaces/_airobot_interfaces_s.ep.rosidl_typesupport_c.c
-- Up-to-date: /home/yuto/happymini_voice_offline/install/airobot_interfaces/local/lib/python3.10/dist-packages/airobot_interfaces/__init__.py
-- Up-to-date: /home/yuto/happymini_voice_offline/install/airobot_interfaces/local/lib/python3.10/dist-packages/airobot_interfaces/_airobot_interfaces_s.ep.rosidl_typesupport_fastrtps_c.c
-- Up-to-date: /home/yuto/happymini_voice_offline/install/airobot_interfaces/local/lib/python3.10/dist-packages/airobot_interfaces/srv
-- Up-to-date: /home/yuto/happymini_voice_offline/install/airobot_interfaces/local/lib/python3.10/dist-packages/airobot_interfaces/srv/_string_command_s.c
-- Up-to-date: /home/yuto/happymini_voice_offline/install/airobot_interfaces/local/lib/python3.10/dist-packages/airobot_interfaces/srv/__init__.py
-- Up-to-date: /home/yuto/happymini_voice_offline/install/airobot_interfaces/local/lib/python3.10/dist-packages/airobot_interfaces/srv/_string_command.py
-- Up-to-date: /home/yuto/happymini_voice_offline/install/airobot_interfaces/local/lib/python3.10/dist-packages/airobot_interfaces/airobot_interfaces_s__rosidl_typesupport_fastrtps_c.cpython-310-x86_64-linux-gnu.so
-- Up-to-date: /home/yuto/happymini_voice_offline/install/airobot_interfaces/local/lib/python3.10/dist-packages/airobot_interfaces/airobot_interfaces_s__rosidl_typesupport_c.cpython-310-x86_64-linux-gnu.so
-- Up-to-date: /home/yuto/happymini_voice_offline/install/airobot_interfaces/local/lib/python3.10/dist-packages/airobot_interfaces/libairobot_interfaces__rosidl_generator_py.so
Listing '/home/yuto/happymini_voice_offline/install/airobot_interfaces/local/lib/python3.10/dist-packages/airobot_interfaces'...
Listing '/home/yuto/happymini_voice_offline/install/airobot_interfaces/local/lib/python3.10/dist-packages/airobot_interfaces/srv'...
-- Up-to-date: /home/yuto/happymini_voice_offline/install/airobot_interfaces/local/lib/python3.10/dist-packages/airobot_interfaces/airobot_interfaces_s__rosidl_typesupport_fastrtps_c.cpython-310-x86_64-linux-gnu.so
-- Up-to-date: /home/yuto/happymini_voice_offline/install/airobot_interfaces/local/lib/python3.10/dist-packages/airobot_interfaces/airobot_interfaces_s__rosidl_typesupport_introspection_c.cpython-310-x86_64-linux-gnu.so
-- Up-to-date: /home/yuto/happymini_voice_offline/install/airobot_interfaces/local/lib/python3.10/dist-packages/airobot_interfaces/airobot_interfaces_s__rosidl_typesupport_c.cpython-310-x86_64-linux-gnu.so
-- Up-to-date: /home/yuto/happymini_voice_offline/install/airobot_interfaces/lib/libairobot_interfaces__rosidl_generator_py.so
-- Up-to-date: /home/yuto/happymini_voice_offline/install/airobot_interfaces/share/airobot_interfaces/srv/StringCommand.idl
-- Up-to-date: /home/yuto/happymini_voice_offline/install/airobot_interfaces/share/airobot_interfaces/srv/StringCommand.srv
-- Up-to-date: /home/yuto/happymini_voice_offline/install/airobot_interfaces/share/airobot_interfaces/srv/StringCommand_Request.msg
-- Up-to-date: /home/yuto/happymini_voice_offline/install/airobot_interfaces/share/airobot_interfaces/srv/StringCommand_Response.msg
-- Up-to-date: /home/yuto/happymini_voice_offline/install/airobot_interfaces/share/ament_index/resource_index/package_run_dependencies/airobot_interfaces
-- Up-to-date: /home/yuto/happymini_voice_offline/install/airobot_interfaces/share/ament_index/resource_index/parent_prefix_path/airobot_interfaces
-- Up-to-date: /home/yuto/happymini_voice_offline/install/airobot_interfaces/share/airobot_interfaces/environment/ament_prefix_path.sh
-- Up-to-date: /home/yuto/happymini_voice_offline/install/airobot_interfaces/share/airobot_interfaces/environment/ament_prefix_path.dsv
-- Up-to-date: /home/yuto/happymini_voice_offline/install/airobot_interfaces/share/airobot_interfaces/environment/path.sh
-- Up-to-date: /home/yuto/happymini_voice_offline/install/airobot_interfaces/share/airobot_interfaces/environment/path.dsv
-- Up-to-date: /home/yuto/happymini_voice_offline/install/airobot_interfaces/share/airobot_interfaces/local_setup.bash
-- Up-to-date: /home/yuto/happymini_voice_offline/install/airobot_interfaces/share/airobot_interfaces/local_setup.sh
-- Up-to-date: /home/yuto/happymini_voice_offline/install/airobot_interfaces/share/airobot_interfaces/local_setup.zsh
-- Up-to-date: /home/yuto/happymini_voice_offline/install/airobot_interfaces/share/airobot_interfaces/local_setup.dsv
-- Installing: /home/yuto/happymini_voice_offline/install/airobot_interfaces/share/airobot_interfaces/package.dsv
-- Up-to-date: /home/yuto/happymini_voice_offline/install/airobot_interfaces/share/ament_index/resource_index/packages/airobot_interfaces
-- Up-to-date: /home/yuto/happymini_voice_offline/install/airobot_interfaces/share/airobot_interfaces/cmake/export_airobot_interfaces__rosidl_generator_cExport.cmake
-- Up-to-date: /home/yuto/happymini_voice_offline/install/airobot_interfaces/share/airobot_interfaces/cmake/export_airobot_interfaces__rosidl_generator_cExport-noconfig.cmake
-- Up-to-date: /home/yuto/happymini_voice_offline/install/airobot_interfaces/share/airobot_interfaces/cmake/export_airobot_interfaces__rosidl_typesupport_fastrtps_cExport.cmake
-- Up-to-date: /home/yuto/happymini_voice_offline/install/airobot_interfaces/share/airobot_interfaces/cmake/export_airobot_interfaces__rosidl_typesupport_fastrtps_cExport-noconfig.cmake
-- Up-to-date: /home/yuto/happymini_voice_offline/install/airobot_interfaces/share/airobot_interfaces/cmake/airobot_interfaces__rosidl_typesupport_introspection_cExport.cmake
-- Up-to-date: /home/yuto/happymini_voice_offline/install/airobot_interfaces/share/airobot_interfaces/cmake/airobot_interfaces__rosidl_typesupport_introspection_cExport-noconfig.cmake
-- Up-to-date: /home/yuto/happymini_voice_offline/install/airobot_interfaces/share/airobot_interfaces/cmake/airobot_interfaces__rosidl_typesupport_cExport.cmake
-- Up-to-date: /home/yuto/happymini_voice_offline/install/airobot_interfaces/share/airobot_interfaces/cmake/airobot_interfaces__rosidl_typesupport_cExport-noconfig.cmake
-- Up-to-date: /home/yuto/happymini_voice_offline/install/airobot_interfaces/share/airobot_interfaces/cmake/export_airobot_interfaces__rosidl_generator_cppExport.cmake
-- Up-to-date: /home/yuto/happymini_voice_offline/install/airobot_interfaces/share/airobot_interfaces/cmake/export_airobot_interfaces__rosidl_typesupport_fastrtps_cppExport.cmake
-- Up-to-date: /home/yuto/happymini_voice_offline/install/airobot_interfaces/share/airobot_interfaces/cmake/export_airobot_interfaces__rosidl_typesupport_fastrtps_cppExport-noconfig.cmake
-- Up-to-date: /home/yuto/happymini_voice_offline/install/airobot_interfaces/share/airobot_interfaces/cmake/airobot_interfaces__rosidl_typesupport_introspection_cppExport.cmake
-- Up-to-date: /home/yuto/happymini_voice_offline/install/airobot_interfaces/share/airobot_interfaces/cmake/airobot_interfaces__rosidl_typesupport_introspection_cppExport-noconfig.cmake
-- Up-to-date: /home/yuto/happymini_voice_offline/install/airobot_interfaces/share/airobot_interfaces/cmake/airobot_interfaces__rosidl_typesupport_cppExport.cmake
-- Up-to-date: /home/yuto/happymini_voice_offline/install/airobot_interfaces/share/airobot_interfaces/cmake/airobot_interfaces__rosidl_typesupport_cppExport-noconfig.cmake
-- Up-to-date: /home/yuto/happymini_voice_offline/install/airobot_interfaces/share/airobot_interfaces/cmake/export_airobot_interfaces__rosidl_generator_pyExport.cmake
-- Up-to-date: /home/yuto/happymini_voice_offline/install/airobot_interfaces/share/airobot_interfaces/cmake/export_airobot_interfaces__rosidl_generator_pyExport-noconfig.cmake
-- Up-to-date: /home/yuto/happymini_voice_offline/install/airobot_interfaces/share/airobot_interfaces/cmake/rosidl_cmake-extras.cmake
-- Up-to-date: /home/yuto/happymini_voice_offline/install/airobot_interfaces/share/airobot_interfaces/cmake/ament_cmake_export_include_directories-extras.cmake
-- Up-to-date: /home/yuto/happymini_voice_offline/install/airobot_interfaces/share/airobot_interfaces/cmake/ament_cmake_export_libraries-extras.cmake
-- Up-to-date: /home/yuto/happymini_voice_offline/install/airobot_interfaces/share/airobot_interfaces/cmake/ament_cmake_export_targets-extras.cmake
-- Up-to-date: /home/yuto/happymini_voice_offline/install/airobot_interfaces/share/airobot_interfaces/cmake/rosidl_cmake_export_typesupport_targets-extras.cmake
-- Up-to-date: /home/yuto/happymini_voice_offline/install/airobot_interfaces/share/airobot_interfaces/cmake/ament_cmake_export_dependencies-extras.cmake
-- Up-to-date: /home/yuto/happymini_voice_offline/install/airobot_interfaces/share/airobot_interfaces/cmake/rosidl_cmake_export_typesupport_libraries-extras.cmake
-- Up-to-date: /home/yuto/happymini_voice_offline/install/airobot_interfaces/share/airobot_interfaces/cmake/airobot_interfacesConfig.cmake
-- Up-to-date: /home/yuto/happymini_voice_offline/install/airobot_interfaces/share/airobot_interfaces/cmake/airobot_interfacesConfig-version.cmake
-- Up-to-date: /home/yuto/happymini_voice_offline/install/airobot_interfaces/share/airobot_interfaces/package.xml
