[6.793s] Invoking command in '/home/yuto/happymini_voice_offline/src/happymini_ros2/grasp_bag': PYTHONPATH=/home/yuto/happymini_voice_offline/build/grasp_bag/prefix_override:/home/yuto/happymini_voice_offline/install/grasp_bag/lib/python3.10/site-packages:${PYTHONPATH} /usr/bin/python3 setup.py egg_info --egg-base ../../../build/grasp_bag build --build-base /home/yuto/happymini_voice_offline/build/grasp_bag/build install --record /home/yuto/happymini_voice_offline/build/grasp_bag/install.log --single-version-externally-managed
[7.222s] running egg_info
[7.239s] writing ../../../build/grasp_bag/grasp_bag.egg-info/PKG-INFO
[7.239s] writing dependency_links to ../../../build/grasp_bag/grasp_bag.egg-info/dependency_links.txt
[7.242s] writing entry points to ../../../build/grasp_bag/grasp_bag.egg-info/entry_points.txt
[7.243s] writing requirements to ../../../build/grasp_bag/grasp_bag.egg-info/requires.txt
[7.243s] writing top-level names to ../../../build/grasp_bag/grasp_bag.egg-info/top_level.txt
[7.283s] reading manifest file '../../../build/grasp_bag/grasp_bag.egg-info/SOURCES.txt'
[7.285s] writing manifest file '../../../build/grasp_bag/grasp_bag.egg-info/SOURCES.txt'
[7.285s] running build
[7.285s] running build_py
[7.286s] running install
[7.287s] /home/yuto/.local/lib/python3.10/site-packages/setuptools/command/install.py:34: SetuptoolsDeprecationWarning: setup.py install is deprecated. Use build and pip and other standards-based tools.
[7.287s]   warnings.warn(
[7.295s] running install_lib
[7.314s] running install_data
[7.331s] running install_egg_info
[7.349s] removing '/home/yuto/happymini_voice_offline/install/grasp_bag/lib/python3.10/site-packages/grasp_bag-0.0.0-py3.10.egg-info' (and everything under it)
[7.349s] Copying ../../../build/grasp_bag/grasp_bag.egg-info to /home/yuto/happymini_voice_offline/install/grasp_bag/lib/python3.10/site-packages/grasp_bag-0.0.0-py3.10.egg-info
[7.350s] running install_scripts
[7.567s] Installing bag_localization_node script to /home/yuto/happymini_voice_offline/install/grasp_bag/lib/grasp_bag
[7.567s] Installing grasp_bag_server script to /home/yuto/happymini_voice_offline/install/grasp_bag/lib/grasp_bag
[7.573s] Installing scan_data_sensing_node script to /home/yuto/happymini_voice_offline/install/grasp_bag/lib/grasp_bag
[7.573s] Installing test_node script to /home/yuto/happymini_voice_offline/install/grasp_bag/lib/grasp_bag
[7.574s] writing list of installed files to '/home/yuto/happymini_voice_offline/build/grasp_bag/install.log'
[7.616s] Invoked command in '/home/yuto/happymini_voice_offline/src/happymini_ros2/grasp_bag' returned '0': PYTHONPATH=/home/yuto/happymini_voice_offline/build/grasp_bag/prefix_override:/home/yuto/happymini_voice_offline/install/grasp_bag/lib/python3.10/site-packages:${PYTHONPATH} /usr/bin/python3 setup.py egg_info --egg-base ../../../build/grasp_bag build --build-base /home/yuto/happymini_voice_offline/build/grasp_bag/build install --record /home/yuto/happymini_voice_offline/build/grasp_bag/install.log --single-version-externally-managed
