/home/yuto/.local/lib/python3.10/site-packages/setuptools/dist.py:788: UserWarning: Usage of dash-separated 'script-dir' will not be supported in future versions. Please use the underscore name 'script_dir' instead
  warnings.warn(
running egg_info
writing ../../../build/fmm_speech_service/fmm_speech_service.egg-info/PKG-INFO
writing dependency_links to ../../../build/fmm_speech_service/fmm_speech_service.egg-info/dependency_links.txt
writing entry points to ../../../build/fmm_speech_service/fmm_speech_service.egg-info/entry_points.txt
writing requirements to ../../../build/fmm_speech_service/fmm_speech_service.egg-info/requires.txt
writing top-level names to ../../../build/fmm_speech_service/fmm_speech_service.egg-info/top_level.txt
reading manifest file '../../../build/fmm_speech_service/fmm_speech_service.egg-info/SOURCES.txt'
adding license file 'LICENSE'
writing manifest file '../../../build/fmm_speech_service/fmm_speech_service.egg-info/SOURCES.txt'
running build
running build_py
running install
/home/yuto/.local/lib/python3.10/site-packages/setuptools/command/install.py:34: SetuptoolsDeprecationWarning: setup.py install is deprecated. Use build and pip and other standards-based tools.
  warnings.warn(
running install_lib
running install_data
running install_egg_info
removing '/home/yuto/happymini_voice_offline/install/fmm_speech_service/lib/python3.10/site-packages/fmm_speech_service-0.0.0-py3.10.egg-info' (and everything under it)
Copying ../../../build/fmm_speech_service/fmm_speech_service.egg-info to /home/yuto/happymini_voice_offline/install/fmm_speech_service/lib/python3.10/site-packages/fmm_speech_service-0.0.0-py3.10.egg-info
running install_scripts
Installing fmm_client script to /home/yuto/happymini_voice_offline/install/fmm_speech_service/lib/fmm_speech_service
Installing fmm_speech_service script to /home/yuto/happymini_voice_offline/install/fmm_speech_service/lib/fmm_speech_service
writing list of installed files to '/home/yuto/happymini_voice_offline/build/fmm_speech_service/install.log'
