[6.053s] Invoking command in '/home/yuto/happymini_voice_offline/src/happymini_ros2/fmm_speech_service': PYTHONPATH=/home/yuto/happymini_voice_offline/build/fmm_speech_service/prefix_override:/home/yuto/happymini_voice_offline/install/fmm_speech_service/lib/python3.10/site-packages:${PYTHONPATH} /usr/bin/python3 setup.py egg_info --egg-base ../../../build/fmm_speech_service build --build-base /home/yuto/happymini_voice_offline/build/fmm_speech_service/build install --record /home/yuto/happymini_voice_offline/build/fmm_speech_service/install.log --install-scripts $base/lib/fmm_speech_service --single-version-externally-managed
[6.618s] /home/yuto/.local/lib/python3.10/site-packages/setuptools/dist.py:788: UserWarning: Usage of dash-separated 'script-dir' will not be supported in future versions. Please use the underscore name 'script_dir' instead
[6.619s]   warnings.warn(
[7.016s] running egg_info
[7.076s] writing ../../../build/fmm_speech_service/fmm_speech_service.egg-info/PKG-INFO
[7.077s] writing dependency_links to ../../../build/fmm_speech_service/fmm_speech_service.egg-info/dependency_links.txt
[7.082s] writing entry points to ../../../build/fmm_speech_service/fmm_speech_service.egg-info/entry_points.txt
[7.083s] writing requirements to ../../../build/fmm_speech_service/fmm_speech_service.egg-info/requires.txt
[7.084s] writing top-level names to ../../../build/fmm_speech_service/fmm_speech_service.egg-info/top_level.txt
[7.210s] reading manifest file '../../../build/fmm_speech_service/fmm_speech_service.egg-info/SOURCES.txt'
[7.211s] adding license file 'LICENSE'
[7.214s] writing manifest file '../../../build/fmm_speech_service/fmm_speech_service.egg-info/SOURCES.txt'
[7.215s] running build
[7.215s] running build_py
[7.216s] running install
[7.217s] /home/yuto/.local/lib/python3.10/site-packages/setuptools/command/install.py:34: SetuptoolsDeprecationWarning: setup.py install is deprecated. Use build and pip and other standards-based tools.
[7.217s]   warnings.warn(
[7.240s] running install_lib
[7.308s] running install_data
[7.372s] running install_egg_info
[7.438s] removing '/home/yuto/happymini_voice_offline/install/fmm_speech_service/lib/python3.10/site-packages/fmm_speech_service-0.0.0-py3.10.egg-info' (and everything under it)
[7.439s] Copying ../../../build/fmm_speech_service/fmm_speech_service.egg-info to /home/yuto/happymini_voice_offline/install/fmm_speech_service/lib/python3.10/site-packages/fmm_speech_service-0.0.0-py3.10.egg-info
[7.443s] running install_scripts
[8.159s] Installing fmm_client script to /home/yuto/happymini_voice_offline/install/fmm_speech_service/lib/fmm_speech_service
[8.160s] Installing fmm_speech_service script to /home/yuto/happymini_voice_offline/install/fmm_speech_service/lib/fmm_speech_service
[8.165s] writing list of installed files to '/home/yuto/happymini_voice_offline/build/fmm_speech_service/install.log'
[8.292s] Invoked command in '/home/yuto/happymini_voice_offline/src/happymini_ros2/fmm_speech_service' returned '0': PYTHONPATH=/home/yuto/happymini_voice_offline/build/fmm_speech_service/prefix_override:/home/yuto/happymini_voice_offline/install/fmm_speech_service/lib/python3.10/site-packages:${PYTHONPATH} /usr/bin/python3 setup.py egg_info --egg-base ../../../build/fmm_speech_service build --build-base /home/yuto/happymini_voice_offline/build/fmm_speech_service/build install --record /home/yuto/happymini_voice_offline/build/fmm_speech_service/install.log --install-scripts $base/lib/fmm_speech_service --single-version-externally-managed
