running egg_info
creating ../../../build/fmm_speech_service/fmm_speech_service.egg-info
writing ../../../build/fmm_speech_service/fmm_speech_service.egg-info/PKG-INFO
writing dependency_links to ../../../build/fmm_speech_service/fmm_speech_service.egg-info/dependency_links.txt
writing entry points to ../../../build/fmm_speech_service/fmm_speech_service.egg-info/entry_points.txt
writing requirements to ../../../build/fmm_speech_service/fmm_speech_service.egg-info/requires.txt
writing top-level names to ../../../build/fmm_speech_service/fmm_speech_service.egg-info/top_level.txt
writing manifest file '../../../build/fmm_speech_service/fmm_speech_service.egg-info/SOURCES.txt'
reading manifest file '../../../build/fmm_speech_service/fmm_speech_service.egg-info/SOURCES.txt'
adding license file 'LICENSE'
writing manifest file '../../../build/fmm_speech_service/fmm_speech_service.egg-info/SOURCES.txt'
running build
running build_py
creating /home/yuto/happymini_voice_offline/build/fmm_speech_service/build
creating /home/yuto/happymini_voice_offline/build/fmm_speech_service/build/lib
creating /home/yuto/happymini_voice_offline/build/fmm_speech_service/build/lib/fmm_speech_service
copying fmm_speech_service/fmm_client.py -> /home/yuto/happymini_voice_offline/build/fmm_speech_service/build/lib/fmm_speech_service
copying fmm_speech_service/fmm_speech_service.py -> /home/yuto/happymini_voice_offline/build/fmm_speech_service/build/lib/fmm_speech_service
running install
running install_lib
creating /home/yuto/happymini_voice_offline/install/fmm_speech_service/lib/python3.10/site-packages/fmm_speech_service
copying /home/yuto/happymini_voice_offline/build/fmm_speech_service/build/lib/fmm_speech_service/fmm_client.py -> /home/yuto/happymini_voice_offline/install/fmm_speech_service/lib/python3.10/site-packages/fmm_speech_service
copying /home/yuto/happymini_voice_offline/build/fmm_speech_service/build/lib/fmm_speech_service/fmm_speech_service.py -> /home/yuto/happymini_voice_offline/install/fmm_speech_service/lib/python3.10/site-packages/fmm_speech_service
byte-compiling /home/yuto/happymini_voice_offline/install/fmm_speech_service/lib/python3.10/site-packages/fmm_speech_service/fmm_client.py to fmm_client.cpython-310.pyc
byte-compiling /home/yuto/happymini_voice_offline/install/fmm_speech_service/lib/python3.10/site-packages/fmm_speech_service/fmm_speech_service.py to fmm_speech_service.cpython-310.pyc
running install_data
creating /home/yuto/happymini_voice_offline/install/fmm_speech_service/share/ament_index
creating /home/yuto/happymini_voice_offline/install/fmm_speech_service/share/ament_index/resource_index
creating /home/yuto/happymini_voice_offline/install/fmm_speech_service/share/ament_index/resource_index/packages
copying resource/fmm_speech_service -> /home/yuto/happymini_voice_offline/install/fmm_speech_service/share/ament_index/resource_index/packages
copying package.xml -> /home/yuto/happymini_voice_offline/install/fmm_speech_service/share/fmm_speech_service
running install_egg_info
Copying ../../../build/fmm_speech_service/fmm_speech_service.egg-info to /home/yuto/happymini_voice_offline/install/fmm_speech_service/lib/python3.10/site-packages/fmm_speech_service-0.0.0-py3.10.egg-info
running install_scripts
Installing fmm_client script to /home/yuto/happymini_voice_offline/install/fmm_speech_service/lib/fmm_speech_service
Installing fmm_speech_service script to /home/yuto/happymini_voice_offline/install/fmm_speech_service/lib/fmm_speech_service
writing list of installed files to '/home/yuto/happymini_voice_offline/build/fmm_speech_service/install.log'
