[0.139s] Invoking command in '/home/yuto/happymini_voice_offline/build/airobot_interfaces': CMAKE_PREFIX_PATH=${CMAKE_PREFIX_PATH}:/home/yuto/happymini_voice_offline/install/speech_service:/home/yuto/happymini_ws/install/speech_service:/home/yuto/hapyymini_voice/install/speech_service:/home/yuto/hapyymini_voice/install/happymini_teleop:/home/yuto/hapyymini_voice/install/hand:/home/yuto/hapyymini_voice/install/grasp_bag:/opt/ros/humble /home/yuto/.local/bin/cmake --build /home/yuto/happymini_voice_offline/build/airobot_interfaces -- -j8 -l8
[2.151s] [  3%] Built target airobot_interfaces__cpp
[2.151s] [ 12%] Built target airobot_interfaces__rosidl_generator_c
[2.151s] [ 12%] Built target ament_cmake_python_copy_airobot_interfaces
[2.152s] [ 22%] Built target airobot_interfaces__rosidl_typesupport_introspection_c
[2.153s] [ 32%] Built target airobot_interfaces__rosidl_typesupport_cpp
[2.154s] [ 51%] Built target airobot_interfaces__rosidl_typesupport_c
[2.155s] [ 51%] Built target airobot_interfaces__rosidl_typesupport_introspection_cpp
[2.155s] [ 61%] Built target airobot_interfaces__rosidl_typesupport_fastrtps_c
[2.156s] [ 70%] Built target airobot_interfaces__rosidl_typesupport_fastrtps_cpp
[2.156s] [ 70%] Built target airobot_interfaces
[2.156s] [ 74%] Built target airobot_interfaces__py
[2.156s] [ 80%] Built target airobot_interfaces__rosidl_generator_py
[2.157s] [ 87%] Built target airobot_interfaces__rosidl_typesupport_introspection_c__pyext
[2.157s] [ 93%] Built target airobot_interfaces__rosidl_typesupport_fastrtps_c__pyext
[2.157s] [100%] Built target airobot_interfaces__rosidl_typesupport_c__pyext
[2.157s] running egg_info
[2.158s] writing airobot_interfaces.egg-info/PKG-INFO
[2.158s] writing dependency_links to airobot_interfaces.egg-info/dependency_links.txt
[2.158s] writing top-level names to airobot_interfaces.egg-info/top_level.txt
[2.159s] reading manifest file 'airobot_interfaces.egg-info/SOURCES.txt'
[2.159s] writing manifest file 'airobot_interfaces.egg-info/SOURCES.txt'
[2.159s] [100%] Built target ament_cmake_python_build_airobot_interfaces_egg
[3.022s] Invoked command in '/home/yuto/happymini_voice_offline/build/airobot_interfaces' returned '0': CMAKE_PREFIX_PATH=${CMAKE_PREFIX_PATH}:/home/yuto/happymini_voice_offline/install/speech_service:/home/yuto/happymini_ws/install/speech_service:/home/yuto/hapyymini_voice/install/speech_service:/home/yuto/hapyymini_voice/install/happymini_teleop:/home/yuto/hapyymini_voice/install/hand:/home/yuto/hapyymini_voice/install/grasp_bag:/opt/ros/humble /home/yuto/.local/bin/cmake --build /home/yuto/happymini_voice_offline/build/airobot_interfaces -- -j8 -l8
[3.471s] Invoking command in '/home/yuto/happymini_voice_offline/build/airobot_interfaces': CMAKE_PREFIX_PATH=${CMAKE_PREFIX_PATH}:/home/yuto/happymini_voice_offline/install/speech_service:/home/yuto/happymini_ws/install/speech_service:/home/yuto/hapyymini_voice/install/speech_service:/home/yuto/hapyymini_voice/install/happymini_teleop:/home/yuto/hapyymini_voice/install/hand:/home/yuto/hapyymini_voice/install/grasp_bag:/opt/ros/humble /home/yuto/.local/bin/cmake --install /home/yuto/happymini_voice_offline/build/airobot_interfaces
[3.603s] -- Install configuration: ""
[3.604s] -- Up-to-date: /home/yuto/happymini_voice_offline/install/airobot_interfaces/share/ament_index/resource_index/rosidl_interfaces/airobot_interfaces
[3.604s] -- Up-to-date: /home/yuto/happymini_voice_offline/install/airobot_interfaces/include/airobot_interfaces/airobot_interfaces
[3.605s] -- Up-to-date: /home/yuto/happymini_voice_offline/install/airobot_interfaces/include/airobot_interfaces/airobot_interfaces/msg
[3.605s] -- Up-to-date: /home/yuto/happymini_voice_offline/install/airobot_interfaces/include/airobot_interfaces/airobot_interfaces/msg/rosidl_generator_c__visibility_control.h
[3.606s] -- Up-to-date: /home/yuto/happymini_voice_offline/install/airobot_interfaces/include/airobot_interfaces/airobot_interfaces/srv
[3.607s] -- Up-to-date: /home/yuto/happymini_voice_offline/install/airobot_interfaces/include/airobot_interfaces/airobot_interfaces/srv/detail
[3.608s] -- Up-to-date: /home/yuto/happymini_voice_offline/install/airobot_interfaces/include/airobot_interfaces/airobot_interfaces/srv/detail/string_command__type_support.h
[3.608s] -- Up-to-date: /home/yuto/happymini_voice_offline/install/airobot_interfaces/include/airobot_interfaces/airobot_interfaces/srv/detail/string_command__struct.h
[3.609s] -- Up-to-date: /home/yuto/happymini_voice_offline/install/airobot_interfaces/include/airobot_interfaces/airobot_interfaces/srv/detail/string_command__functions.h
[3.610s] -- Up-to-date: /home/yuto/happymini_voice_offline/install/airobot_interfaces/include/airobot_interfaces/airobot_interfaces/srv/detail/string_command__functions.c
[3.610s] -- Up-to-date: /home/yuto/happymini_voice_offline/install/airobot_interfaces/include/airobot_interfaces/airobot_interfaces/srv/string_command.h
[3.612s] -- Up-to-date: /home/yuto/happymini_voice_offline/install/airobot_interfaces/share/airobot_interfaces/environment/library_path.sh
[3.613s] -- Up-to-date: /home/yuto/happymini_voice_offline/install/airobot_interfaces/share/airobot_interfaces/environment/library_path.dsv
[3.614s] -- Up-to-date: /home/yuto/happymini_voice_offline/install/airobot_interfaces/lib/libairobot_interfaces__rosidl_generator_c.so
[3.615s] -- Up-to-date: /home/yuto/happymini_voice_offline/install/airobot_interfaces/include/airobot_interfaces/airobot_interfaces
[3.615s] -- Up-to-date: /home/yuto/happymini_voice_offline/install/airobot_interfaces/include/airobot_interfaces/airobot_interfaces/msg
[3.616s] -- Up-to-date: /home/yuto/happymini_voice_offline/install/airobot_interfaces/include/airobot_interfaces/airobot_interfaces/msg/rosidl_typesupport_fastrtps_c__visibility_control.h
[3.616s] -- Up-to-date: /home/yuto/happymini_voice_offline/install/airobot_interfaces/include/airobot_interfaces/airobot_interfaces/srv
[3.617s] -- Up-to-date: /home/yuto/happymini_voice_offline/install/airobot_interfaces/include/airobot_interfaces/airobot_interfaces/srv/detail
[3.618s] -- Up-to-date: /home/yuto/happymini_voice_offline/install/airobot_interfaces/include/airobot_interfaces/airobot_interfaces/srv/detail/string_command__rosidl_typesupport_fastrtps_c.h
[3.619s] -- Up-to-date: /home/yuto/happymini_voice_offline/install/airobot_interfaces/lib/libairobot_interfaces__rosidl_typesupport_fastrtps_c.so
[3.619s] -- Up-to-date: /home/yuto/happymini_voice_offline/install/airobot_interfaces/include/airobot_interfaces/airobot_interfaces
[3.620s] -- Up-to-date: /home/yuto/happymini_voice_offline/install/airobot_interfaces/include/airobot_interfaces/airobot_interfaces/msg
[3.621s] -- Up-to-date: /home/yuto/happymini_voice_offline/install/airobot_interfaces/include/airobot_interfaces/airobot_interfaces/msg/rosidl_typesupport_introspection_c__visibility_control.h
[3.621s] -- Up-to-date: /home/yuto/happymini_voice_offline/install/airobot_interfaces/include/airobot_interfaces/airobot_interfaces/srv
[3.622s] -- Up-to-date: /home/yuto/happymini_voice_offline/install/airobot_interfaces/include/airobot_interfaces/airobot_interfaces/srv/detail
[3.623s] -- Up-to-date: /home/yuto/happymini_voice_offline/install/airobot_interfaces/include/airobot_interfaces/airobot_interfaces/srv/detail/string_command__type_support.c
[3.623s] -- Up-to-date: /home/yuto/happymini_voice_offline/install/airobot_interfaces/include/airobot_interfaces/airobot_interfaces/srv/detail/string_command__rosidl_typesupport_introspection_c.h
[3.624s] -- Up-to-date: /home/yuto/happymini_voice_offline/install/airobot_interfaces/lib/libairobot_interfaces__rosidl_typesupport_introspection_c.so
[3.624s] -- Up-to-date: /home/yuto/happymini_voice_offline/install/airobot_interfaces/lib/libairobot_interfaces__rosidl_typesupport_c.so
[3.625s] -- Up-to-date: /home/yuto/happymini_voice_offline/install/airobot_interfaces/include/airobot_interfaces/airobot_interfaces
[3.625s] -- Up-to-date: /home/yuto/happymini_voice_offline/install/airobot_interfaces/include/airobot_interfaces/airobot_interfaces/srv
[3.626s] -- Up-to-date: /home/yuto/happymini_voice_offline/install/airobot_interfaces/include/airobot_interfaces/airobot_interfaces/srv/detail
[3.626s] -- Up-to-date: /home/yuto/happymini_voice_offline/install/airobot_interfaces/include/airobot_interfaces/airobot_interfaces/srv/detail/string_command__traits.hpp
[3.627s] -- Up-to-date: /home/yuto/happymini_voice_offline/install/airobot_interfaces/include/airobot_interfaces/airobot_interfaces/srv/detail/string_command__struct.hpp
[3.628s] -- Up-to-date: /home/yuto/happymini_voice_offline/install/airobot_interfaces/include/airobot_interfaces/airobot_interfaces/srv/detail/string_command__builder.hpp
[3.628s] -- Up-to-date: /home/yuto/happymini_voice_offline/install/airobot_interfaces/include/airobot_interfaces/airobot_interfaces/srv/string_command.hpp
[3.629s] -- Up-to-date: /home/yuto/happymini_voice_offline/install/airobot_interfaces/include/airobot_interfaces/airobot_interfaces
[3.629s] -- Up-to-date: /home/yuto/happymini_voice_offline/install/airobot_interfaces/include/airobot_interfaces/airobot_interfaces/msg
[3.630s] -- Up-to-date: /home/yuto/happymini_voice_offline/install/airobot_interfaces/include/airobot_interfaces/airobot_interfaces/msg/rosidl_typesupport_fastrtps_cpp__visibility_control.h
[3.630s] -- Up-to-date: /home/yuto/happymini_voice_offline/install/airobot_interfaces/include/airobot_interfaces/airobot_interfaces/srv
[3.631s] -- Up-to-date: /home/yuto/happymini_voice_offline/install/airobot_interfaces/include/airobot_interfaces/airobot_interfaces/srv/detail
[3.631s] -- Up-to-date: /home/yuto/happymini_voice_offline/install/airobot_interfaces/include/airobot_interfaces/airobot_interfaces/srv/detail/dds_fastrtps
[3.632s] -- Up-to-date: /home/yuto/happymini_voice_offline/install/airobot_interfaces/include/airobot_interfaces/airobot_interfaces/srv/detail/string_command__rosidl_typesupport_fastrtps_cpp.hpp
[3.632s] -- Up-to-date: /home/yuto/happymini_voice_offline/install/airobot_interfaces/lib/libairobot_interfaces__rosidl_typesupport_fastrtps_cpp.so
[3.633s] -- Up-to-date: /home/yuto/happymini_voice_offline/install/airobot_interfaces/include/airobot_interfaces/airobot_interfaces
[3.633s] -- Up-to-date: /home/yuto/happymini_voice_offline/install/airobot_interfaces/include/airobot_interfaces/airobot_interfaces/srv
[3.634s] -- Up-to-date: /home/yuto/happymini_voice_offline/install/airobot_interfaces/include/airobot_interfaces/airobot_interfaces/srv/detail
[3.635s] -- Up-to-date: /home/yuto/happymini_voice_offline/install/airobot_interfaces/include/airobot_interfaces/airobot_interfaces/srv/detail/string_command__rosidl_typesupport_introspection_cpp.hpp
[3.636s] -- Up-to-date: /home/yuto/happymini_voice_offline/install/airobot_interfaces/include/airobot_interfaces/airobot_interfaces/srv/detail/string_command__type_support.cpp
[3.636s] -- Up-to-date: /home/yuto/happymini_voice_offline/install/airobot_interfaces/lib/libairobot_interfaces__rosidl_typesupport_introspection_cpp.so
[3.637s] -- Up-to-date: /home/yuto/happymini_voice_offline/install/airobot_interfaces/lib/libairobot_interfaces__rosidl_typesupport_cpp.so
[3.637s] -- Up-to-date: /home/yuto/happymini_voice_offline/install/airobot_interfaces/share/airobot_interfaces/environment/pythonpath.sh
[3.638s] -- Up-to-date: /home/yuto/happymini_voice_offline/install/airobot_interfaces/share/airobot_interfaces/environment/pythonpath.dsv
[3.638s] -- Up-to-date: /home/yuto/happymini_voice_offline/install/airobot_interfaces/local/lib/python3.10/dist-packages/airobot_interfaces-1.0.0-py3.10.egg-info
[3.639s] -- Installing: /home/yuto/happymini_voice_offline/install/airobot_interfaces/local/lib/python3.10/dist-packages/airobot_interfaces-1.0.0-py3.10.egg-info/dependency_links.txt
[3.639s] -- Installing: /home/yuto/happymini_voice_offline/install/airobot_interfaces/local/lib/python3.10/dist-packages/airobot_interfaces-1.0.0-py3.10.egg-info/top_level.txt
[3.640s] -- Installing: /home/yuto/happymini_voice_offline/install/airobot_interfaces/local/lib/python3.10/dist-packages/airobot_interfaces-1.0.0-py3.10.egg-info/SOURCES.txt
[3.640s] -- Installing: /home/yuto/happymini_voice_offline/install/airobot_interfaces/local/lib/python3.10/dist-packages/airobot_interfaces-1.0.0-py3.10.egg-info/PKG-INFO
[3.641s] -- Up-to-date: /home/yuto/happymini_voice_offline/install/airobot_interfaces/local/lib/python3.10/dist-packages/airobot_interfaces
[3.641s] -- Up-to-date: /home/yuto/happymini_voice_offline/install/airobot_interfaces/local/lib/python3.10/dist-packages/airobot_interfaces/_airobot_interfaces_s.ep.rosidl_typesupport_introspection_c.c
[3.642s] -- Up-to-date: /home/yuto/happymini_voice_offline/install/airobot_interfaces/local/lib/python3.10/dist-packages/airobot_interfaces/airobot_interfaces_s__rosidl_typesupport_introspection_c.cpython-310-x86_64-linux-gnu.so
[3.642s] -- Up-to-date: /home/yuto/happymini_voice_offline/install/airobot_interfaces/local/lib/python3.10/dist-packages/airobot_interfaces/_airobot_interfaces_s.ep.rosidl_typesupport_c.c
[3.643s] -- Up-to-date: /home/yuto/happymini_voice_offline/install/airobot_interfaces/local/lib/python3.10/dist-packages/airobot_interfaces/__init__.py
[3.644s] -- Up-to-date: /home/yuto/happymini_voice_offline/install/airobot_interfaces/local/lib/python3.10/dist-packages/airobot_interfaces/_airobot_interfaces_s.ep.rosidl_typesupport_fastrtps_c.c
[3.644s] -- Up-to-date: /home/yuto/happymini_voice_offline/install/airobot_interfaces/local/lib/python3.10/dist-packages/airobot_interfaces/srv
[3.645s] -- Up-to-date: /home/yuto/happymini_voice_offline/install/airobot_interfaces/local/lib/python3.10/dist-packages/airobot_interfaces/srv/_string_command_s.c
[3.645s] -- Up-to-date: /home/yuto/happymini_voice_offline/install/airobot_interfaces/local/lib/python3.10/dist-packages/airobot_interfaces/srv/__init__.py
[3.646s] -- Up-to-date: /home/yuto/happymini_voice_offline/install/airobot_interfaces/local/lib/python3.10/dist-packages/airobot_interfaces/srv/_string_command.py
[3.646s] -- Up-to-date: /home/yuto/happymini_voice_offline/install/airobot_interfaces/local/lib/python3.10/dist-packages/airobot_interfaces/airobot_interfaces_s__rosidl_typesupport_fastrtps_c.cpython-310-x86_64-linux-gnu.so
[3.647s] -- Up-to-date: /home/yuto/happymini_voice_offline/install/airobot_interfaces/local/lib/python3.10/dist-packages/airobot_interfaces/airobot_interfaces_s__rosidl_typesupport_c.cpython-310-x86_64-linux-gnu.so
[3.647s] -- Up-to-date: /home/yuto/happymini_voice_offline/install/airobot_interfaces/local/lib/python3.10/dist-packages/airobot_interfaces/libairobot_interfaces__rosidl_generator_py.so
[3.770s] Listing '/home/yuto/happymini_voice_offline/install/airobot_interfaces/local/lib/python3.10/dist-packages/airobot_interfaces'...
[3.771s] Listing '/home/yuto/happymini_voice_offline/install/airobot_interfaces/local/lib/python3.10/dist-packages/airobot_interfaces/srv'...
[3.788s] -- Up-to-date: /home/yuto/happymini_voice_offline/install/airobot_interfaces/local/lib/python3.10/dist-packages/airobot_interfaces/airobot_interfaces_s__rosidl_typesupport_fastrtps_c.cpython-310-x86_64-linux-gnu.so
[3.789s] -- Up-to-date: /home/yuto/happymini_voice_offline/install/airobot_interfaces/local/lib/python3.10/dist-packages/airobot_interfaces/airobot_interfaces_s__rosidl_typesupport_introspection_c.cpython-310-x86_64-linux-gnu.so
[3.790s] -- Up-to-date: /home/yuto/happymini_voice_offline/install/airobot_interfaces/local/lib/python3.10/dist-packages/airobot_interfaces/airobot_interfaces_s__rosidl_typesupport_c.cpython-310-x86_64-linux-gnu.so
[3.791s] -- Up-to-date: /home/yuto/happymini_voice_offline/install/airobot_interfaces/lib/libairobot_interfaces__rosidl_generator_py.so
[3.792s] -- Up-to-date: /home/yuto/happymini_voice_offline/install/airobot_interfaces/share/airobot_interfaces/srv/StringCommand.idl
[3.793s] -- Up-to-date: /home/yuto/happymini_voice_offline/install/airobot_interfaces/share/airobot_interfaces/srv/StringCommand.srv
[3.793s] -- Up-to-date: /home/yuto/happymini_voice_offline/install/airobot_interfaces/share/airobot_interfaces/srv/StringCommand_Request.msg
[3.794s] -- Up-to-date: /home/yuto/happymini_voice_offline/install/airobot_interfaces/share/airobot_interfaces/srv/StringCommand_Response.msg
[3.795s] -- Up-to-date: /home/yuto/happymini_voice_offline/install/airobot_interfaces/share/ament_index/resource_index/package_run_dependencies/airobot_interfaces
[3.796s] -- Up-to-date: /home/yuto/happymini_voice_offline/install/airobot_interfaces/share/ament_index/resource_index/parent_prefix_path/airobot_interfaces
[3.796s] -- Up-to-date: /home/yuto/happymini_voice_offline/install/airobot_interfaces/share/airobot_interfaces/environment/ament_prefix_path.sh
[3.797s] -- Up-to-date: /home/yuto/happymini_voice_offline/install/airobot_interfaces/share/airobot_interfaces/environment/ament_prefix_path.dsv
[3.798s] -- Up-to-date: /home/yuto/happymini_voice_offline/install/airobot_interfaces/share/airobot_interfaces/environment/path.sh
[3.798s] -- Up-to-date: /home/yuto/happymini_voice_offline/install/airobot_interfaces/share/airobot_interfaces/environment/path.dsv
[3.799s] -- Up-to-date: /home/yuto/happymini_voice_offline/install/airobot_interfaces/share/airobot_interfaces/local_setup.bash
[3.799s] -- Up-to-date: /home/yuto/happymini_voice_offline/install/airobot_interfaces/share/airobot_interfaces/local_setup.sh
[3.800s] -- Up-to-date: /home/yuto/happymini_voice_offline/install/airobot_interfaces/share/airobot_interfaces/local_setup.zsh
[3.801s] -- Up-to-date: /home/yuto/happymini_voice_offline/install/airobot_interfaces/share/airobot_interfaces/local_setup.dsv
[3.802s] -- Installing: /home/yuto/happymini_voice_offline/install/airobot_interfaces/share/airobot_interfaces/package.dsv
[3.803s] -- Up-to-date: /home/yuto/happymini_voice_offline/install/airobot_interfaces/share/ament_index/resource_index/packages/airobot_interfaces
[3.803s] -- Up-to-date: /home/yuto/happymini_voice_offline/install/airobot_interfaces/share/airobot_interfaces/cmake/export_airobot_interfaces__rosidl_generator_cExport.cmake
[3.804s] -- Up-to-date: /home/yuto/happymini_voice_offline/install/airobot_interfaces/share/airobot_interfaces/cmake/export_airobot_interfaces__rosidl_generator_cExport-noconfig.cmake
[3.805s] -- Up-to-date: /home/yuto/happymini_voice_offline/install/airobot_interfaces/share/airobot_interfaces/cmake/export_airobot_interfaces__rosidl_typesupport_fastrtps_cExport.cmake
[3.805s] -- Up-to-date: /home/yuto/happymini_voice_offline/install/airobot_interfaces/share/airobot_interfaces/cmake/export_airobot_interfaces__rosidl_typesupport_fastrtps_cExport-noconfig.cmake
[3.806s] -- Up-to-date: /home/yuto/happymini_voice_offline/install/airobot_interfaces/share/airobot_interfaces/cmake/airobot_interfaces__rosidl_typesupport_introspection_cExport.cmake
[3.806s] -- Up-to-date: /home/yuto/happymini_voice_offline/install/airobot_interfaces/share/airobot_interfaces/cmake/airobot_interfaces__rosidl_typesupport_introspection_cExport-noconfig.cmake
[3.807s] -- Up-to-date: /home/yuto/happymini_voice_offline/install/airobot_interfaces/share/airobot_interfaces/cmake/airobot_interfaces__rosidl_typesupport_cExport.cmake
[3.807s] -- Up-to-date: /home/yuto/happymini_voice_offline/install/airobot_interfaces/share/airobot_interfaces/cmake/airobot_interfaces__rosidl_typesupport_cExport-noconfig.cmake
[3.808s] -- Up-to-date: /home/yuto/happymini_voice_offline/install/airobot_interfaces/share/airobot_interfaces/cmake/export_airobot_interfaces__rosidl_generator_cppExport.cmake
[3.808s] -- Up-to-date: /home/yuto/happymini_voice_offline/install/airobot_interfaces/share/airobot_interfaces/cmake/export_airobot_interfaces__rosidl_typesupport_fastrtps_cppExport.cmake
[3.809s] -- Up-to-date: /home/yuto/happymini_voice_offline/install/airobot_interfaces/share/airobot_interfaces/cmake/export_airobot_interfaces__rosidl_typesupport_fastrtps_cppExport-noconfig.cmake
[3.809s] -- Up-to-date: /home/yuto/happymini_voice_offline/install/airobot_interfaces/share/airobot_interfaces/cmake/airobot_interfaces__rosidl_typesupport_introspection_cppExport.cmake
[3.810s] -- Up-to-date: /home/yuto/happymini_voice_offline/install/airobot_interfaces/share/airobot_interfaces/cmake/airobot_interfaces__rosidl_typesupport_introspection_cppExport-noconfig.cmake
[3.810s] -- Up-to-date: /home/yuto/happymini_voice_offline/install/airobot_interfaces/share/airobot_interfaces/cmake/airobot_interfaces__rosidl_typesupport_cppExport.cmake
[3.811s] -- Up-to-date: /home/yuto/happymini_voice_offline/install/airobot_interfaces/share/airobot_interfaces/cmake/airobot_interfaces__rosidl_typesupport_cppExport-noconfig.cmake
[3.812s] -- Up-to-date: /home/yuto/happymini_voice_offline/install/airobot_interfaces/share/airobot_interfaces/cmake/export_airobot_interfaces__rosidl_generator_pyExport.cmake
[3.812s] -- Up-to-date: /home/yuto/happymini_voice_offline/install/airobot_interfaces/share/airobot_interfaces/cmake/export_airobot_interfaces__rosidl_generator_pyExport-noconfig.cmake
[3.813s] -- Up-to-date: /home/yuto/happymini_voice_offline/install/airobot_interfaces/share/airobot_interfaces/cmake/rosidl_cmake-extras.cmake
[3.813s] -- Up-to-date: /home/yuto/happymini_voice_offline/install/airobot_interfaces/share/airobot_interfaces/cmake/ament_cmake_export_include_directories-extras.cmake
[3.814s] -- Up-to-date: /home/yuto/happymini_voice_offline/install/airobot_interfaces/share/airobot_interfaces/cmake/ament_cmake_export_libraries-extras.cmake
[3.814s] -- Up-to-date: /home/yuto/happymini_voice_offline/install/airobot_interfaces/share/airobot_interfaces/cmake/ament_cmake_export_targets-extras.cmake
[3.815s] -- Up-to-date: /home/yuto/happymini_voice_offline/install/airobot_interfaces/share/airobot_interfaces/cmake/rosidl_cmake_export_typesupport_targets-extras.cmake
[3.815s] -- Up-to-date: /home/yuto/happymini_voice_offline/install/airobot_interfaces/share/airobot_interfaces/cmake/ament_cmake_export_dependencies-extras.cmake
[3.816s] -- Up-to-date: /home/yuto/happymini_voice_offline/install/airobot_interfaces/share/airobot_interfaces/cmake/rosidl_cmake_export_typesupport_libraries-extras.cmake
[3.816s] -- Up-to-date: /home/yuto/happymini_voice_offline/install/airobot_interfaces/share/airobot_interfaces/cmake/airobot_interfacesConfig.cmake
[3.817s] -- Up-to-date: /home/yuto/happymini_voice_offline/install/airobot_interfaces/share/airobot_interfaces/cmake/airobot_interfacesConfig-version.cmake
[3.817s] -- Up-to-date: /home/yuto/happymini_voice_offline/install/airobot_interfaces/share/airobot_interfaces/package.xml
[3.834s] Invoked command in '/home/yuto/happymini_voice_offline/build/airobot_interfaces' returned '0': CMAKE_PREFIX_PATH=${CMAKE_PREFIX_PATH}:/home/yuto/happymini_voice_offline/install/speech_service:/home/yuto/happymini_ws/install/speech_service:/home/yuto/hapyymini_voice/install/speech_service:/home/yuto/hapyymini_voice/install/happymini_teleop:/home/yuto/hapyymini_voice/install/hand:/home/yuto/hapyymini_voice/install/grasp_bag:/opt/ros/humble /home/yuto/.local/bin/cmake --install /home/yuto/happymini_voice_offline/build/airobot_interfaces
