[0.095s] Invoking command in '/home/yuto/happymini_voice_offline/build/airobot_interfaces': CMAKE_PREFIX_PATH=${CMAKE_PREFIX_PATH}:/home/yuto/happymini_voice_offline/install/speech_service:/home/yuto/happymini_voice_offline/install/happymini_teleop:/home/yuto/happymini_voice_offline/install/hand:/home/yuto/happymini_voice_offline/install/grasp_bag:/home/yuto/happymini_ws/install/speech_service:/home/yuto/hapyymini_voice/install/speech_service:/home/yuto/hapyymini_voice/install/happymini_teleop:/home/yuto/hapyymini_voice/install/hand:/home/yuto/hapyymini_voice/install/grasp_bag:/opt/ros/humble /home/yuto/.local/bin/cmake /home/yuto/happymini_voice_offline/src/happymini_ros2/happymini_voice/airobot_interfaces -DCMAKE_INSTALL_PREFIX=/home/yuto/happymini_voice_offline/install/airobot_interfaces
[1.227s] -- The C compiler identification is GNU 11.3.0
[1.228s] -- The CXX compiler identification is GNU 11.3.0
[1.229s] -- Detecting C compiler ABI info
[1.238s] -- Detecting C compiler ABI info - done
[1.259s] -- Check for working C compiler: /usr/bin/cc - skipped
[1.264s] -- Detecting C compile features
[1.286s] -- Detecting C compile features - done
[1.349s] -- Detecting CXX compiler ABI info
[1.469s] -- Detecting CXX compiler ABI info - done
[1.492s] -- Check for working CXX compiler: /usr/bin/c++ - skipped
[1.492s] -- Detecting CXX compile features
[1.493s] -- Detecting CXX compile features - done
[1.599s] -- Found ament_cmake: 1.3.3 (/opt/ros/humble/share/ament_cmake/cmake)
[2.843s] -- Found Python3: /usr/bin/python3.10 (found version "3.10.6") found components: Interpreter 
[3.104s] -- Found rosidl_default_generators: 1.2.0 (/opt/ros/humble/share/rosidl_default_generators/cmake)
[3.127s] -- Using all available rosidl_typesupport_c: rosidl_typesupport_fastrtps_c;rosidl_typesupport_introspection_c
[3.166s] -- Found rosidl_adapter: 3.1.4 (/opt/ros/humble/share/rosidl_adapter/cmake)
[3.310s] -- Using all available rosidl_typesupport_cpp: rosidl_typesupport_fastrtps_cpp;rosidl_typesupport_introspection_cpp
[3.825s] -- Found ament_cmake_ros: 0.10.0 (/opt/ros/humble/share/ament_cmake_ros/cmake)
[3.967s] -- Using all available rosidl_typesupport_c: rosidl_typesupport_fastrtps_c;rosidl_typesupport_introspection_c
[4.115s] -- Using all available rosidl_typesupport_cpp: rosidl_typesupport_fastrtps_cpp;rosidl_typesupport_introspection_cpp
[4.145s] -- Found PythonInterp: /usr/bin/python3 (found suitable version "3.10.6", minimum required is "3.6") 
[4.151s] -- Found python_cmake_module: 0.10.0 (/opt/ros/humble/share/python_cmake_module/cmake)
[4.192s] -- Found PythonLibs: /usr/lib/x86_64-linux-gnu/libpython3.10.so (found suitable version "3.10.6", minimum required is "3.5") 
[4.192s] -- Using PYTHON_EXECUTABLE: /usr/bin/python3
[4.192s] -- Using PYTHON_INCLUDE_DIRS: /usr/include/python3.10
[4.192s] -- Using PYTHON_LIBRARIES: /usr/lib/x86_64-linux-gnu/libpython3.10.so
[4.216s] -- Found PythonExtra: .so  
[4.276s] -- Found ament_lint_auto: 0.12.5 (/opt/ros/humble/share/ament_lint_auto/cmake)
[4.341s] -- Added test 'copyright' to check source files copyright and LICENSE
[4.347s] -- Added test 'lint_cmake' to check CMake code style
[4.350s] -- Added test 'xmllint' to check XML markup files
[4.355s] -- Configuring done (4.1s)
[4.384s] -- Generating done (0.0s)
[4.387s] -- Build files have been written to: /home/yuto/happymini_voice_offline/build/airobot_interfaces
[4.398s] Invoked command in '/home/yuto/happymini_voice_offline/build/airobot_interfaces' returned '0': CMAKE_PREFIX_PATH=${CMAKE_PREFIX_PATH}:/home/yuto/happymini_voice_offline/install/speech_service:/home/yuto/happymini_voice_offline/install/happymini_teleop:/home/yuto/happymini_voice_offline/install/hand:/home/yuto/happymini_voice_offline/install/grasp_bag:/home/yuto/happymini_ws/install/speech_service:/home/yuto/hapyymini_voice/install/speech_service:/home/yuto/hapyymini_voice/install/happymini_teleop:/home/yuto/hapyymini_voice/install/hand:/home/yuto/hapyymini_voice/install/grasp_bag:/opt/ros/humble /home/yuto/.local/bin/cmake /home/yuto/happymini_voice_offline/src/happymini_ros2/happymini_voice/airobot_interfaces -DCMAKE_INSTALL_PREFIX=/home/yuto/happymini_voice_offline/install/airobot_interfaces
[4.399s] Invoking command in '/home/yuto/happymini_voice_offline/build/airobot_interfaces': CMAKE_PREFIX_PATH=${CMAKE_PREFIX_PATH}:/home/yuto/happymini_voice_offline/install/speech_service:/home/yuto/happymini_voice_offline/install/happymini_teleop:/home/yuto/happymini_voice_offline/install/hand:/home/yuto/happymini_voice_offline/install/grasp_bag:/home/yuto/happymini_ws/install/speech_service:/home/yuto/hapyymini_voice/install/speech_service:/home/yuto/hapyymini_voice/install/happymini_teleop:/home/yuto/hapyymini_voice/install/hand:/home/yuto/hapyymini_voice/install/grasp_bag:/opt/ros/humble /home/yuto/.local/bin/cmake --build /home/yuto/happymini_voice_offline/build/airobot_interfaces -- -j8 -l8
[4.443s] [  3%] [34m[1mGenerating C code for ROS interfaces[0m
[4.447s] [  6%] [34m[1mGenerating C++ code for ROS interfaces[0m
[4.453s] [  6%] Built target ament_cmake_python_copy_airobot_interfaces
[4.769s] running egg_info
[4.771s] creating airobot_interfaces.egg-info
[4.790s] writing airobot_interfaces.egg-info/PKG-INFO
[4.790s] writing dependency_links to airobot_interfaces.egg-info/dependency_links.txt
[4.790s] writing top-level names to airobot_interfaces.egg-info/top_level.txt
[4.790s] writing manifest file 'airobot_interfaces.egg-info/SOURCES.txt'
[4.861s] reading manifest file 'airobot_interfaces.egg-info/SOURCES.txt'
[4.882s] writing manifest file 'airobot_interfaces.egg-info/SOURCES.txt'
[4.925s] [  6%] Built target airobot_interfaces__cpp
[4.926s] [  6%] Built target ament_cmake_python_build_airobot_interfaces_egg
[4.930s] [ 12%] [34m[1mGenerating C++ type support for eProsima Fast-RTPS[0m
[4.930s] [ 12%] [34m[1mGenerating C++ type support dispatch for ROS interfaces[0m
[4.931s] [ 16%] [34m[1mGenerating C++ introspection for ROS interfaces[0m
[5.040s] [ 19%] [32mBuilding C object CMakeFiles/airobot_interfaces__rosidl_generator_c.dir/rosidl_generator_c/airobot_interfaces/srv/detail/string_command__functions.c.o[0m
[5.212s] [ 22%] [32m[1mLinking C shared library libairobot_interfaces__rosidl_generator_c.so[0m
[5.262s] [ 22%] Built target airobot_interfaces__rosidl_generator_c
[5.265s] [ 25%] [32mBuilding CXX object CMakeFiles/airobot_interfaces__rosidl_typesupport_fastrtps_cpp.dir/rosidl_typesupport_fastrtps_cpp/airobot_interfaces/srv/detail/dds_fastrtps/string_command__type_support.cpp.o[0m
[5.267s] [ 29%] [34m[1mGenerating C type support for eProsima Fast-RTPS[0m
[5.269s] [ 35%] [34m[1mGenerating C introspection for ROS interfaces[0m
[5.270s] [ 35%] [34m[1mGenerating C type support dispatch for ROS interfaces[0m
[5.387s] [ 38%] [32mBuilding CXX object CMakeFiles/airobot_interfaces__rosidl_typesupport_cpp.dir/rosidl_typesupport_cpp/airobot_interfaces/srv/string_command__type_support.cpp.o[0m
[5.481s] [ 41%] [32mBuilding CXX object CMakeFiles/airobot_interfaces__rosidl_typesupport_introspection_cpp.dir/rosidl_typesupport_introspection_cpp/airobot_interfaces/srv/detail/string_command__type_support.cpp.o[0m
[5.747s] [ 45%] [32mBuilding CXX object CMakeFiles/airobot_interfaces__rosidl_typesupport_c.dir/rosidl_typesupport_c/airobot_interfaces/srv/string_command__type_support.cpp.o[0m
[5.869s] [ 48%] [32mBuilding C object CMakeFiles/airobot_interfaces__rosidl_typesupport_introspection_c.dir/rosidl_typesupport_introspection_c/airobot_interfaces/srv/detail/string_command__type_support.c.o[0m
[5.874s] [ 51%] [32m[1mLinking CXX shared library libairobot_interfaces__rosidl_typesupport_c.so[0m
[5.892s] [ 54%] [32mBuilding CXX object CMakeFiles/airobot_interfaces__rosidl_typesupport_fastrtps_c.dir/rosidl_typesupport_fastrtps_c/airobot_interfaces/srv/detail/string_command__type_support_c.cpp.o[0m
[5.947s] [  6%] Built target airobot_interfaces__rosidl_typesupport_c
[6.008s] [ 25%] [32m[1mLinking C shared library libairobot_interfaces__rosidl_typesupport_introspection_c.so[0m
[6.152s] [ 45%] Built target airobot_interfaces__rosidl_typesupport_introspection_c
[6.683s] [ 48%] [32m[1mLinking CXX shared library libairobot_interfaces__rosidl_typesupport_cpp.so[0m
[6.916s] [ 51%] Built target airobot_interfaces__rosidl_typesupport_cpp
[7.237s] [ 54%] [32m[1mLinking CXX shared library libairobot_interfaces__rosidl_typesupport_fastrtps_cpp.so[0m
[7.463s] [ 64%] Built target airobot_interfaces__rosidl_typesupport_fastrtps_cpp
[7.543s] [ 67%] [32m[1mLinking CXX shared library libairobot_interfaces__rosidl_typesupport_fastrtps_c.so[0m
[7.608s] [ 70%] [32m[1mLinking CXX shared library libairobot_interfaces__rosidl_typesupport_introspection_cpp.so[0m
[7.888s] [ 74%] Built target airobot_interfaces__rosidl_typesupport_introspection_cpp
[8.059s] [ 74%] Built target airobot_interfaces__rosidl_typesupport_fastrtps_c
[8.126s] [ 74%] Built target airobot_interfaces
[8.232s] [ 74%] [34m[1mGenerating Python code for ROS interfaces[0m
[10.016s] [ 74%] Built target airobot_interfaces__py
[10.065s] [ 77%] [32mBuilding C object CMakeFiles/airobot_interfaces__rosidl_generator_py.dir/rosidl_generator_py/airobot_interfaces/srv/_string_command_s.c.o[0m
[10.540s] [ 80%] [32m[1mLinking C shared library rosidl_generator_py/airobot_interfaces/libairobot_interfaces__rosidl_generator_py.so[0m
[10.651s] [ 80%] Built target airobot_interfaces__rosidl_generator_py
[10.723s] [ 83%] [32mBuilding C object CMakeFiles/airobot_interfaces__rosidl_typesupport_introspection_c__pyext.dir/rosidl_generator_py/airobot_interfaces/_airobot_interfaces_s.ep.rosidl_typesupport_introspection_c.c.o[0m
[10.744s] [ 87%] [32mBuilding C object CMakeFiles/airobot_interfaces__rosidl_typesupport_fastrtps_c__pyext.dir/rosidl_generator_py/airobot_interfaces/_airobot_interfaces_s.ep.rosidl_typesupport_fastrtps_c.c.o[0m
[10.788s] [ 90%] [32mBuilding C object CMakeFiles/airobot_interfaces__rosidl_typesupport_c__pyext.dir/rosidl_generator_py/airobot_interfaces/_airobot_interfaces_s.ep.rosidl_typesupport_c.c.o[0m
[11.023s] [ 93%] [32m[1mLinking C shared library rosidl_generator_py/airobot_interfaces/airobot_interfaces_s__rosidl_typesupport_fastrtps_c.cpython-310-x86_64-linux-gnu.so[0m
[11.033s] [ 96%] [32m[1mLinking C shared library rosidl_generator_py/airobot_interfaces/airobot_interfaces_s__rosidl_typesupport_introspection_c.cpython-310-x86_64-linux-gnu.so[0m
[11.135s] [ 96%] Built target airobot_interfaces__rosidl_typesupport_introspection_c__pyext
[11.157s] [100%] [32m[1mLinking C shared library rosidl_generator_py/airobot_interfaces/airobot_interfaces_s__rosidl_typesupport_c.cpython-310-x86_64-linux-gnu.so[0m
[11.175s] [100%] Built target airobot_interfaces__rosidl_typesupport_fastrtps_c__pyext
[11.236s] [100%] Built target airobot_interfaces__rosidl_typesupport_c__pyext
[11.298s] Invoked command in '/home/yuto/happymini_voice_offline/build/airobot_interfaces' returned '0': CMAKE_PREFIX_PATH=${CMAKE_PREFIX_PATH}:/home/yuto/happymini_voice_offline/install/speech_service:/home/yuto/happymini_voice_offline/install/happymini_teleop:/home/yuto/happymini_voice_offline/install/hand:/home/yuto/happymini_voice_offline/install/grasp_bag:/home/yuto/happymini_ws/install/speech_service:/home/yuto/hapyymini_voice/install/speech_service:/home/yuto/hapyymini_voice/install/happymini_teleop:/home/yuto/hapyymini_voice/install/hand:/home/yuto/hapyymini_voice/install/grasp_bag:/opt/ros/humble /home/yuto/.local/bin/cmake --build /home/yuto/happymini_voice_offline/build/airobot_interfaces -- -j8 -l8
[11.898s] Invoking command in '/home/yuto/happymini_voice_offline/build/airobot_interfaces': CMAKE_PREFIX_PATH=${CMAKE_PREFIX_PATH}:/home/yuto/happymini_voice_offline/install/speech_service:/home/yuto/happymini_voice_offline/install/happymini_teleop:/home/yuto/happymini_voice_offline/install/hand:/home/yuto/happymini_voice_offline/install/grasp_bag:/home/yuto/happymini_ws/install/speech_service:/home/yuto/hapyymini_voice/install/speech_service:/home/yuto/hapyymini_voice/install/happymini_teleop:/home/yuto/hapyymini_voice/install/hand:/home/yuto/hapyymini_voice/install/grasp_bag:/opt/ros/humble /home/yuto/.local/bin/cmake --install /home/yuto/happymini_voice_offline/build/airobot_interfaces
[11.972s] -- Install configuration: ""
[11.972s] -- Installing: /home/yuto/happymini_voice_offline/install/airobot_interfaces/share/ament_index/resource_index/rosidl_interfaces/airobot_interfaces
[11.972s] -- Installing: /home/yuto/happymini_voice_offline/install/airobot_interfaces/include/airobot_interfaces/airobot_interfaces
[11.972s] -- Installing: /home/yuto/happymini_voice_offline/install/airobot_interfaces/include/airobot_interfaces/airobot_interfaces/msg
[11.972s] -- Installing: /home/yuto/happymini_voice_offline/install/airobot_interfaces/include/airobot_interfaces/airobot_interfaces/msg/rosidl_generator_c__visibility_control.h
[11.972s] -- Installing: /home/yuto/happymini_voice_offline/install/airobot_interfaces/include/airobot_interfaces/airobot_interfaces/srv
[11.972s] -- Installing: /home/yuto/happymini_voice_offline/install/airobot_interfaces/include/airobot_interfaces/airobot_interfaces/srv/detail
[11.973s] -- Installing: /home/yuto/happymini_voice_offline/install/airobot_interfaces/include/airobot_interfaces/airobot_interfaces/srv/detail/string_command__type_support.h
[11.973s] -- Installing: /home/yuto/happymini_voice_offline/install/airobot_interfaces/include/airobot_interfaces/airobot_interfaces/srv/detail/string_command__struct.h
[11.973s] -- Installing: /home/yuto/happymini_voice_offline/install/airobot_interfaces/include/airobot_interfaces/airobot_interfaces/srv/detail/string_command__functions.h
[11.973s] -- Installing: /home/yuto/happymini_voice_offline/install/airobot_interfaces/include/airobot_interfaces/airobot_interfaces/srv/detail/string_command__functions.c
[11.973s] -- Installing: /home/yuto/happymini_voice_offline/install/airobot_interfaces/include/airobot_interfaces/airobot_interfaces/srv/string_command.h
[11.973s] -- Installing: /home/yuto/happymini_voice_offline/install/airobot_interfaces/share/airobot_interfaces/environment/library_path.sh
[11.973s] -- Installing: /home/yuto/happymini_voice_offline/install/airobot_interfaces/share/airobot_interfaces/environment/library_path.dsv
[11.974s] -- Installing: /home/yuto/happymini_voice_offline/install/airobot_interfaces/lib/libairobot_interfaces__rosidl_generator_c.so
[11.974s] -- Set runtime path of "/home/yuto/happymini_voice_offline/install/airobot_interfaces/lib/libairobot_interfaces__rosidl_generator_c.so" to ""
[11.974s] -- Up-to-date: /home/yuto/happymini_voice_offline/install/airobot_interfaces/include/airobot_interfaces/airobot_interfaces
[11.974s] -- Up-to-date: /home/yuto/happymini_voice_offline/install/airobot_interfaces/include/airobot_interfaces/airobot_interfaces/msg
[11.974s] -- Installing: /home/yuto/happymini_voice_offline/install/airobot_interfaces/include/airobot_interfaces/airobot_interfaces/msg/rosidl_typesupport_fastrtps_c__visibility_control.h
[11.974s] -- Up-to-date: /home/yuto/happymini_voice_offline/install/airobot_interfaces/include/airobot_interfaces/airobot_interfaces/srv
[11.974s] -- Up-to-date: /home/yuto/happymini_voice_offline/install/airobot_interfaces/include/airobot_interfaces/airobot_interfaces/srv/detail
[11.974s] -- Installing: /home/yuto/happymini_voice_offline/install/airobot_interfaces/include/airobot_interfaces/airobot_interfaces/srv/detail/string_command__rosidl_typesupport_fastrtps_c.h
[11.975s] -- Installing: /home/yuto/happymini_voice_offline/install/airobot_interfaces/lib/libairobot_interfaces__rosidl_typesupport_fastrtps_c.so
[11.975s] -- Set runtime path of "/home/yuto/happymini_voice_offline/install/airobot_interfaces/lib/libairobot_interfaces__rosidl_typesupport_fastrtps_c.so" to ""
[11.975s] -- Up-to-date: /home/yuto/happymini_voice_offline/install/airobot_interfaces/include/airobot_interfaces/airobot_interfaces
[11.975s] -- Up-to-date: /home/yuto/happymini_voice_offline/install/airobot_interfaces/include/airobot_interfaces/airobot_interfaces/msg
[11.975s] -- Installing: /home/yuto/happymini_voice_offline/install/airobot_interfaces/include/airobot_interfaces/airobot_interfaces/msg/rosidl_typesupport_introspection_c__visibility_control.h
[11.975s] -- Up-to-date: /home/yuto/happymini_voice_offline/install/airobot_interfaces/include/airobot_interfaces/airobot_interfaces/srv
[11.975s] -- Up-to-date: /home/yuto/happymini_voice_offline/install/airobot_interfaces/include/airobot_interfaces/airobot_interfaces/srv/detail
[11.975s] -- Installing: /home/yuto/happymini_voice_offline/install/airobot_interfaces/include/airobot_interfaces/airobot_interfaces/srv/detail/string_command__type_support.c
[11.976s] -- Installing: /home/yuto/happymini_voice_offline/install/airobot_interfaces/include/airobot_interfaces/airobot_interfaces/srv/detail/string_command__rosidl_typesupport_introspection_c.h
[11.976s] -- Installing: /home/yuto/happymini_voice_offline/install/airobot_interfaces/lib/libairobot_interfaces__rosidl_typesupport_introspection_c.so
[11.976s] -- Set runtime path of "/home/yuto/happymini_voice_offline/install/airobot_interfaces/lib/libairobot_interfaces__rosidl_typesupport_introspection_c.so" to ""
[11.976s] -- Installing: /home/yuto/happymini_voice_offline/install/airobot_interfaces/lib/libairobot_interfaces__rosidl_typesupport_c.so
[11.976s] -- Set runtime path of "/home/yuto/happymini_voice_offline/install/airobot_interfaces/lib/libairobot_interfaces__rosidl_typesupport_c.so" to ""
[11.976s] -- Up-to-date: /home/yuto/happymini_voice_offline/install/airobot_interfaces/include/airobot_interfaces/airobot_interfaces
[11.976s] -- Up-to-date: /home/yuto/happymini_voice_offline/install/airobot_interfaces/include/airobot_interfaces/airobot_interfaces/srv
[11.977s] -- Up-to-date: /home/yuto/happymini_voice_offline/install/airobot_interfaces/include/airobot_interfaces/airobot_interfaces/srv/detail
[11.977s] -- Installing: /home/yuto/happymini_voice_offline/install/airobot_interfaces/include/airobot_interfaces/airobot_interfaces/srv/detail/string_command__traits.hpp
[11.981s] -- Installing: /home/yuto/happymini_voice_offline/install/airobot_interfaces/include/airobot_interfaces/airobot_interfaces/srv/detail/string_command__struct.hpp
[11.981s] -- Installing: /home/yuto/happymini_voice_offline/install/airobot_interfaces/include/airobot_interfaces/airobot_interfaces/srv/detail/string_command__builder.hpp
[11.982s] -- Installing: /home/yuto/happymini_voice_offline/install/airobot_interfaces/include/airobot_interfaces/airobot_interfaces/srv/string_command.hpp
[11.982s] -- Up-to-date: /home/yuto/happymini_voice_offline/install/airobot_interfaces/include/airobot_interfaces/airobot_interfaces
[11.982s] -- Up-to-date: /home/yuto/happymini_voice_offline/install/airobot_interfaces/include/airobot_interfaces/airobot_interfaces/msg
[11.982s] -- Installing: /home/yuto/happymini_voice_offline/install/airobot_interfaces/include/airobot_interfaces/airobot_interfaces/msg/rosidl_typesupport_fastrtps_cpp__visibility_control.h
[11.982s] -- Up-to-date: /home/yuto/happymini_voice_offline/install/airobot_interfaces/include/airobot_interfaces/airobot_interfaces/srv
[11.982s] -- Up-to-date: /home/yuto/happymini_voice_offline/install/airobot_interfaces/include/airobot_interfaces/airobot_interfaces/srv/detail
[11.983s] -- Installing: /home/yuto/happymini_voice_offline/install/airobot_interfaces/include/airobot_interfaces/airobot_interfaces/srv/detail/dds_fastrtps
[11.983s] -- Installing: /home/yuto/happymini_voice_offline/install/airobot_interfaces/include/airobot_interfaces/airobot_interfaces/srv/detail/string_command__rosidl_typesupport_fastrtps_cpp.hpp
[11.983s] -- Installing: /home/yuto/happymini_voice_offline/install/airobot_interfaces/lib/libairobot_interfaces__rosidl_typesupport_fastrtps_cpp.so
[11.983s] -- Set runtime path of "/home/yuto/happymini_voice_offline/install/airobot_interfaces/lib/libairobot_interfaces__rosidl_typesupport_fastrtps_cpp.so" to ""
[11.984s] -- Up-to-date: /home/yuto/happymini_voice_offline/install/airobot_interfaces/include/airobot_interfaces/airobot_interfaces
[11.984s] -- Up-to-date: /home/yuto/happymini_voice_offline/install/airobot_interfaces/include/airobot_interfaces/airobot_interfaces/srv
[11.984s] -- Up-to-date: /home/yuto/happymini_voice_offline/install/airobot_interfaces/include/airobot_interfaces/airobot_interfaces/srv/detail
[11.984s] -- Installing: /home/yuto/happymini_voice_offline/install/airobot_interfaces/include/airobot_interfaces/airobot_interfaces/srv/detail/string_command__rosidl_typesupport_introspection_cpp.hpp
[11.985s] -- Installing: /home/yuto/happymini_voice_offline/install/airobot_interfaces/include/airobot_interfaces/airobot_interfaces/srv/detail/string_command__type_support.cpp
[11.986s] -- Installing: /home/yuto/happymini_voice_offline/install/airobot_interfaces/lib/libairobot_interfaces__rosidl_typesupport_introspection_cpp.so
[11.986s] -- Set runtime path of "/home/yuto/happymini_voice_offline/install/airobot_interfaces/lib/libairobot_interfaces__rosidl_typesupport_introspection_cpp.so" to ""
[11.987s] -- Installing: /home/yuto/happymini_voice_offline/install/airobot_interfaces/lib/libairobot_interfaces__rosidl_typesupport_cpp.so
[11.988s] -- Set runtime path of "/home/yuto/happymini_voice_offline/install/airobot_interfaces/lib/libairobot_interfaces__rosidl_typesupport_cpp.so" to ""
[11.988s] -- Installing: /home/yuto/happymini_voice_offline/install/airobot_interfaces/share/airobot_interfaces/environment/pythonpath.sh
[11.988s] -- Installing: /home/yuto/happymini_voice_offline/install/airobot_interfaces/share/airobot_interfaces/environment/pythonpath.dsv
[11.988s] -- Installing: /home/yuto/happymini_voice_offline/install/airobot_interfaces/local/lib/python3.10/dist-packages/airobot_interfaces-1.0.0-py3.10.egg-info
[11.988s] -- Installing: /home/yuto/happymini_voice_offline/install/airobot_interfaces/local/lib/python3.10/dist-packages/airobot_interfaces-1.0.0-py3.10.egg-info/dependency_links.txt
[11.988s] -- Installing: /home/yuto/happymini_voice_offline/install/airobot_interfaces/local/lib/python3.10/dist-packages/airobot_interfaces-1.0.0-py3.10.egg-info/top_level.txt
[11.988s] -- Installing: /home/yuto/happymini_voice_offline/install/airobot_interfaces/local/lib/python3.10/dist-packages/airobot_interfaces-1.0.0-py3.10.egg-info/SOURCES.txt
[11.989s] -- Installing: /home/yuto/happymini_voice_offline/install/airobot_interfaces/local/lib/python3.10/dist-packages/airobot_interfaces-1.0.0-py3.10.egg-info/PKG-INFO
[11.989s] -- Installing: /home/yuto/happymini_voice_offline/install/airobot_interfaces/local/lib/python3.10/dist-packages/airobot_interfaces
[11.989s] -- Installing: /home/yuto/happymini_voice_offline/install/airobot_interfaces/local/lib/python3.10/dist-packages/airobot_interfaces/_airobot_interfaces_s.ep.rosidl_typesupport_introspection_c.c
[11.989s] -- Installing: /home/yuto/happymini_voice_offline/install/airobot_interfaces/local/lib/python3.10/dist-packages/airobot_interfaces/airobot_interfaces_s__rosidl_typesupport_introspection_c.cpython-310-x86_64-linux-gnu.so
[11.989s] -- Installing: /home/yuto/happymini_voice_offline/install/airobot_interfaces/local/lib/python3.10/dist-packages/airobot_interfaces/_airobot_interfaces_s.ep.rosidl_typesupport_c.c
[11.989s] -- Installing: /home/yuto/happymini_voice_offline/install/airobot_interfaces/local/lib/python3.10/dist-packages/airobot_interfaces/__init__.py
[11.989s] -- Installing: /home/yuto/happymini_voice_offline/install/airobot_interfaces/local/lib/python3.10/dist-packages/airobot_interfaces/_airobot_interfaces_s.ep.rosidl_typesupport_fastrtps_c.c
[11.990s] -- Installing: /home/yuto/happymini_voice_offline/install/airobot_interfaces/local/lib/python3.10/dist-packages/airobot_interfaces/srv
[11.990s] -- Installing: /home/yuto/happymini_voice_offline/install/airobot_interfaces/local/lib/python3.10/dist-packages/airobot_interfaces/srv/_string_command_s.c
[11.990s] -- Installing: /home/yuto/happymini_voice_offline/install/airobot_interfaces/local/lib/python3.10/dist-packages/airobot_interfaces/srv/__init__.py
[11.990s] -- Installing: /home/yuto/happymini_voice_offline/install/airobot_interfaces/local/lib/python3.10/dist-packages/airobot_interfaces/srv/_string_command.py
[11.990s] -- Installing: /home/yuto/happymini_voice_offline/install/airobot_interfaces/local/lib/python3.10/dist-packages/airobot_interfaces/airobot_interfaces_s__rosidl_typesupport_fastrtps_c.cpython-310-x86_64-linux-gnu.so
[11.990s] -- Installing: /home/yuto/happymini_voice_offline/install/airobot_interfaces/local/lib/python3.10/dist-packages/airobot_interfaces/airobot_interfaces_s__rosidl_typesupport_c.cpython-310-x86_64-linux-gnu.so
[11.990s] -- Installing: /home/yuto/happymini_voice_offline/install/airobot_interfaces/local/lib/python3.10/dist-packages/airobot_interfaces/libairobot_interfaces__rosidl_generator_py.so
[12.096s] Listing '/home/yuto/happymini_voice_offline/install/airobot_interfaces/local/lib/python3.10/dist-packages/airobot_interfaces'...
[12.096s] Compiling '/home/yuto/happymini_voice_offline/install/airobot_interfaces/local/lib/python3.10/dist-packages/airobot_interfaces/__init__.py'...
[12.096s] Listing '/home/yuto/happymini_voice_offline/install/airobot_interfaces/local/lib/python3.10/dist-packages/airobot_interfaces/srv'...
[12.096s] Compiling '/home/yuto/happymini_voice_offline/install/airobot_interfaces/local/lib/python3.10/dist-packages/airobot_interfaces/srv/__init__.py'...
[12.096s] Compiling '/home/yuto/happymini_voice_offline/install/airobot_interfaces/local/lib/python3.10/dist-packages/airobot_interfaces/srv/_string_command.py'...
[12.109s] -- Installing: /home/yuto/happymini_voice_offline/install/airobot_interfaces/local/lib/python3.10/dist-packages/airobot_interfaces/airobot_interfaces_s__rosidl_typesupport_fastrtps_c.cpython-310-x86_64-linux-gnu.so
[12.109s] -- Set runtime path of "/home/yuto/happymini_voice_offline/install/airobot_interfaces/local/lib/python3.10/dist-packages/airobot_interfaces/airobot_interfaces_s__rosidl_typesupport_fastrtps_c.cpython-310-x86_64-linux-gnu.so" to ""
[12.109s] -- Installing: /home/yuto/happymini_voice_offline/install/airobot_interfaces/local/lib/python3.10/dist-packages/airobot_interfaces/airobot_interfaces_s__rosidl_typesupport_introspection_c.cpython-310-x86_64-linux-gnu.so
[12.110s] -- Set runtime path of "/home/yuto/happymini_voice_offline/install/airobot_interfaces/local/lib/python3.10/dist-packages/airobot_interfaces/airobot_interfaces_s__rosidl_typesupport_introspection_c.cpython-310-x86_64-linux-gnu.so" to ""
[12.110s] -- Installing: /home/yuto/happymini_voice_offline/install/airobot_interfaces/local/lib/python3.10/dist-packages/airobot_interfaces/airobot_interfaces_s__rosidl_typesupport_c.cpython-310-x86_64-linux-gnu.so
[12.111s] -- Set runtime path of "/home/yuto/happymini_voice_offline/install/airobot_interfaces/local/lib/python3.10/dist-packages/airobot_interfaces/airobot_interfaces_s__rosidl_typesupport_c.cpython-310-x86_64-linux-gnu.so" to ""
[12.111s] -- Installing: /home/yuto/happymini_voice_offline/install/airobot_interfaces/lib/libairobot_interfaces__rosidl_generator_py.so
[12.111s] -- Set runtime path of "/home/yuto/happymini_voice_offline/install/airobot_interfaces/lib/libairobot_interfaces__rosidl_generator_py.so" to ""
[12.111s] -- Installing: /home/yuto/happymini_voice_offline/install/airobot_interfaces/share/airobot_interfaces/srv/StringCommand.idl
[12.127s] -- Installing: /home/yuto/happymini_voice_offline/install/airobot_interfaces/share/airobot_interfaces/srv/StringCommand.srv
[12.130s] -- Installing: /home/yuto/happymini_voice_offline/install/airobot_interfaces/share/airobot_interfaces/srv/StringCommand_Request.msg
[12.130s] -- Installing: /home/yuto/happymini_voice_offline/install/airobot_interfaces/share/airobot_interfaces/srv/StringCommand_Response.msg
[12.130s] -- Installing: /home/yuto/happymini_voice_offline/install/airobot_interfaces/share/ament_index/resource_index/package_run_dependencies/airobot_interfaces
[12.130s] -- Installing: /home/yuto/happymini_voice_offline/install/airobot_interfaces/share/ament_index/resource_index/parent_prefix_path/airobot_interfaces
[12.130s] -- Installing: /home/yuto/happymini_voice_offline/install/airobot_interfaces/share/airobot_interfaces/environment/ament_prefix_path.sh
[12.131s] -- Installing: /home/yuto/happymini_voice_offline/install/airobot_interfaces/share/airobot_interfaces/environment/ament_prefix_path.dsv
[12.131s] -- Installing: /home/yuto/happymini_voice_offline/install/airobot_interfaces/share/airobot_interfaces/environment/path.sh
[12.131s] -- Installing: /home/yuto/happymini_voice_offline/install/airobot_interfaces/share/airobot_interfaces/environment/path.dsv
[12.131s] -- Installing: /home/yuto/happymini_voice_offline/install/airobot_interfaces/share/airobot_interfaces/local_setup.bash
[12.131s] -- Installing: /home/yuto/happymini_voice_offline/install/airobot_interfaces/share/airobot_interfaces/local_setup.sh
[12.131s] -- Installing: /home/yuto/happymini_voice_offline/install/airobot_interfaces/share/airobot_interfaces/local_setup.zsh
[12.131s] -- Installing: /home/yuto/happymini_voice_offline/install/airobot_interfaces/share/airobot_interfaces/local_setup.dsv
[12.131s] -- Installing: /home/yuto/happymini_voice_offline/install/airobot_interfaces/share/airobot_interfaces/package.dsv
[12.132s] -- Installing: /home/yuto/happymini_voice_offline/install/airobot_interfaces/share/ament_index/resource_index/packages/airobot_interfaces
[12.132s] -- Installing: /home/yuto/happymini_voice_offline/install/airobot_interfaces/share/airobot_interfaces/cmake/export_airobot_interfaces__rosidl_generator_cExport.cmake
[12.132s] -- Installing: /home/yuto/happymini_voice_offline/install/airobot_interfaces/share/airobot_interfaces/cmake/export_airobot_interfaces__rosidl_generator_cExport-noconfig.cmake
[12.132s] -- Installing: /home/yuto/happymini_voice_offline/install/airobot_interfaces/share/airobot_interfaces/cmake/export_airobot_interfaces__rosidl_typesupport_fastrtps_cExport.cmake
[12.132s] -- Installing: /home/yuto/happymini_voice_offline/install/airobot_interfaces/share/airobot_interfaces/cmake/export_airobot_interfaces__rosidl_typesupport_fastrtps_cExport-noconfig.cmake
[12.132s] -- Installing: /home/yuto/happymini_voice_offline/install/airobot_interfaces/share/airobot_interfaces/cmake/airobot_interfaces__rosidl_typesupport_introspection_cExport.cmake
[12.132s] -- Installing: /home/yuto/happymini_voice_offline/install/airobot_interfaces/share/airobot_interfaces/cmake/airobot_interfaces__rosidl_typesupport_introspection_cExport-noconfig.cmake
[12.132s] -- Installing: /home/yuto/happymini_voice_offline/install/airobot_interfaces/share/airobot_interfaces/cmake/airobot_interfaces__rosidl_typesupport_cExport.cmake
[12.133s] -- Installing: /home/yuto/happymini_voice_offline/install/airobot_interfaces/share/airobot_interfaces/cmake/airobot_interfaces__rosidl_typesupport_cExport-noconfig.cmake
[12.133s] -- Installing: /home/yuto/happymini_voice_offline/install/airobot_interfaces/share/airobot_interfaces/cmake/export_airobot_interfaces__rosidl_generator_cppExport.cmake
[12.133s] -- Installing: /home/yuto/happymini_voice_offline/install/airobot_interfaces/share/airobot_interfaces/cmake/export_airobot_interfaces__rosidl_typesupport_fastrtps_cppExport.cmake
[12.133s] -- Installing: /home/yuto/happymini_voice_offline/install/airobot_interfaces/share/airobot_interfaces/cmake/export_airobot_interfaces__rosidl_typesupport_fastrtps_cppExport-noconfig.cmake
[12.133s] -- Installing: /home/yuto/happymini_voice_offline/install/airobot_interfaces/share/airobot_interfaces/cmake/airobot_interfaces__rosidl_typesupport_introspection_cppExport.cmake
[12.133s] -- Installing: /home/yuto/happymini_voice_offline/install/airobot_interfaces/share/airobot_interfaces/cmake/airobot_interfaces__rosidl_typesupport_introspection_cppExport-noconfig.cmake
[12.133s] -- Installing: /home/yuto/happymini_voice_offline/install/airobot_interfaces/share/airobot_interfaces/cmake/airobot_interfaces__rosidl_typesupport_cppExport.cmake
[12.133s] -- Installing: /home/yuto/happymini_voice_offline/install/airobot_interfaces/share/airobot_interfaces/cmake/airobot_interfaces__rosidl_typesupport_cppExport-noconfig.cmake
[12.133s] -- Installing: /home/yuto/happymini_voice_offline/install/airobot_interfaces/share/airobot_interfaces/cmake/export_airobot_interfaces__rosidl_generator_pyExport.cmake
[12.134s] -- Installing: /home/yuto/happymini_voice_offline/install/airobot_interfaces/share/airobot_interfaces/cmake/export_airobot_interfaces__rosidl_generator_pyExport-noconfig.cmake
[12.134s] -- Installing: /home/yuto/happymini_voice_offline/install/airobot_interfaces/share/airobot_interfaces/cmake/rosidl_cmake-extras.cmake
[12.134s] -- Installing: /home/yuto/happymini_voice_offline/install/airobot_interfaces/share/airobot_interfaces/cmake/ament_cmake_export_include_directories-extras.cmake
[12.134s] -- Installing: /home/yuto/happymini_voice_offline/install/airobot_interfaces/share/airobot_interfaces/cmake/ament_cmake_export_libraries-extras.cmake
[12.138s] -- Installing: /home/yuto/happymini_voice_offline/install/airobot_interfaces/share/airobot_interfaces/cmake/ament_cmake_export_targets-extras.cmake
[12.138s] -- Installing: /home/yuto/happymini_voice_offline/install/airobot_interfaces/share/airobot_interfaces/cmake/rosidl_cmake_export_typesupport_targets-extras.cmake
[12.139s] -- Installing: /home/yuto/happymini_voice_offline/install/airobot_interfaces/share/airobot_interfaces/cmake/ament_cmake_export_dependencies-extras.cmake
[12.139s] -- Installing: /home/yuto/happymini_voice_offline/install/airobot_interfaces/share/airobot_interfaces/cmake/rosidl_cmake_export_typesupport_libraries-extras.cmake
[12.139s] -- Installing: /home/yuto/happymini_voice_offline/install/airobot_interfaces/share/airobot_interfaces/cmake/airobot_interfacesConfig.cmake
[12.139s] -- Installing: /home/yuto/happymini_voice_offline/install/airobot_interfaces/share/airobot_interfaces/cmake/airobot_interfacesConfig-version.cmake
[12.139s] -- Installing: /home/yuto/happymini_voice_offline/install/airobot_interfaces/share/airobot_interfaces/package.xml
[12.158s] Invoked command in '/home/yuto/happymini_voice_offline/build/airobot_interfaces' returned '0': CMAKE_PREFIX_PATH=${CMAKE_PREFIX_PATH}:/home/yuto/happymini_voice_offline/install/speech_service:/home/yuto/happymini_voice_offline/install/happymini_teleop:/home/yuto/happymini_voice_offline/install/hand:/home/yuto/happymini_voice_offline/install/grasp_bag:/home/yuto/happymini_ws/install/speech_service:/home/yuto/hapyymini_voice/install/speech_service:/home/yuto/hapyymini_voice/install/happymini_teleop:/home/yuto/hapyymini_voice/install/hand:/home/yuto/hapyymini_voice/install/grasp_bag:/opt/ros/humble /home/yuto/.local/bin/cmake --install /home/yuto/happymini_voice_offline/build/airobot_interfaces
