running egg_info
creating ../../../build/grasp_bag/grasp_bag.egg-info
writing ../../../build/grasp_bag/grasp_bag.egg-info/PKG-INFO
writing dependency_links to ../../../build/grasp_bag/grasp_bag.egg-info/dependency_links.txt
writing entry points to ../../../build/grasp_bag/grasp_bag.egg-info/entry_points.txt
writing requirements to ../../../build/grasp_bag/grasp_bag.egg-info/requires.txt
writing top-level names to ../../../build/grasp_bag/grasp_bag.egg-info/top_level.txt
writing manifest file '../../../build/grasp_bag/grasp_bag.egg-info/SOURCES.txt'
reading manifest file '../../../build/grasp_bag/grasp_bag.egg-info/SOURCES.txt'
writing manifest file '../../../build/grasp_bag/grasp_bag.egg-info/SOURCES.txt'
running build
running build_py
creating /home/yuto/happymini_voice_offline/build/grasp_bag/build
creating /home/yuto/happymini_voice_offline/build/grasp_bag/build/lib
creating /home/yuto/happymini_voice_offline/build/grasp_bag/build/lib/grasp_bag
copying grasp_bag/__init__.py -> /home/yuto/happymini_voice_offline/build/grasp_bag/build/lib/grasp_bag
copying grasp_bag/test_node.py -> /home/yuto/happymini_voice_offline/build/grasp_bag/build/lib/grasp_bag
copying grasp_bag/scan_data_sensing_node.py -> /home/yuto/happymini_voice_offline/build/grasp_bag/build/lib/grasp_bag
copying grasp_bag/bag_localization_node.py -> /home/yuto/happymini_voice_offline/build/grasp_bag/build/lib/grasp_bag
copying grasp_bag/grasp_bag_server.py -> /home/yuto/happymini_voice_offline/build/grasp_bag/build/lib/grasp_bag
running install
/home/yuto/.local/lib/python3.10/site-packages/setuptools/command/install.py:34: SetuptoolsDeprecationWarning: setup.py install is deprecated. Use build and pip and other standards-based tools.
  warnings.warn(
running install_lib
creating /home/yuto/happymini_voice_offline/install/grasp_bag/lib/python3.10/site-packages/grasp_bag
copying /home/yuto/happymini_voice_offline/build/grasp_bag/build/lib/grasp_bag/__init__.py -> /home/yuto/happymini_voice_offline/install/grasp_bag/lib/python3.10/site-packages/grasp_bag
copying /home/yuto/happymini_voice_offline/build/grasp_bag/build/lib/grasp_bag/test_node.py -> /home/yuto/happymini_voice_offline/install/grasp_bag/lib/python3.10/site-packages/grasp_bag
copying /home/yuto/happymini_voice_offline/build/grasp_bag/build/lib/grasp_bag/scan_data_sensing_node.py -> /home/yuto/happymini_voice_offline/install/grasp_bag/lib/python3.10/site-packages/grasp_bag
copying /home/yuto/happymini_voice_offline/build/grasp_bag/build/lib/grasp_bag/bag_localization_node.py -> /home/yuto/happymini_voice_offline/install/grasp_bag/lib/python3.10/site-packages/grasp_bag
copying /home/yuto/happymini_voice_offline/build/grasp_bag/build/lib/grasp_bag/grasp_bag_server.py -> /home/yuto/happymini_voice_offline/install/grasp_bag/lib/python3.10/site-packages/grasp_bag
byte-compiling /home/yuto/happymini_voice_offline/install/grasp_bag/lib/python3.10/site-packages/grasp_bag/__init__.py to __init__.cpython-310.pyc
byte-compiling /home/yuto/happymini_voice_offline/install/grasp_bag/lib/python3.10/site-packages/grasp_bag/test_node.py to test_node.cpython-310.pyc
byte-compiling /home/yuto/happymini_voice_offline/install/grasp_bag/lib/python3.10/site-packages/grasp_bag/scan_data_sensing_node.py to scan_data_sensing_node.cpython-310.pyc
byte-compiling /home/yuto/happymini_voice_offline/install/grasp_bag/lib/python3.10/site-packages/grasp_bag/bag_localization_node.py to bag_localization_node.cpython-310.pyc
byte-compiling /home/yuto/happymini_voice_offline/install/grasp_bag/lib/python3.10/site-packages/grasp_bag/grasp_bag_server.py to grasp_bag_server.cpython-310.pyc
running install_data
creating /home/yuto/happymini_voice_offline/install/grasp_bag/share/ament_index
creating /home/yuto/happymini_voice_offline/install/grasp_bag/share/ament_index/resource_index
creating /home/yuto/happymini_voice_offline/install/grasp_bag/share/ament_index/resource_index/packages
copying resource/grasp_bag -> /home/yuto/happymini_voice_offline/install/grasp_bag/share/ament_index/resource_index/packages
copying package.xml -> /home/yuto/happymini_voice_offline/install/grasp_bag/share/grasp_bag
running install_egg_info
Copying ../../../build/grasp_bag/grasp_bag.egg-info to /home/yuto/happymini_voice_offline/install/grasp_bag/lib/python3.10/site-packages/grasp_bag-0.0.0-py3.10.egg-info
running install_scripts
Installing bag_localization_node script to /home/yuto/happymini_voice_offline/install/grasp_bag/lib/grasp_bag
Installing grasp_bag_server script to /home/yuto/happymini_voice_offline/install/grasp_bag/lib/grasp_bag
Installing scan_data_sensing_node script to /home/yuto/happymini_voice_offline/install/grasp_bag/lib/grasp_bag
Installing test_node script to /home/yuto/happymini_voice_offline/install/grasp_bag/lib/grasp_bag
writing list of installed files to '/home/yuto/happymini_voice_offline/build/grasp_bag/install.log'
