[2.840s] Invoking command in '/home/yuto/happymini_voice_offline/src/happymini_ros2/grasp_bag': PYTHONPATH=/home/yuto/happymini_voice_offline/build/grasp_bag/prefix_override:/home/yuto/happymini_voice_offline/install/grasp_bag/lib/python3.10/site-packages:${PYTHONPATH} /usr/bin/python3 setup.py egg_info --egg-base ../../../build/grasp_bag build --build-base /home/yuto/happymini_voice_offline/build/grasp_bag/build install --record /home/yuto/happymini_voice_offline/build/grasp_bag/install.log --single-version-externally-managed
[3.138s] running egg_info
[3.138s] creating ../../../build/grasp_bag/grasp_bag.egg-info
[3.156s] writing ../../../build/grasp_bag/grasp_bag.egg-info/PKG-INFO
[3.156s] writing dependency_links to ../../../build/grasp_bag/grasp_bag.egg-info/dependency_links.txt
[3.157s] writing entry points to ../../../build/grasp_bag/grasp_bag.egg-info/entry_points.txt
[3.157s] writing requirements to ../../../build/grasp_bag/grasp_bag.egg-info/requires.txt
[3.157s] writing top-level names to ../../../build/grasp_bag/grasp_bag.egg-info/top_level.txt
[3.157s] writing manifest file '../../../build/grasp_bag/grasp_bag.egg-info/SOURCES.txt'
[3.199s] reading manifest file '../../../build/grasp_bag/grasp_bag.egg-info/SOURCES.txt'
[3.202s] writing manifest file '../../../build/grasp_bag/grasp_bag.egg-info/SOURCES.txt'
[3.202s] running build
[3.203s] running build_py
[3.203s] creating /home/yuto/happymini_voice_offline/build/grasp_bag/build
[3.203s] creating /home/yuto/happymini_voice_offline/build/grasp_bag/build/lib
[3.203s] creating /home/yuto/happymini_voice_offline/build/grasp_bag/build/lib/grasp_bag
[3.203s] copying grasp_bag/__init__.py -> /home/yuto/happymini_voice_offline/build/grasp_bag/build/lib/grasp_bag
[3.203s] copying grasp_bag/test_node.py -> /home/yuto/happymini_voice_offline/build/grasp_bag/build/lib/grasp_bag
[3.208s] copying grasp_bag/scan_data_sensing_node.py -> /home/yuto/happymini_voice_offline/build/grasp_bag/build/lib/grasp_bag
[3.210s] copying grasp_bag/bag_localization_node.py -> /home/yuto/happymini_voice_offline/build/grasp_bag/build/lib/grasp_bag
[3.210s] copying grasp_bag/grasp_bag_server.py -> /home/yuto/happymini_voice_offline/build/grasp_bag/build/lib/grasp_bag
[3.212s] running install
[3.212s] /home/yuto/.local/lib/python3.10/site-packages/setuptools/command/install.py:34: SetuptoolsDeprecationWarning: setup.py install is deprecated. Use build and pip and other standards-based tools.
[3.212s]   warnings.warn(
[3.222s] running install_lib
[3.247s] creating /home/yuto/happymini_voice_offline/install/grasp_bag/lib/python3.10/site-packages/grasp_bag
[3.248s] copying /home/yuto/happymini_voice_offline/build/grasp_bag/build/lib/grasp_bag/__init__.py -> /home/yuto/happymini_voice_offline/install/grasp_bag/lib/python3.10/site-packages/grasp_bag
[3.248s] copying /home/yuto/happymini_voice_offline/build/grasp_bag/build/lib/grasp_bag/test_node.py -> /home/yuto/happymini_voice_offline/install/grasp_bag/lib/python3.10/site-packages/grasp_bag
[3.248s] copying /home/yuto/happymini_voice_offline/build/grasp_bag/build/lib/grasp_bag/scan_data_sensing_node.py -> /home/yuto/happymini_voice_offline/install/grasp_bag/lib/python3.10/site-packages/grasp_bag
[3.248s] copying /home/yuto/happymini_voice_offline/build/grasp_bag/build/lib/grasp_bag/bag_localization_node.py -> /home/yuto/happymini_voice_offline/install/grasp_bag/lib/python3.10/site-packages/grasp_bag
[3.248s] copying /home/yuto/happymini_voice_offline/build/grasp_bag/build/lib/grasp_bag/grasp_bag_server.py -> /home/yuto/happymini_voice_offline/install/grasp_bag/lib/python3.10/site-packages/grasp_bag
[3.249s] byte-compiling /home/yuto/happymini_voice_offline/install/grasp_bag/lib/python3.10/site-packages/grasp_bag/__init__.py to __init__.cpython-310.pyc
[3.250s] byte-compiling /home/yuto/happymini_voice_offline/install/grasp_bag/lib/python3.10/site-packages/grasp_bag/test_node.py to test_node.cpython-310.pyc
[3.250s] byte-compiling /home/yuto/happymini_voice_offline/install/grasp_bag/lib/python3.10/site-packages/grasp_bag/scan_data_sensing_node.py to scan_data_sensing_node.cpython-310.pyc
[3.252s] byte-compiling /home/yuto/happymini_voice_offline/install/grasp_bag/lib/python3.10/site-packages/grasp_bag/bag_localization_node.py to bag_localization_node.cpython-310.pyc
[3.253s] byte-compiling /home/yuto/happymini_voice_offline/install/grasp_bag/lib/python3.10/site-packages/grasp_bag/grasp_bag_server.py to grasp_bag_server.cpython-310.pyc
[3.254s] running install_data
[3.279s] creating /home/yuto/happymini_voice_offline/install/grasp_bag/share/ament_index
[3.280s] creating /home/yuto/happymini_voice_offline/install/grasp_bag/share/ament_index/resource_index
[3.280s] creating /home/yuto/happymini_voice_offline/install/grasp_bag/share/ament_index/resource_index/packages
[3.280s] copying resource/grasp_bag -> /home/yuto/happymini_voice_offline/install/grasp_bag/share/ament_index/resource_index/packages
[3.280s] copying package.xml -> /home/yuto/happymini_voice_offline/install/grasp_bag/share/grasp_bag
[3.280s] running install_egg_info
[3.308s] Copying ../../../build/grasp_bag/grasp_bag.egg-info to /home/yuto/happymini_voice_offline/install/grasp_bag/lib/python3.10/site-packages/grasp_bag-0.0.0-py3.10.egg-info
[3.309s] running install_scripts
[3.569s] Installing bag_localization_node script to /home/yuto/happymini_voice_offline/install/grasp_bag/lib/grasp_bag
[3.569s] Installing grasp_bag_server script to /home/yuto/happymini_voice_offline/install/grasp_bag/lib/grasp_bag
[3.569s] Installing scan_data_sensing_node script to /home/yuto/happymini_voice_offline/install/grasp_bag/lib/grasp_bag
[3.570s] Installing test_node script to /home/yuto/happymini_voice_offline/install/grasp_bag/lib/grasp_bag
[3.570s] writing list of installed files to '/home/yuto/happymini_voice_offline/build/grasp_bag/install.log'
[3.700s] Invoked command in '/home/yuto/happymini_voice_offline/src/happymini_ros2/grasp_bag' returned '0': PYTHONPATH=/home/yuto/happymini_voice_offline/build/grasp_bag/prefix_override:/home/yuto/happymini_voice_offline/install/grasp_bag/lib/python3.10/site-packages:${PYTHONPATH} /usr/bin/python3 setup.py egg_info --egg-base ../../../build/grasp_bag build --build-base /home/yuto/happymini_voice_offline/build/grasp_bag/build install --record /home/yuto/happymini_voice_offline/build/grasp_bag/install.log --single-version-externally-managed
